TpTrace Verbose: 0 : 10424, 1, 2023/11/25, 15:15:33.766, 13756124388, datacollector.dll, Version: 17.3.0
TpTrace Information: 0 : 10424, 1, 2023/11/25, 15:15:33.773, 13756192220, datacollector.dll, DataCollectorMain.Run: Starting data collector run with args: --port,52174,--parentprocessid,12300,--diag,C:\Users\asb20\source\repos\test_lab2\test_lab2Tests\bin\Debug\net6.0\fine-code-coverage\coverage-tool-output\diagnostics.datacollector.23-11-25_15-15-33_58186_1.log,--tracelevel,4
TpTrace Information: 0 : 10424, 1, 2023/11/25, 15:15:33.773, 13756194596, datacollector.dll, DataCollector: Monitoring parent process with id: '12300'
TpTrace Information: 0 : 10424, 1, 2023/11/25, 15:15:33.778, 13756249713, datacollector.dll, Trying to connect to server on socket : 127.0.0.1:52174 
TpTrace Verbose: 0 : 10424, 1, 2023/11/25, 15:15:33.794, 13756408402, datacollector.dll, SocketCommunicationManager : SetupClientAsync : Attempting to connect to the server.
TpTrace Information: 0 : 10424, 8, 2023/11/25, 15:15:33.807, 13756538640, datacollector.dll, Connected to the server successfully 
TpTrace Information: 0 : 10424, 8, 2023/11/25, 15:15:33.807, 13756540088, datacollector.dll, Using the buffer size of 16384 bytes
TpTrace Information: 0 : 10424, 1, 2023/11/25, 15:15:33.944, 13757908436, datacollector.dll, DataCollector: Start Request Processing.
TpTrace Verbose: 0 : 10424, 1, 2023/11/25, 15:15:33.945, 13757913329, datacollector.dll, SocketCommunicationManager.WaitForServerConnection took: 0 ms, with 90000 ms timeout, and finished with True.
TpTrace Information: 0 : 10424, 1, 2023/11/25, 15:15:33.945, 13757920751, datacollector.dll, DataCollectionRequestHandler.ProcessRequests: Datacollector received message: (DataCollection.BeforeTestRunStart) -> {"MessageType":"DataCollection.BeforeTestRunStart","Payload":{"SettingsXml":"<RunSettings><RunConfiguration><ResultsDirectory>C:\\Users\\asb20\\source\\repos\\test_lab2\\test_lab2Tests\\bin\\Debug\\net6.0\\fine-code-coverage\\coverage-tool-output</ResultsDirectory><TargetPlatform>X64</TargetPlatform><TargetFrameworkVersion>.NETCoreApp,Version=v6.0</TargetFrameworkVersion><DesignMode>False</DesignMode><CollectSourceInformation>False</CollectSourceInformation><TestAdaptersPaths>C:\\Program Files\\dotnet\\sdk\\6.0.401\\Extensions</TestAdaptersPaths></RunConfiguration><LoggerRunSettings><Loggers><Logger friendlyName=\"blame\" enabled=\"True\" /><Logger friendlyName=\"Console\" uri=\"logger://microsoft/TestPlatform/ConsoleLogger/v1\" assemblyQualifiedName=\"Microsoft.VisualStudio.TestPlatform.CommandLine.Internal.ConsoleLogger, vstest.console, Version=15.0.0.0, Culture=neutral, PublicKeyToken=b03f5f7f11d50a3a\" codeBase=\"C:\\Program Files\\dotnet\\sdk\\6.0.401\\vstest.console.dll\" enabled=\"True\" /></Loggers></LoggerRunSettings><DataCollectionRunSettings><DataCollectors><DataCollector friendlyName=\"blame\" enabled=\"True\"><Configuration><ResultsDirectory>C:\\Users\\asb20\\source\\repos\\test_lab2\\test_lab2Tests\\bin\\Debug\\net6.0\\fine-code-coverage\\coverage-tool-output</ResultsDirectory></Configuration></DataCollector></DataCollectors></DataCollectionRunSettings></RunSettings>","Sources":["C:\\Users\\asb20\\source\\repos\\test_lab2\\test_lab2Tests\\bin\\Debug\\net6.0\\fine-code-coverage\\build-output\\test_lab2Tests.dll"],"IsTelemetryOptedIn":false}}
TpTrace Verbose: 0 : 10424, 1, 2023/11/25, 15:15:34.012, 13758585315, datacollector.dll, TestPluginCache: Update extensions started. Skip filter = False
TpTrace Verbose: 0 : 10424, 1, 2023/11/25, 15:15:34.013, 13758594469, datacollector.dll, TestPluginCache: Using directories for assembly resolution 'C:\Program Files\dotnet\sdk\6.0.401\Extensions'.
TpTrace Verbose: 0 : 10424, 1, 2023/11/25, 15:15:34.013, 13758595344, datacollector.dll, TestPluginCache: Updated the available extensions to 'C:\Program Files\dotnet\sdk\6.0.401\Extensions\Microsoft.TestPlatform.Extensions.BlameDataCollector.dll,C:\Program Files\dotnet\sdk\6.0.401\Extensions\Microsoft.TestPlatform.Extensions.EventLogCollector.dll'.
TpTrace Verbose: 0 : 10424, 1, 2023/11/25, 15:15:34.020, 13758669088, datacollector.dll, TestPluginCache.DiscoverTestExtensions: finding test extensions in assemblies ends with: Collector.dll TPluginInfo: Microsoft.VisualStudio.TestPlatform.Common.DataCollector.DataCollectorConfig TExtension: Microsoft.VisualStudio.TestPlatform.ObjectModel.DataCollection.DataCollector
TpTrace Verbose: 0 : 10424, 1, 2023/11/25, 15:15:34.021, 13758673108, datacollector.dll, TestPluginCache.GetExtensionPaths: Filtered extension paths: C:\Program Files\dotnet\sdk\6.0.401\Extensions\Microsoft.TestPlatform.Extensions.BlameDataCollector.dll
C:\Program Files\dotnet\sdk\6.0.401\Extensions\Microsoft.TestPlatform.Extensions.EventLogCollector.dll
TpTrace Verbose: 0 : 10424, 1, 2023/11/25, 15:15:34.021, 13758673920, datacollector.dll, TestPluginCache.GetExtensionPaths: Added default extension paths: 
TpTrace Verbose: 0 : 10424, 1, 2023/11/25, 15:15:34.021, 13758674238, datacollector.dll, TestPluginCache.GetExtensionPaths: Added unfilterableExtensionPaths: 
TpTrace Information: 0 : 10424, 1, 2023/11/25, 15:15:34.021, 13758681129, datacollector.dll, AssemblyResolver.ctor: Creating AssemblyResolver with searchDirectories C:\Program Files\dotnet\sdk\6.0.401\Extensions,C:\Program Files\dotnet\sdk\6.0.401
TpTrace Verbose: 0 : 10424, 1, 2023/11/25, 15:15:34.023, 13758698164, datacollector.dll, TestPluginCache.DiscoverTestExtensions: Discovering the extensions using extension path.
TpTrace Verbose: 0 : 10424, 1, 2023/11/25, 15:15:34.023, 13758701438, datacollector.dll, TestPluginCache.GetExtensionPaths: Filtered extension paths: C:\Program Files\dotnet\sdk\6.0.401\Extensions\Microsoft.TestPlatform.Extensions.BlameDataCollector.dll
C:\Program Files\dotnet\sdk\6.0.401\Extensions\Microsoft.TestPlatform.Extensions.EventLogCollector.dll
TpTrace Verbose: 0 : 10424, 1, 2023/11/25, 15:15:34.024, 13758702269, datacollector.dll, TestPluginCache.GetExtensionPaths: Added default extension paths: 
TpTrace Verbose: 0 : 10424, 1, 2023/11/25, 15:15:34.024, 13758702616, datacollector.dll, TestPluginCache.GetExtensionPaths: Added unfilterableExtensionPaths: 
TpTrace Verbose: 0 : 10424, 1, 2023/11/25, 15:15:34.024, 13758703471, datacollector.dll, TestPluginCache.DiscoverTestExtensions: Discovering the extensions using allExtensionPaths: C:\Program Files\dotnet\sdk\6.0.401\Extensions\Microsoft.TestPlatform.Extensions.BlameDataCollector.dll
C:\Program Files\dotnet\sdk\6.0.401\Extensions\Microsoft.TestPlatform.Extensions.EventLogCollector.dll
TpTrace Information: 0 : 10424, 1, 2023/11/25, 15:15:34.024, 13758704908, datacollector.dll, AssemblyResolver.AddSearchDirectories: Adding more searchDirectories C:\Program Files\dotnet\sdk\6.0.401\Extensions,C:\Program Files\dotnet\sdk\6.0.401
TpTrace Information: 0 : 10424, 1, 2023/11/25, 15:15:34.024, 13758705706, datacollector.dll, AssemblyResolver.AddSearchDirectories: Adding more searchDirectories C:\Program Files\dotnet\sdk\6.0.401\Extensions,C:\Program Files\dotnet\sdk\6.0.401
TpTrace Information: 0 : 10424, 1, 2023/11/25, 15:15:34.024, 13758710522, datacollector.dll, AssemblyResolver.OnResolve: Microsoft.TestPlatform.Extensions.BlameDataCollector: Resolving assembly.
TpTrace Information: 0 : 10424, 1, 2023/11/25, 15:15:34.024, 13758711661, datacollector.dll, AssemblyResolver.OnResolve: Microsoft.TestPlatform.Extensions.BlameDataCollector: Searching in: 'C:\Program Files\dotnet\sdk\6.0.401\Extensions'.
TpTrace Information: 0 : 10424, 1, 2023/11/25, 15:15:34.025, 13758716643, datacollector.dll, AssemblyResolver.OnResolve: Microsoft.TestPlatform.Extensions.BlameDataCollector: Loading assembly 'C:\Program Files\dotnet\sdk\6.0.401\Extensions\Microsoft.TestPlatform.Extensions.BlameDataCollector.dll'.
TpTrace Information: 0 : 10424, 1, 2023/11/25, 15:15:34.025, 13758721317, datacollector.dll, AssemblyResolver.OnResolve: Resolved assembly: Microsoft.TestPlatform.Extensions.BlameDataCollector, from path: C:\Program Files\dotnet\sdk\6.0.401\Extensions\Microsoft.TestPlatform.Extensions.BlameDataCollector.dll
TpTrace Verbose: 0 : 10424, 1, 2023/11/25, 15:15:34.031, 13758775003, datacollector.dll, MetadataReaderExtensionsHelper: Discovering extensions inside assembly 'Microsoft.TestPlatform.Extensions.BlameDataCollector, Version=15.0.0.0, Culture=neutral, PublicKeyToken=b03f5f7f11d50a3a' file path 'C:\Program Files\dotnet\sdk\6.0.401\Extensions\Microsoft.TestPlatform.Extensions.BlameDataCollector.dll'
TpTrace Error: 0 : 10424, 1, 2023/11/25, 15:15:34.042, 13758885085, datacollector.dll, The type "Microsoft.TestPlatform.Extensions.BlameDataCollector.BlameCollector" defined in "Microsoft.TestPlatform.Extensions.BlameDataCollector.dll" does not have ExtensionUri attribute.
TpTrace Information: 0 : 10424, 1, 2023/11/25, 15:15:34.043, 13758897287, datacollector.dll, GetTestExtensionFromType: Register extension with identifier data 'datacollector://microsoft/TestPlatform/Extensions/Blame/v1' and type 'Microsoft.TestPlatform.Extensions.BlameDataCollector.BlameCollector, Microsoft.TestPlatform.Extensions.BlameDataCollector, Version=15.0.0.0, Culture=neutral, PublicKeyToken=b03f5f7f11d50a3a' inside file 'C:\Program Files\dotnet\sdk\6.0.401\Extensions\Microsoft.TestPlatform.Extensions.BlameDataCollector.dll'
TpTrace Information: 0 : 10424, 1, 2023/11/25, 15:15:34.043, 13758899279, datacollector.dll, AssemblyResolver.OnResolve: Microsoft.TestPlatform.Extensions.EventLogCollector: Resolving assembly.
TpTrace Information: 0 : 10424, 1, 2023/11/25, 15:15:34.043, 13758899683, datacollector.dll, AssemblyResolver.OnResolve: Microsoft.TestPlatform.Extensions.EventLogCollector: Searching in: 'C:\Program Files\dotnet\sdk\6.0.401\Extensions'.
TpTrace Information: 0 : 10424, 1, 2023/11/25, 15:15:34.044, 13758902743, datacollector.dll, AssemblyResolver.OnResolve: Microsoft.TestPlatform.Extensions.EventLogCollector: Loading assembly 'C:\Program Files\dotnet\sdk\6.0.401\Extensions\Microsoft.TestPlatform.Extensions.EventLogCollector.dll'.
TpTrace Information: 0 : 10424, 1, 2023/11/25, 15:15:34.044, 13758906791, datacollector.dll, AssemblyResolver.OnResolve: Resolved assembly: Microsoft.TestPlatform.Extensions.EventLogCollector, from path: C:\Program Files\dotnet\sdk\6.0.401\Extensions\Microsoft.TestPlatform.Extensions.EventLogCollector.dll
TpTrace Verbose: 0 : 10424, 1, 2023/11/25, 15:15:34.044, 13758907819, datacollector.dll, MetadataReaderExtensionsHelper: Discovering extensions inside assembly 'Microsoft.TestPlatform.Extensions.EventLogCollector, Version=15.0.0.0, Culture=neutral, PublicKeyToken=b03f5f7f11d50a3a' file path 'C:\Program Files\dotnet\sdk\6.0.401\Extensions\Microsoft.TestPlatform.Extensions.EventLogCollector.dll'
TpTrace Error: 0 : 10424, 1, 2023/11/25, 15:15:34.046, 13758926623, datacollector.dll, The type "Microsoft.TestPlatform.Extensions.EventLogCollector.EventLogDataCollector" defined in "Microsoft.TestPlatform.Extensions.EventLogCollector.dll" does not have ExtensionUri attribute.
TpTrace Information: 0 : 10424, 1, 2023/11/25, 15:15:34.046, 13758928753, datacollector.dll, GetTestExtensionFromType: Register extension with identifier data 'datacollector://microsoft/EventLog/2.0' and type 'Microsoft.TestPlatform.Extensions.EventLogCollector.EventLogDataCollector, Microsoft.TestPlatform.Extensions.EventLogCollector, Version=15.0.0.0, Culture=neutral, PublicKeyToken=b03f5f7f11d50a3a' inside file 'C:\Program Files\dotnet\sdk\6.0.401\Extensions\Microsoft.TestPlatform.Extensions.EventLogCollector.dll'
TpTrace Verbose: 0 : 10424, 1, 2023/11/25, 15:15:34.046, 13758931192, datacollector.dll, TestPluginCache: Discovered the extensions using extension path 'C:\Program Files\dotnet\sdk\6.0.401\Extensions\Microsoft.TestPlatform.Extensions.BlameDataCollector.dll,C:\Program Files\dotnet\sdk\6.0.401\Extensions\Microsoft.TestPlatform.Extensions.EventLogCollector.dll'.
TpTrace Verbose: 0 : 10424, 1, 2023/11/25, 15:15:34.047, 13758931851, datacollector.dll, TestPluginCache: Discoverers are ''.
TpTrace Verbose: 0 : 10424, 1, 2023/11/25, 15:15:34.047, 13758932134, datacollector.dll, TestPluginCache: Executors are ''.
TpTrace Verbose: 0 : 10424, 1, 2023/11/25, 15:15:34.047, 13758932377, datacollector.dll, TestPluginCache: Executors2 are ''.
TpTrace Verbose: 0 : 10424, 1, 2023/11/25, 15:15:34.047, 13758932671, datacollector.dll, TestPluginCache: Setting providers are ''.
TpTrace Verbose: 0 : 10424, 1, 2023/11/25, 15:15:34.047, 13758932938, datacollector.dll, TestPluginCache: Loggers are ''.
TpTrace Verbose: 0 : 10424, 1, 2023/11/25, 15:15:34.047, 13758933180, datacollector.dll, TestPluginCache: TestHosts are ''.
TpTrace Verbose: 0 : 10424, 1, 2023/11/25, 15:15:34.047, 13758935331, datacollector.dll, TestPluginCache: DataCollectors are 'datacollector://microsoft/TestPlatform/Extensions/Blame/v1,datacollector://microsoft/EventLog/2.0'.
TpTrace Information: 0 : 10424, 1, 2023/11/25, 15:15:34.048, 13758948322, datacollector.dll, TestPluginManager.CreateTestExtension: Attempting to load test extension: Microsoft.TestPlatform.Extensions.BlameDataCollector.BlameCollector
TpTrace Verbose: 0 : 10424, 1, 2023/11/25, 15:15:34.053, 13758995650, datacollector.dll, MulticastDelegateUtilities.SafeInvoke: DataCollectionEvents.SessionStart: Invoking callbacks was skipped because there are no subscribers.
TpTrace Information: 0 : 10424, 1, 2023/11/25, 15:15:34.054, 13759008320, datacollector.dll, Listening on Endpoint : 127.0.0.1:52176
TpTrace Information: 0 : 10424, 1, 2023/11/25, 15:15:34.063, 13759095477, datacollector.dll, DataCollectionRequestHandler.ProcessRequests : DataCollection started.
TpTrace Information: 0 : 10424, 1, 2023/11/25, 15:15:34.085, 13759319865, datacollector.dll, DataCollectionRequestHandler.ProcessRequests: Datacollector received message: (DataCollection.TestHostLaunched) -> {"MessageType":"DataCollection.TestHostLaunched","Payload":{"ProcessId":6792}}
TpTrace Verbose: 0 : 10424, 1, 2023/11/25, 15:15:34.087, 13759339391, datacollector.dll, MulticastDelegateUtilities.SafeInvoke: DataCollectionEvents.TestHostLaunched: Invoking callback 1/1 for Microsoft.TestPlatform.Extensions.BlameDataCollector.BlameCollector.TestHostLaunchedHandler, took 0 ms.
TpTrace Information: 0 : 10424, 5, 2023/11/25, 15:15:34.299, 13761457503, datacollector.dll, Using the buffer size of 16384 bytes
TpTrace Information: 0 : 10424, 5, 2023/11/25, 15:15:34.299, 13761459016, datacollector.dll, Accepted Client request and set the flag
TpTrace Verbose: 0 : 10424, 8, 2023/11/25, 15:15:34.299, 13761457760, datacollector.dll, SocketCommunicationManager.WaitForClientConnection took: 240 ms, with 90000 ms timeout, and finished with True.
TpTrace Information: 0 : 10424, 8, 2023/11/25, 15:15:35.134, 13769806225, datacollector.dll, DataCollectionTestCaseEventHandler: Test case starting.
TpTrace Information: 0 : 10424, 8, 2023/11/25, 15:15:35.152, 13769986210, datacollector.dll, BlameCollector.EventsTestCaseStart: Test Case Start
TpTrace Verbose: 0 : 10424, 8, 2023/11/25, 15:15:35.152, 13769988963, datacollector.dll, MulticastDelegateUtilities.SafeInvoke: DataCollectionEvents.TestCaseStart: Invoking callback 1/1 for Microsoft.TestPlatform.Extensions.BlameDataCollector.BlameCollector.EventsTestCaseStart, took 0 ms.
TpTrace Information: 0 : 10424, 8, 2023/11/25, 15:15:35.152, 13769991248, datacollector.dll, DataCollectionTestCaseEventHandler: Test case 'CalculateTriangleTypeAndCoordinates_AllSidesGreaterThan100_ShouldReturnInvalidTypeAndCoordinates - 78b212c2-e7e2-700d-4a69-61c40ee6513a' started.
TpTrace Information: 0 : 10424, 8, 2023/11/25, 15:15:35.196, 13770431123, datacollector.dll, DataCollectionTestCaseEventHandler: Test case completing.
TpTrace Information: 0 : 10424, 8, 2023/11/25, 15:15:35.202, 13770484502, datacollector.dll, BlameCollector.EventsTestCaseEnd: Test Case End
TpTrace Verbose: 0 : 10424, 8, 2023/11/25, 15:15:35.202, 13770489706, datacollector.dll, MulticastDelegateUtilities.SafeInvoke: DataCollectionEvents.TestCaseEnd: Invoking callback 1/1 for Microsoft.TestPlatform.Extensions.BlameDataCollector.BlameCollector.EventsTestCaseEnd, took 0 ms.
TpTrace Information: 0 : 10424, 8, 2023/11/25, 15:15:35.207, 13770532010, datacollector.dll, DataCollectionTestCaseEventHandler: Test case 'CalculateTriangleTypeAndCoordinates_AllSidesGreaterThan100_ShouldReturnInvalidTypeAndCoordinates - 78b212c2-e7e2-700d-4a69-61c40ee6513a' completed
TpTrace Information: 0 : 10424, 8, 2023/11/25, 15:15:35.218, 13770647678, datacollector.dll, DataCollectionTestCaseEventHandler: Test case starting.
TpTrace Information: 0 : 10424, 8, 2023/11/25, 15:15:35.219, 13770657290, datacollector.dll, BlameCollector.EventsTestCaseStart: Test Case Start
TpTrace Verbose: 0 : 10424, 8, 2023/11/25, 15:15:35.219, 13770659193, datacollector.dll, MulticastDelegateUtilities.SafeInvoke: DataCollectionEvents.TestCaseStart: Invoking callback 1/1 for Microsoft.TestPlatform.Extensions.BlameDataCollector.BlameCollector.EventsTestCaseStart, took 0 ms.
TpTrace Information: 0 : 10424, 8, 2023/11/25, 15:15:35.219, 13770661460, datacollector.dll, DataCollectionTestCaseEventHandler: Test case 'CalculateTriangleTypeAndCoordinates_EquilateralTriangle_ShouldReturnCorrectTypeAndCoordinates - 6436cc23-1fc1-00af-eb92-8f454e8e548d' started.
TpTrace Information: 0 : 10424, 8, 2023/11/25, 15:15:35.221, 13770673478, datacollector.dll, DataCollectionTestCaseEventHandler: Test case completing.
TpTrace Information: 0 : 10424, 8, 2023/11/25, 15:15:35.222, 13770682717, datacollector.dll, BlameCollector.EventsTestCaseEnd: Test Case End
TpTrace Verbose: 0 : 10424, 8, 2023/11/25, 15:15:35.222, 13770684004, datacollector.dll, MulticastDelegateUtilities.SafeInvoke: DataCollectionEvents.TestCaseEnd: Invoking callback 1/1 for Microsoft.TestPlatform.Extensions.BlameDataCollector.BlameCollector.EventsTestCaseEnd, took 0 ms.
TpTrace Information: 0 : 10424, 8, 2023/11/25, 15:15:35.222, 13770686320, datacollector.dll, DataCollectionTestCaseEventHandler: Test case 'CalculateTriangleTypeAndCoordinates_EquilateralTriangle_ShouldReturnCorrectTypeAndCoordinates - 6436cc23-1fc1-00af-eb92-8f454e8e548d' completed
TpTrace Information: 0 : 10424, 8, 2023/11/25, 15:15:35.223, 13770697848, datacollector.dll, DataCollectionTestCaseEventHandler: Test case starting.
TpTrace Information: 0 : 10424, 8, 2023/11/25, 15:15:35.224, 13770706464, datacollector.dll, BlameCollector.EventsTestCaseStart: Test Case Start
TpTrace Verbose: 0 : 10424, 8, 2023/11/25, 15:15:35.224, 13770708062, datacollector.dll, MulticastDelegateUtilities.SafeInvoke: DataCollectionEvents.TestCaseStart: Invoking callback 1/1 for Microsoft.TestPlatform.Extensions.BlameDataCollector.BlameCollector.EventsTestCaseStart, took 0 ms.
TpTrace Information: 0 : 10424, 8, 2023/11/25, 15:15:35.224, 13770710114, datacollector.dll, DataCollectionTestCaseEventHandler: Test case 'CalculateTriangleTypeAndCoordinates_InvalidInput_ShouldReturnInvalidTypeAndCoordinates - f08c4317-9556-bb87-6106-86ec879f0eba' started.
TpTrace Information: 0 : 10424, 8, 2023/11/25, 15:15:35.225, 13770720074, datacollector.dll, DataCollectionTestCaseEventHandler: Test case completing.
TpTrace Information: 0 : 10424, 8, 2023/11/25, 15:15:35.226, 13770726862, datacollector.dll, BlameCollector.EventsTestCaseEnd: Test Case End
TpTrace Verbose: 0 : 10424, 8, 2023/11/25, 15:15:35.226, 13770727865, datacollector.dll, MulticastDelegateUtilities.SafeInvoke: DataCollectionEvents.TestCaseEnd: Invoking callback 1/1 for Microsoft.TestPlatform.Extensions.BlameDataCollector.BlameCollector.EventsTestCaseEnd, took 0 ms.
TpTrace Information: 0 : 10424, 8, 2023/11/25, 15:15:35.226, 13770729576, datacollector.dll, DataCollectionTestCaseEventHandler: Test case 'CalculateTriangleTypeAndCoordinates_InvalidInput_ShouldReturnInvalidTypeAndCoordinates - f08c4317-9556-bb87-6106-86ec879f0eba' completed
TpTrace Information: 0 : 10424, 8, 2023/11/25, 15:15:35.227, 13770740410, datacollector.dll, DataCollectionTestCaseEventHandler: Test case starting.
TpTrace Information: 0 : 10424, 8, 2023/11/25, 15:15:35.228, 13770749361, datacollector.dll, BlameCollector.EventsTestCaseStart: Test Case Start
TpTrace Verbose: 0 : 10424, 8, 2023/11/25, 15:15:35.228, 13770750954, datacollector.dll, MulticastDelegateUtilities.SafeInvoke: DataCollectionEvents.TestCaseStart: Invoking callback 1/1 for Microsoft.TestPlatform.Extensions.BlameDataCollector.BlameCollector.EventsTestCaseStart, took 0 ms.
TpTrace Information: 0 : 10424, 8, 2023/11/25, 15:15:35.229, 13770753458, datacollector.dll, DataCollectionTestCaseEventHandler: Test case 'CalculateTriangleTypeAndCoordinates_InvalidInput_ShouldReturnInvalidTypeAndCoordinates1 - 67642f1f-bace-d07a-22e6-2fafc4857a7e' started.
TpTrace Information: 0 : 10424, 8, 2023/11/25, 15:15:35.230, 13770764973, datacollector.dll, DataCollectionTestCaseEventHandler: Test case completing.
TpTrace Information: 0 : 10424, 8, 2023/11/25, 15:15:35.231, 13770773696, datacollector.dll, BlameCollector.EventsTestCaseEnd: Test Case End
TpTrace Verbose: 0 : 10424, 8, 2023/11/25, 15:15:35.231, 13770774966, datacollector.dll, MulticastDelegateUtilities.SafeInvoke: DataCollectionEvents.TestCaseEnd: Invoking callback 1/1 for Microsoft.TestPlatform.Extensions.BlameDataCollector.BlameCollector.EventsTestCaseEnd, took 0 ms.
TpTrace Information: 0 : 10424, 8, 2023/11/25, 15:15:35.231, 13770777249, datacollector.dll, DataCollectionTestCaseEventHandler: Test case 'CalculateTriangleTypeAndCoordinates_InvalidInput_ShouldReturnInvalidTypeAndCoordinates1 - 67642f1f-bace-d07a-22e6-2fafc4857a7e' completed
TpTrace Information: 0 : 10424, 8, 2023/11/25, 15:15:35.232, 13770786346, datacollector.dll, DataCollectionTestCaseEventHandler: Test case starting.
TpTrace Information: 0 : 10424, 8, 2023/11/25, 15:15:35.233, 13770796505, datacollector.dll, BlameCollector.EventsTestCaseStart: Test Case Start
TpTrace Verbose: 0 : 10424, 8, 2023/11/25, 15:15:35.233, 13770798396, datacollector.dll, MulticastDelegateUtilities.SafeInvoke: DataCollectionEvents.TestCaseStart: Invoking callback 1/1 for Microsoft.TestPlatform.Extensions.BlameDataCollector.BlameCollector.EventsTestCaseStart, took 0 ms.
TpTrace Information: 0 : 10424, 8, 2023/11/25, 15:15:35.233, 13770800665, datacollector.dll, DataCollectionTestCaseEventHandler: Test case 'CalculateTriangleTypeAndCoordinates_InvalidInput_ShouldReturnInvalidTypeAndCoordinates2 - f3355b87-3bf4-bd31-59a6-cde796865b4f' started.
TpTrace Information: 0 : 10424, 8, 2023/11/25, 15:15:35.235, 13770811991, datacollector.dll, DataCollectionTestCaseEventHandler: Test case completing.
TpTrace Information: 0 : 10424, 8, 2023/11/25, 15:15:35.235, 13770820537, datacollector.dll, BlameCollector.EventsTestCaseEnd: Test Case End
TpTrace Verbose: 0 : 10424, 8, 2023/11/25, 15:15:35.236, 13770822355, datacollector.dll, MulticastDelegateUtilities.SafeInvoke: DataCollectionEvents.TestCaseEnd: Invoking callback 1/1 for Microsoft.TestPlatform.Extensions.BlameDataCollector.BlameCollector.EventsTestCaseEnd, took 0 ms.
TpTrace Information: 0 : 10424, 8, 2023/11/25, 15:15:35.236, 13770824414, datacollector.dll, DataCollectionTestCaseEventHandler: Test case 'CalculateTriangleTypeAndCoordinates_InvalidInput_ShouldReturnInvalidTypeAndCoordinates2 - f3355b87-3bf4-bd31-59a6-cde796865b4f' completed
TpTrace Information: 0 : 10424, 8, 2023/11/25, 15:15:35.237, 13770835850, datacollector.dll, DataCollectionTestCaseEventHandler: Test case starting.
TpTrace Information: 0 : 10424, 8, 2023/11/25, 15:15:35.238, 13770844808, datacollector.dll, BlameCollector.EventsTestCaseStart: Test Case Start
TpTrace Verbose: 0 : 10424, 8, 2023/11/25, 15:15:35.238, 13770845910, datacollector.dll, MulticastDelegateUtilities.SafeInvoke: DataCollectionEvents.TestCaseStart: Invoking callback 1/1 for Microsoft.TestPlatform.Extensions.BlameDataCollector.BlameCollector.EventsTestCaseStart, took 0 ms.
TpTrace Information: 0 : 10424, 8, 2023/11/25, 15:15:35.238, 13770847539, datacollector.dll, DataCollectionTestCaseEventHandler: Test case 'CalculateTriangleTypeAndCoordinates_NegativeSideLengths_ShouldReturnNotATriangle - 137029b0-495f-8d4f-3ea6-5a93e9503cf0' started.
TpTrace Information: 0 : 10424, 8, 2023/11/25, 15:15:35.239, 13770859104, datacollector.dll, DataCollectionTestCaseEventHandler: Test case completing.
TpTrace Information: 0 : 10424, 8, 2023/11/25, 15:15:35.240, 13770866960, datacollector.dll, BlameCollector.EventsTestCaseEnd: Test Case End
TpTrace Verbose: 0 : 10424, 8, 2023/11/25, 15:15:35.240, 13770867933, datacollector.dll, MulticastDelegateUtilities.SafeInvoke: DataCollectionEvents.TestCaseEnd: Invoking callback 1/1 for Microsoft.TestPlatform.Extensions.BlameDataCollector.BlameCollector.EventsTestCaseEnd, took 0 ms.
TpTrace Information: 0 : 10424, 8, 2023/11/25, 15:15:35.240, 13770869836, datacollector.dll, DataCollectionTestCaseEventHandler: Test case 'CalculateTriangleTypeAndCoordinates_NegativeSideLengths_ShouldReturnNotATriangle - 137029b0-495f-8d4f-3ea6-5a93e9503cf0' completed
TpTrace Information: 0 : 10424, 8, 2023/11/25, 15:15:35.242, 13770881673, datacollector.dll, DataCollectionTestCaseEventHandler: Test case starting.
TpTrace Information: 0 : 10424, 8, 2023/11/25, 15:15:35.243, 13770892136, datacollector.dll, BlameCollector.EventsTestCaseStart: Test Case Start
TpTrace Verbose: 0 : 10424, 8, 2023/11/25, 15:15:35.243, 13770893492, datacollector.dll, MulticastDelegateUtilities.SafeInvoke: DataCollectionEvents.TestCaseStart: Invoking callback 1/1 for Microsoft.TestPlatform.Extensions.BlameDataCollector.BlameCollector.EventsTestCaseStart, took 0 ms.
TpTrace Information: 0 : 10424, 8, 2023/11/25, 15:15:35.243, 13770895066, datacollector.dll, DataCollectionTestCaseEventHandler: Test case 'CalculateTriangleTypeAndCoordinates_NegativeSideLengths_ShouldReturnNotATriangle1 - b4f1a131-62d8-a585-a41c-b311e732bda1' started.
TpTrace Information: 0 : 10424, 8, 2023/11/25, 15:15:35.244, 13770905635, datacollector.dll, DataCollectionTestCaseEventHandler: Test case completing.
TpTrace Information: 0 : 10424, 8, 2023/11/25, 15:15:35.245, 13770916973, datacollector.dll, BlameCollector.EventsTestCaseEnd: Test Case End
TpTrace Verbose: 0 : 10424, 8, 2023/11/25, 15:15:35.245, 13770918241, datacollector.dll, MulticastDelegateUtilities.SafeInvoke: DataCollectionEvents.TestCaseEnd: Invoking callback 1/1 for Microsoft.TestPlatform.Extensions.BlameDataCollector.BlameCollector.EventsTestCaseEnd, took 0 ms.
TpTrace Information: 0 : 10424, 8, 2023/11/25, 15:15:35.245, 13770920421, datacollector.dll, DataCollectionTestCaseEventHandler: Test case 'CalculateTriangleTypeAndCoordinates_NegativeSideLengths_ShouldReturnNotATriangle1 - b4f1a131-62d8-a585-a41c-b311e732bda1' completed
TpTrace Information: 0 : 10424, 8, 2023/11/25, 15:15:35.246, 13770929162, datacollector.dll, DataCollectionTestCaseEventHandler: Test case starting.
TpTrace Information: 0 : 10424, 8, 2023/11/25, 15:15:35.247, 13770937763, datacollector.dll, BlameCollector.EventsTestCaseStart: Test Case Start
TpTrace Verbose: 0 : 10424, 8, 2023/11/25, 15:15:35.247, 13770939172, datacollector.dll, MulticastDelegateUtilities.SafeInvoke: DataCollectionEvents.TestCaseStart: Invoking callback 1/1 for Microsoft.TestPlatform.Extensions.BlameDataCollector.BlameCollector.EventsTestCaseStart, took 0 ms.
TpTrace Information: 0 : 10424, 8, 2023/11/25, 15:15:35.247, 13770941056, datacollector.dll, DataCollectionTestCaseEventHandler: Test case 'CalculateTriangleTypeAndCoordinates_NegativeSideLengths_ShouldReturnNotATriangle2 - f9cd76bc-dfff-422b-3153-3d9c382c1251' started.
TpTrace Information: 0 : 10424, 8, 2023/11/25, 15:15:35.248, 13770949535, datacollector.dll, DataCollectionTestCaseEventHandler: Test case completing.
TpTrace Information: 0 : 10424, 8, 2023/11/25, 15:15:35.249, 13770959626, datacollector.dll, BlameCollector.EventsTestCaseEnd: Test Case End
TpTrace Verbose: 0 : 10424, 8, 2023/11/25, 15:15:35.249, 13770961408, datacollector.dll, MulticastDelegateUtilities.SafeInvoke: DataCollectionEvents.TestCaseEnd: Invoking callback 1/1 for Microsoft.TestPlatform.Extensions.BlameDataCollector.BlameCollector.EventsTestCaseEnd, took 0 ms.
TpTrace Information: 0 : 10424, 8, 2023/11/25, 15:15:35.250, 13770963867, datacollector.dll, DataCollectionTestCaseEventHandler: Test case 'CalculateTriangleTypeAndCoordinates_NegativeSideLengths_ShouldReturnNotATriangle2 - f9cd76bc-dfff-422b-3153-3d9c382c1251' completed
TpTrace Information: 0 : 10424, 8, 2023/11/25, 15:15:35.251, 13770975170, datacollector.dll, DataCollectionTestCaseEventHandler: Test case starting.
TpTrace Information: 0 : 10424, 8, 2023/11/25, 15:15:35.252, 13770984508, datacollector.dll, BlameCollector.EventsTestCaseStart: Test Case Start
TpTrace Verbose: 0 : 10424, 8, 2023/11/25, 15:15:35.252, 13770986049, datacollector.dll, MulticastDelegateUtilities.SafeInvoke: DataCollectionEvents.TestCaseStart: Invoking callback 1/1 for Microsoft.TestPlatform.Extensions.BlameDataCollector.BlameCollector.EventsTestCaseStart, took 0 ms.
TpTrace Information: 0 : 10424, 8, 2023/11/25, 15:15:35.252, 13770988018, datacollector.dll, DataCollectionTestCaseEventHandler: Test case 'CalculateTriangleTypeAndCoordinates_NotATriangle_ShouldReturnCorrectTypeAndCoordinates("1","2","3") - 6638e562-d938-73bf-c2c4-cdcb83afd0d7' started.
TpTrace Information: 0 : 10424, 8, 2023/11/25, 15:15:35.253, 13770994871, datacollector.dll, DataCollectionTestCaseEventHandler: Test case completing.
TpTrace Information: 0 : 10424, 8, 2023/11/25, 15:15:35.254, 13771003953, datacollector.dll, BlameCollector.EventsTestCaseEnd: Test Case End
TpTrace Verbose: 0 : 10424, 8, 2023/11/25, 15:15:35.254, 13771005390, datacollector.dll, MulticastDelegateUtilities.SafeInvoke: DataCollectionEvents.TestCaseEnd: Invoking callback 1/1 for Microsoft.TestPlatform.Extensions.BlameDataCollector.BlameCollector.EventsTestCaseEnd, took 0 ms.
TpTrace Information: 0 : 10424, 8, 2023/11/25, 15:15:35.254, 13771007408, datacollector.dll, DataCollectionTestCaseEventHandler: Test case 'CalculateTriangleTypeAndCoordinates_NotATriangle_ShouldReturnCorrectTypeAndCoordinates("1","2","3") - 6638e562-d938-73bf-c2c4-cdcb83afd0d7' completed
TpTrace Information: 0 : 10424, 8, 2023/11/25, 15:15:35.311, 13771576825, datacollector.dll, DataCollectionTestCaseEventHandler: Test case starting.
TpTrace Information: 0 : 10424, 8, 2023/11/25, 15:15:35.312, 13771587275, datacollector.dll, BlameCollector.EventsTestCaseStart: Test Case Start
TpTrace Verbose: 0 : 10424, 8, 2023/11/25, 15:15:35.312, 13771589264, datacollector.dll, MulticastDelegateUtilities.SafeInvoke: DataCollectionEvents.TestCaseStart: Invoking callback 1/1 for Microsoft.TestPlatform.Extensions.BlameDataCollector.BlameCollector.EventsTestCaseStart, took 0 ms.
TpTrace Information: 0 : 10424, 8, 2023/11/25, 15:15:35.313, 13771592385, datacollector.dll, DataCollectionTestCaseEventHandler: Test case 'CalculateTriangleTypeAndCoordinates_NotATriangle_ShouldReturnCorrectTypeAndCoordinates("2","1","3") - b19b364a-fd67-bf91-fea6-ae19b7220161' started.
TpTrace Information: 0 : 10424, 8, 2023/11/25, 15:15:35.314, 13771604186, datacollector.dll, DataCollectionTestCaseEventHandler: Test case completing.
TpTrace Information: 0 : 10424, 8, 2023/11/25, 15:15:35.315, 13771614020, datacollector.dll, BlameCollector.EventsTestCaseEnd: Test Case End
TpTrace Verbose: 0 : 10424, 8, 2023/11/25, 15:15:35.315, 13771615293, datacollector.dll, MulticastDelegateUtilities.SafeInvoke: DataCollectionEvents.TestCaseEnd: Invoking callback 1/1 for Microsoft.TestPlatform.Extensions.BlameDataCollector.BlameCollector.EventsTestCaseEnd, took 0 ms.
TpTrace Information: 0 : 10424, 8, 2023/11/25, 15:15:35.315, 13771618317, datacollector.dll, DataCollectionTestCaseEventHandler: Test case 'CalculateTriangleTypeAndCoordinates_NotATriangle_ShouldReturnCorrectTypeAndCoordinates("2","1","3") - b19b364a-fd67-bf91-fea6-ae19b7220161' completed
TpTrace Information: 0 : 10424, 8, 2023/11/25, 15:15:35.316, 13771630572, datacollector.dll, DataCollectionTestCaseEventHandler: Test case starting.
TpTrace Information: 0 : 10424, 8, 2023/11/25, 15:15:35.317, 13771639351, datacollector.dll, BlameCollector.EventsTestCaseStart: Test Case Start
TpTrace Verbose: 0 : 10424, 8, 2023/11/25, 15:15:35.317, 13771640697, datacollector.dll, MulticastDelegateUtilities.SafeInvoke: DataCollectionEvents.TestCaseStart: Invoking callback 1/1 for Microsoft.TestPlatform.Extensions.BlameDataCollector.BlameCollector.EventsTestCaseStart, took 0 ms.
TpTrace Information: 0 : 10424, 8, 2023/11/25, 15:15:35.318, 13771642779, datacollector.dll, DataCollectionTestCaseEventHandler: Test case 'CalculateTriangleTypeAndCoordinates_NotATriangle_ShouldReturnCorrectTypeAndCoordinates("3","1","2") - 310a82a3-fe86-7e5b-dc0b-0533987a3e44' started.
TpTrace Information: 0 : 10424, 8, 2023/11/25, 15:15:35.319, 13771653171, datacollector.dll, DataCollectionTestCaseEventHandler: Test case completing.
TpTrace Information: 0 : 10424, 8, 2023/11/25, 15:15:35.320, 13771663442, datacollector.dll, BlameCollector.EventsTestCaseEnd: Test Case End
TpTrace Verbose: 0 : 10424, 8, 2023/11/25, 15:15:35.320, 13771665151, datacollector.dll, MulticastDelegateUtilities.SafeInvoke: DataCollectionEvents.TestCaseEnd: Invoking callback 1/1 for Microsoft.TestPlatform.Extensions.BlameDataCollector.BlameCollector.EventsTestCaseEnd, took 0 ms.
TpTrace Information: 0 : 10424, 8, 2023/11/25, 15:15:35.320, 13771668158, datacollector.dll, DataCollectionTestCaseEventHandler: Test case 'CalculateTriangleTypeAndCoordinates_NotATriangle_ShouldReturnCorrectTypeAndCoordinates("3","1","2") - 310a82a3-fe86-7e5b-dc0b-0533987a3e44' completed
TpTrace Information: 0 : 10424, 8, 2023/11/25, 15:15:35.323, 13771697445, datacollector.dll, DataCollectionTestCaseEventHandler: Test case starting.
TpTrace Information: 0 : 10424, 8, 2023/11/25, 15:15:35.324, 13771706713, datacollector.dll, BlameCollector.EventsTestCaseStart: Test Case Start
TpTrace Verbose: 0 : 10424, 8, 2023/11/25, 15:15:35.324, 13771707753, datacollector.dll, MulticastDelegateUtilities.SafeInvoke: DataCollectionEvents.TestCaseStart: Invoking callback 1/1 for Microsoft.TestPlatform.Extensions.BlameDataCollector.BlameCollector.EventsTestCaseStart, took 0 ms.
TpTrace Information: 0 : 10424, 8, 2023/11/25, 15:15:35.324, 13771709827, datacollector.dll, DataCollectionTestCaseEventHandler: Test case 'CalculateTriangleTypeAndCoordinates_OneSideAsEmptyString_ShouldReturnInvalidTypeAndCoordinates - 6f9fad0c-6010-847a-02c2-6aa6604e4c93' started.
TpTrace Information: 0 : 10424, 8, 2023/11/25, 15:15:35.325, 13771719677, datacollector.dll, DataCollectionTestCaseEventHandler: Test case completing.
TpTrace Information: 0 : 10424, 8, 2023/11/25, 15:15:35.326, 13771730695, datacollector.dll, BlameCollector.EventsTestCaseEnd: Test Case End
TpTrace Verbose: 0 : 10424, 8, 2023/11/25, 15:15:35.327, 13771732451, datacollector.dll, MulticastDelegateUtilities.SafeInvoke: DataCollectionEvents.TestCaseEnd: Invoking callback 1/1 for Microsoft.TestPlatform.Extensions.BlameDataCollector.BlameCollector.EventsTestCaseEnd, took 0 ms.
TpTrace Information: 0 : 10424, 8, 2023/11/25, 15:15:35.327, 13771735555, datacollector.dll, DataCollectionTestCaseEventHandler: Test case 'CalculateTriangleTypeAndCoordinates_OneSideAsEmptyString_ShouldReturnInvalidTypeAndCoordinates - 6f9fad0c-6010-847a-02c2-6aa6604e4c93' completed
TpTrace Information: 0 : 10424, 8, 2023/11/25, 15:15:35.328, 13771746460, datacollector.dll, DataCollectionTestCaseEventHandler: Test case starting.
TpTrace Information: 0 : 10424, 8, 2023/11/25, 15:15:35.329, 13771756054, datacollector.dll, BlameCollector.EventsTestCaseStart: Test Case Start
TpTrace Verbose: 0 : 10424, 8, 2023/11/25, 15:15:35.329, 13771757598, datacollector.dll, MulticastDelegateUtilities.SafeInvoke: DataCollectionEvents.TestCaseStart: Invoking callback 1/1 for Microsoft.TestPlatform.Extensions.BlameDataCollector.BlameCollector.EventsTestCaseStart, took 0 ms.
TpTrace Information: 0 : 10424, 8, 2023/11/25, 15:15:35.329, 13771759711, datacollector.dll, DataCollectionTestCaseEventHandler: Test case 'CalculateTriangleTypeAndCoordinates_OneSideAsEmptyString_ShouldReturnInvalidTypeAndCoordinates1 - 512876a7-1acd-e2c1-91d3-8a5c48daa7a9' started.
TpTrace Information: 0 : 10424, 8, 2023/11/25, 15:15:35.330, 13771769686, datacollector.dll, DataCollectionTestCaseEventHandler: Test case completing.
TpTrace Information: 0 : 10424, 8, 2023/11/25, 15:15:35.331, 13771779428, datacollector.dll, BlameCollector.EventsTestCaseEnd: Test Case End
TpTrace Verbose: 0 : 10424, 8, 2023/11/25, 15:15:35.331, 13771780873, datacollector.dll, MulticastDelegateUtilities.SafeInvoke: DataCollectionEvents.TestCaseEnd: Invoking callback 1/1 for Microsoft.TestPlatform.Extensions.BlameDataCollector.BlameCollector.EventsTestCaseEnd, took 0 ms.
TpTrace Information: 0 : 10424, 8, 2023/11/25, 15:15:35.332, 13771783122, datacollector.dll, DataCollectionTestCaseEventHandler: Test case 'CalculateTriangleTypeAndCoordinates_OneSideAsEmptyString_ShouldReturnInvalidTypeAndCoordinates1 - 512876a7-1acd-e2c1-91d3-8a5c48daa7a9' completed
TpTrace Information: 0 : 10424, 8, 2023/11/25, 15:15:35.333, 13771796244, datacollector.dll, DataCollectionTestCaseEventHandler: Test case starting.
TpTrace Information: 0 : 10424, 8, 2023/11/25, 15:15:35.334, 13771806057, datacollector.dll, BlameCollector.EventsTestCaseStart: Test Case Start
TpTrace Verbose: 0 : 10424, 8, 2023/11/25, 15:15:35.334, 13771807854, datacollector.dll, MulticastDelegateUtilities.SafeInvoke: DataCollectionEvents.TestCaseStart: Invoking callback 1/1 for Microsoft.TestPlatform.Extensions.BlameDataCollector.BlameCollector.EventsTestCaseStart, took 0 ms.
TpTrace Information: 0 : 10424, 8, 2023/11/25, 15:15:35.334, 13771810380, datacollector.dll, DataCollectionTestCaseEventHandler: Test case 'CalculateTriangleTypeAndCoordinates_OneSideAsEmptyString_ShouldReturnInvalidTypeAndCoordinates2 - 11e6fe38-e975-58f9-8a45-340f7d03f87d' started.
TpTrace Information: 0 : 10424, 8, 2023/11/25, 15:15:35.335, 13771820406, datacollector.dll, DataCollectionTestCaseEventHandler: Test case completing.
TpTrace Information: 0 : 10424, 8, 2023/11/25, 15:15:35.336, 13771830987, datacollector.dll, BlameCollector.EventsTestCaseEnd: Test Case End
TpTrace Verbose: 0 : 10424, 8, 2023/11/25, 15:15:35.337, 13771832836, datacollector.dll, MulticastDelegateUtilities.SafeInvoke: DataCollectionEvents.TestCaseEnd: Invoking callback 1/1 for Microsoft.TestPlatform.Extensions.BlameDataCollector.BlameCollector.EventsTestCaseEnd, took 0 ms.
TpTrace Information: 0 : 10424, 8, 2023/11/25, 15:15:35.337, 13771835745, datacollector.dll, DataCollectionTestCaseEventHandler: Test case 'CalculateTriangleTypeAndCoordinates_OneSideAsEmptyString_ShouldReturnInvalidTypeAndCoordinates2 - 11e6fe38-e975-58f9-8a45-340f7d03f87d' completed
TpTrace Information: 0 : 10424, 8, 2023/11/25, 15:15:35.338, 13771846714, datacollector.dll, DataCollectionTestCaseEventHandler: Test case starting.
TpTrace Information: 0 : 10424, 8, 2023/11/25, 15:15:35.339, 13771854306, datacollector.dll, BlameCollector.EventsTestCaseStart: Test Case Start
TpTrace Verbose: 0 : 10424, 8, 2023/11/25, 15:15:35.339, 13771855961, datacollector.dll, MulticastDelegateUtilities.SafeInvoke: DataCollectionEvents.TestCaseStart: Invoking callback 1/1 for Microsoft.TestPlatform.Extensions.BlameDataCollector.BlameCollector.EventsTestCaseStart, took 0 ms.
TpTrace Information: 0 : 10424, 8, 2023/11/25, 15:15:35.339, 13771857787, datacollector.dll, DataCollectionTestCaseEventHandler: Test case 'CalculateTriangleTypeAndCoordinates_OneSideGreaterThan100_ShouldReturnInvalidTypeAndCoordinates - 24808270-6826-0dd9-2f62-77e39e913684' started.
TpTrace Information: 0 : 10424, 8, 2023/11/25, 15:15:35.340, 13771867626, datacollector.dll, DataCollectionTestCaseEventHandler: Test case completing.
TpTrace Information: 0 : 10424, 8, 2023/11/25, 15:15:35.341, 13771875127, datacollector.dll, BlameCollector.EventsTestCaseEnd: Test Case End
TpTrace Verbose: 0 : 10424, 8, 2023/11/25, 15:15:35.341, 13771876050, datacollector.dll, MulticastDelegateUtilities.SafeInvoke: DataCollectionEvents.TestCaseEnd: Invoking callback 1/1 for Microsoft.TestPlatform.Extensions.BlameDataCollector.BlameCollector.EventsTestCaseEnd, took 0 ms.
TpTrace Information: 0 : 10424, 8, 2023/11/25, 15:15:35.341, 13771878167, datacollector.dll, DataCollectionTestCaseEventHandler: Test case 'CalculateTriangleTypeAndCoordinates_OneSideGreaterThan100_ShouldReturnInvalidTypeAndCoordinates - 24808270-6826-0dd9-2f62-77e39e913684' completed
TpTrace Information: 0 : 10424, 8, 2023/11/25, 15:15:35.342, 13771886004, datacollector.dll, DataCollectionTestCaseEventHandler: Test case starting.
TpTrace Information: 0 : 10424, 8, 2023/11/25, 15:15:35.343, 13771892260, datacollector.dll, BlameCollector.EventsTestCaseStart: Test Case Start
TpTrace Verbose: 0 : 10424, 8, 2023/11/25, 15:15:35.343, 13771893096, datacollector.dll, MulticastDelegateUtilities.SafeInvoke: DataCollectionEvents.TestCaseStart: Invoking callback 1/1 for Microsoft.TestPlatform.Extensions.BlameDataCollector.BlameCollector.EventsTestCaseStart, took 0 ms.
TpTrace Information: 0 : 10424, 8, 2023/11/25, 15:15:35.343, 13771894784, datacollector.dll, DataCollectionTestCaseEventHandler: Test case 'CalculateTriangleTypeAndCoordinates_SidesWithDecimalSeparator_ShouldReturnCorrectTypeAndCoordinates - 807b36ef-e040-454c-81be-c08a45ccaceb' started.
TpTrace Information: 0 : 10424, 8, 2023/11/25, 15:15:35.344, 13771905776, datacollector.dll, DataCollectionTestCaseEventHandler: Test case completing.
TpTrace Information: 0 : 10424, 8, 2023/11/25, 15:15:35.345, 13771916082, datacollector.dll, BlameCollector.EventsTestCaseEnd: Test Case End
TpTrace Verbose: 0 : 10424, 8, 2023/11/25, 15:15:35.345, 13771917677, datacollector.dll, MulticastDelegateUtilities.SafeInvoke: DataCollectionEvents.TestCaseEnd: Invoking callback 1/1 for Microsoft.TestPlatform.Extensions.BlameDataCollector.BlameCollector.EventsTestCaseEnd, took 0 ms.
TpTrace Information: 0 : 10424, 8, 2023/11/25, 15:15:35.345, 13771919895, datacollector.dll, DataCollectionTestCaseEventHandler: Test case 'CalculateTriangleTypeAndCoordinates_SidesWithDecimalSeparator_ShouldReturnCorrectTypeAndCoordinates - 807b36ef-e040-454c-81be-c08a45ccaceb' completed
TpTrace Information: 0 : 10424, 8, 2023/11/25, 15:15:35.346, 13771928349, datacollector.dll, DataCollectionTestCaseEventHandler: Test case starting.
TpTrace Information: 0 : 10424, 8, 2023/11/25, 15:15:35.347, 13771934733, datacollector.dll, BlameCollector.EventsTestCaseStart: Test Case Start
TpTrace Verbose: 0 : 10424, 8, 2023/11/25, 15:15:35.347, 13771935505, datacollector.dll, MulticastDelegateUtilities.SafeInvoke: DataCollectionEvents.TestCaseStart: Invoking callback 1/1 for Microsoft.TestPlatform.Extensions.BlameDataCollector.BlameCollector.EventsTestCaseStart, took 0 ms.
TpTrace Information: 0 : 10424, 8, 2023/11/25, 15:15:35.347, 13771936900, datacollector.dll, DataCollectionTestCaseEventHandler: Test case 'CalculateTriangleTypeAndCoordinates_TwoSidesGreaterThan100_OneEqual100_ShouldReturnInvalidTypeAndCoordinates - d381d0f6-5c35-20ff-d662-c18e9552fa2e' started.
TpTrace Information: 0 : 10424, 8, 2023/11/25, 15:15:35.348, 13771946141, datacollector.dll, DataCollectionTestCaseEventHandler: Test case completing.
TpTrace Information: 0 : 10424, 8, 2023/11/25, 15:15:35.349, 13771952639, datacollector.dll, BlameCollector.EventsTestCaseEnd: Test Case End
TpTrace Verbose: 0 : 10424, 8, 2023/11/25, 15:15:35.349, 13771953398, datacollector.dll, MulticastDelegateUtilities.SafeInvoke: DataCollectionEvents.TestCaseEnd: Invoking callback 1/1 for Microsoft.TestPlatform.Extensions.BlameDataCollector.BlameCollector.EventsTestCaseEnd, took 0 ms.
TpTrace Information: 0 : 10424, 8, 2023/11/25, 15:15:35.349, 13771954781, datacollector.dll, DataCollectionTestCaseEventHandler: Test case 'CalculateTriangleTypeAndCoordinates_TwoSidesGreaterThan100_OneEqual100_ShouldReturnInvalidTypeAndCoordinates - d381d0f6-5c35-20ff-d662-c18e9552fa2e' completed
TpTrace Information: 0 : 10424, 8, 2023/11/25, 15:15:35.350, 13771962863, datacollector.dll, DataCollectionTestCaseEventHandler: Test case starting.
TpTrace Information: 0 : 10424, 8, 2023/11/25, 15:15:35.350, 13771969707, datacollector.dll, BlameCollector.EventsTestCaseStart: Test Case Start
TpTrace Verbose: 0 : 10424, 8, 2023/11/25, 15:15:35.350, 13771970685, datacollector.dll, MulticastDelegateUtilities.SafeInvoke: DataCollectionEvents.TestCaseStart: Invoking callback 1/1 for Microsoft.TestPlatform.Extensions.BlameDataCollector.BlameCollector.EventsTestCaseStart, took 0 ms.
TpTrace Information: 0 : 10424, 8, 2023/11/25, 15:15:35.351, 13771972231, datacollector.dll, DataCollectionTestCaseEventHandler: Test case 'CalculateTriangleTypeAndCoordinates_ValidEquilateralTriangle_ShouldReturnCorrectTypeAndCoordinates - ee18e66b-72ee-7b22-188b-c36e58cdb97c' started.
TpTrace Information: 0 : 10424, 8, 2023/11/25, 15:15:35.351, 13771980806, datacollector.dll, DataCollectionTestCaseEventHandler: Test case completing.
TpTrace Information: 0 : 10424, 8, 2023/11/25, 15:15:35.352, 13771988667, datacollector.dll, BlameCollector.EventsTestCaseEnd: Test Case End
TpTrace Verbose: 0 : 10424, 8, 2023/11/25, 15:15:35.352, 13771989642, datacollector.dll, MulticastDelegateUtilities.SafeInvoke: DataCollectionEvents.TestCaseEnd: Invoking callback 1/1 for Microsoft.TestPlatform.Extensions.BlameDataCollector.BlameCollector.EventsTestCaseEnd, took 0 ms.
TpTrace Information: 0 : 10424, 8, 2023/11/25, 15:15:35.352, 13771991149, datacollector.dll, DataCollectionTestCaseEventHandler: Test case 'CalculateTriangleTypeAndCoordinates_ValidEquilateralTriangle_ShouldReturnCorrectTypeAndCoordinates - ee18e66b-72ee-7b22-188b-c36e58cdb97c' completed
TpTrace Information: 0 : 10424, 8, 2023/11/25, 15:15:35.355, 13772013493, datacollector.dll, DataCollectionTestCaseEventHandler: Test case starting.
TpTrace Information: 0 : 10424, 8, 2023/11/25, 15:15:35.356, 13772023100, datacollector.dll, BlameCollector.EventsTestCaseStart: Test Case Start
TpTrace Verbose: 0 : 10424, 8, 2023/11/25, 15:15:35.356, 13772024254, datacollector.dll, MulticastDelegateUtilities.SafeInvoke: DataCollectionEvents.TestCaseStart: Invoking callback 1/1 for Microsoft.TestPlatform.Extensions.BlameDataCollector.BlameCollector.EventsTestCaseStart, took 0 ms.
TpTrace Information: 0 : 10424, 8, 2023/11/25, 15:15:35.356, 13772026148, datacollector.dll, DataCollectionTestCaseEventHandler: Test case 'CalculateTriangleTypeAndCoordinates_ValidIsoscelesTriangle_ShouldReturnCorrectTypeAndCoordinates - c76e5080-1967-9248-9e94-1e2220f5b75a' started.
TpTrace Information: 0 : 10424, 8, 2023/11/25, 15:15:35.357, 13772036458, datacollector.dll, DataCollectionTestCaseEventHandler: Test case completing.
TpTrace Information: 0 : 10424, 8, 2023/11/25, 15:15:35.358, 13772046139, datacollector.dll, BlameCollector.EventsTestCaseEnd: Test Case End
TpTrace Verbose: 0 : 10424, 8, 2023/11/25, 15:15:35.358, 13772047267, datacollector.dll, MulticastDelegateUtilities.SafeInvoke: DataCollectionEvents.TestCaseEnd: Invoking callback 1/1 for Microsoft.TestPlatform.Extensions.BlameDataCollector.BlameCollector.EventsTestCaseEnd, took 0 ms.
TpTrace Information: 0 : 10424, 8, 2023/11/25, 15:15:35.358, 13772048867, datacollector.dll, DataCollectionTestCaseEventHandler: Test case 'CalculateTriangleTypeAndCoordinates_ValidIsoscelesTriangle_ShouldReturnCorrectTypeAndCoordinates - c76e5080-1967-9248-9e94-1e2220f5b75a' completed
TpTrace Information: 0 : 10424, 8, 2023/11/25, 15:15:35.359, 13772057973, datacollector.dll, DataCollectionTestCaseEventHandler: Test case starting.
TpTrace Information: 0 : 10424, 8, 2023/11/25, 15:15:35.361, 13772072371, datacollector.dll, BlameCollector.EventsTestCaseStart: Test Case Start
TpTrace Verbose: 0 : 10424, 8, 2023/11/25, 15:15:35.361, 13772074679, datacollector.dll, MulticastDelegateUtilities.SafeInvoke: DataCollectionEvents.TestCaseStart: Invoking callback 1/1 for Microsoft.TestPlatform.Extensions.BlameDataCollector.BlameCollector.EventsTestCaseStart, took 0 ms.
TpTrace Information: 0 : 10424, 8, 2023/11/25, 15:15:35.361, 13772077294, datacollector.dll, DataCollectionTestCaseEventHandler: Test case 'CalculateTriangleTypeAndCoordinates_ValidScaleneTriangle_ShouldReturnCorrectTypeAndCoordinates - 280c88a1-b444-747d-3c32-d3229c7443e7' started.
TpTrace Information: 0 : 10424, 8, 2023/11/25, 15:15:35.362, 13772086732, datacollector.dll, DataCollectionTestCaseEventHandler: Test case completing.
TpTrace Information: 0 : 10424, 8, 2023/11/25, 15:15:35.363, 13772095617, datacollector.dll, BlameCollector.EventsTestCaseEnd: Test Case End
TpTrace Verbose: 0 : 10424, 8, 2023/11/25, 15:15:35.363, 13772097244, datacollector.dll, MulticastDelegateUtilities.SafeInvoke: DataCollectionEvents.TestCaseEnd: Invoking callback 1/1 for Microsoft.TestPlatform.Extensions.BlameDataCollector.BlameCollector.EventsTestCaseEnd, took 0 ms.
TpTrace Information: 0 : 10424, 8, 2023/11/25, 15:15:35.363, 13772099934, datacollector.dll, DataCollectionTestCaseEventHandler: Test case 'CalculateTriangleTypeAndCoordinates_ValidScaleneTriangle_ShouldReturnCorrectTypeAndCoordinates - 280c88a1-b444-747d-3c32-d3229c7443e7' completed
TpTrace Information: 0 : 10424, 8, 2023/11/25, 15:15:35.364, 13772111375, datacollector.dll, DataCollectionTestCaseEventHandler: Test case starting.
TpTrace Information: 0 : 10424, 8, 2023/11/25, 15:15:35.365, 13772119324, datacollector.dll, BlameCollector.EventsTestCaseStart: Test Case Start
TpTrace Verbose: 0 : 10424, 8, 2023/11/25, 15:15:35.365, 13772120884, datacollector.dll, MulticastDelegateUtilities.SafeInvoke: DataCollectionEvents.TestCaseStart: Invoking callback 1/1 for Microsoft.TestPlatform.Extensions.BlameDataCollector.BlameCollector.EventsTestCaseStart, took 0 ms.
TpTrace Information: 0 : 10424, 8, 2023/11/25, 15:15:35.366, 13772123016, datacollector.dll, DataCollectionTestCaseEventHandler: Test case 'CalculateTriangleTypeAndCoordinates_ValidTriangle_ShouldReturnCorrectTypeAndCoordinates - 0d62e9bd-3bf2-d01f-7554-60e9a4b63c23' started.
TpTrace Information: 0 : 10424, 8, 2023/11/25, 15:15:35.367, 13772133246, datacollector.dll, DataCollectionTestCaseEventHandler: Test case completing.
TpTrace Information: 0 : 10424, 8, 2023/11/25, 15:15:35.367, 13772141130, datacollector.dll, BlameCollector.EventsTestCaseEnd: Test Case End
TpTrace Verbose: 0 : 10424, 8, 2023/11/25, 15:15:35.368, 13772142663, datacollector.dll, MulticastDelegateUtilities.SafeInvoke: DataCollectionEvents.TestCaseEnd: Invoking callback 1/1 for Microsoft.TestPlatform.Extensions.BlameDataCollector.BlameCollector.EventsTestCaseEnd, took 0 ms.
TpTrace Information: 0 : 10424, 8, 2023/11/25, 15:15:35.368, 13772145080, datacollector.dll, DataCollectionTestCaseEventHandler: Test case 'CalculateTriangleTypeAndCoordinates_ValidTriangle_ShouldReturnCorrectTypeAndCoordinates - 0d62e9bd-3bf2-d01f-7554-60e9a4b63c23' completed
TpTrace Information: 0 : 10424, 8, 2023/11/25, 15:15:35.369, 13772156408, datacollector.dll, DataCollectionTestCaseEventHandler: Test case starting.
TpTrace Information: 0 : 10424, 8, 2023/11/25, 15:15:35.370, 13772161860, datacollector.dll, BlameCollector.EventsTestCaseStart: Test Case Start
TpTrace Verbose: 0 : 10424, 8, 2023/11/25, 15:15:35.370, 13772162511, datacollector.dll, MulticastDelegateUtilities.SafeInvoke: DataCollectionEvents.TestCaseStart: Invoking callback 1/1 for Microsoft.TestPlatform.Extensions.BlameDataCollector.BlameCollector.EventsTestCaseStart, took 0 ms.
TpTrace Information: 0 : 10424, 8, 2023/11/25, 15:15:35.370, 13772163999, datacollector.dll, DataCollectionTestCaseEventHandler: Test case 'CalculateTriangleTypeAndCoordinates_ZeroSide_ShouldReturnNotATriangle - ce7c51a7-eeed-3769-fe42-68cfb0730c1e' started.
TpTrace Information: 0 : 10424, 8, 2023/11/25, 15:15:35.371, 13772173256, datacollector.dll, DataCollectionTestCaseEventHandler: Test case completing.
TpTrace Information: 0 : 10424, 8, 2023/11/25, 15:15:35.372, 13772182166, datacollector.dll, BlameCollector.EventsTestCaseEnd: Test Case End
TpTrace Verbose: 0 : 10424, 8, 2023/11/25, 15:15:35.372, 13772183649, datacollector.dll, MulticastDelegateUtilities.SafeInvoke: DataCollectionEvents.TestCaseEnd: Invoking callback 1/1 for Microsoft.TestPlatform.Extensions.BlameDataCollector.BlameCollector.EventsTestCaseEnd, took 0 ms.
TpTrace Information: 0 : 10424, 8, 2023/11/25, 15:15:35.372, 13772185946, datacollector.dll, DataCollectionTestCaseEventHandler: Test case 'CalculateTriangleTypeAndCoordinates_ZeroSide_ShouldReturnNotATriangle - ce7c51a7-eeed-3769-fe42-68cfb0730c1e' completed
TpTrace Information: 0 : 10424, 8, 2023/11/25, 15:15:35.373, 13772196494, datacollector.dll, DataCollectionTestCaseEventHandler: Test case starting.
TpTrace Information: 0 : 10424, 8, 2023/11/25, 15:15:35.374, 13772203658, datacollector.dll, BlameCollector.EventsTestCaseStart: Test Case Start
TpTrace Verbose: 0 : 10424, 8, 2023/11/25, 15:15:35.374, 13772205215, datacollector.dll, MulticastDelegateUtilities.SafeInvoke: DataCollectionEvents.TestCaseStart: Invoking callback 1/1 for Microsoft.TestPlatform.Extensions.BlameDataCollector.BlameCollector.EventsTestCaseStart, took 0 ms.
TpTrace Information: 0 : 10424, 8, 2023/11/25, 15:15:35.374, 13772207214, datacollector.dll, DataCollectionTestCaseEventHandler: Test case 'CalculateTriangleTypeAndCoordinates_ZeroSide_ShouldReturnNotATriangle1 - 1d037d9f-378f-7e92-cdfb-506d91dd54d6' started.
TpTrace Information: 0 : 10424, 8, 2023/11/25, 15:15:35.375, 13772216880, datacollector.dll, DataCollectionTestCaseEventHandler: Test case completing.
TpTrace Information: 0 : 10424, 8, 2023/11/25, 15:15:35.376, 13772223226, datacollector.dll, BlameCollector.EventsTestCaseEnd: Test Case End
TpTrace Verbose: 0 : 10424, 8, 2023/11/25, 15:15:35.376, 13772223987, datacollector.dll, MulticastDelegateUtilities.SafeInvoke: DataCollectionEvents.TestCaseEnd: Invoking callback 1/1 for Microsoft.TestPlatform.Extensions.BlameDataCollector.BlameCollector.EventsTestCaseEnd, took 0 ms.
TpTrace Information: 0 : 10424, 8, 2023/11/25, 15:15:35.376, 13772225638, datacollector.dll, DataCollectionTestCaseEventHandler: Test case 'CalculateTriangleTypeAndCoordinates_ZeroSide_ShouldReturnNotATriangle1 - 1d037d9f-378f-7e92-cdfb-506d91dd54d6' completed
TpTrace Information: 0 : 10424, 8, 2023/11/25, 15:15:35.377, 13772238176, datacollector.dll, DataCollectionTestCaseEventHandler: Test case starting.
TpTrace Information: 0 : 10424, 8, 2023/11/25, 15:15:35.378, 13772245163, datacollector.dll, BlameCollector.EventsTestCaseStart: Test Case Start
TpTrace Verbose: 0 : 10424, 8, 2023/11/25, 15:15:35.378, 13772245854, datacollector.dll, MulticastDelegateUtilities.SafeInvoke: DataCollectionEvents.TestCaseStart: Invoking callback 1/1 for Microsoft.TestPlatform.Extensions.BlameDataCollector.BlameCollector.EventsTestCaseStart, took 0 ms.
TpTrace Information: 0 : 10424, 8, 2023/11/25, 15:15:35.378, 13772247175, datacollector.dll, DataCollectionTestCaseEventHandler: Test case 'CalculateTriangleTypeAndCoordinates_ZeroSide_ShouldReturnNotATriangle2 - 7c8e2da8-b046-ef57-d200-ccece8f3bb75' started.
TpTrace Information: 0 : 10424, 8, 2023/11/25, 15:15:35.379, 13772255553, datacollector.dll, DataCollectionTestCaseEventHandler: Test case completing.
TpTrace Information: 0 : 10424, 8, 2023/11/25, 15:15:35.380, 13772261700, datacollector.dll, BlameCollector.EventsTestCaseEnd: Test Case End
TpTrace Verbose: 0 : 10424, 8, 2023/11/25, 15:15:35.380, 13772262773, datacollector.dll, MulticastDelegateUtilities.SafeInvoke: DataCollectionEvents.TestCaseEnd: Invoking callback 1/1 for Microsoft.TestPlatform.Extensions.BlameDataCollector.BlameCollector.EventsTestCaseEnd, took 0 ms.
TpTrace Information: 0 : 10424, 8, 2023/11/25, 15:15:35.380, 13772264375, datacollector.dll, DataCollectionTestCaseEventHandler: Test case 'CalculateTriangleTypeAndCoordinates_ZeroSide_ShouldReturnNotATriangle2 - 7c8e2da8-b046-ef57-d200-ccece8f3bb75' completed
TpTrace Information: 0 : 10424, 8, 2023/11/25, 15:15:35.381, 13772273220, datacollector.dll, DataCollectionTestCaseEventHandler: Test case starting.
TpTrace Information: 0 : 10424, 8, 2023/11/25, 15:15:35.381, 13772278500, datacollector.dll, BlameCollector.EventsTestCaseStart: Test Case Start
TpTrace Verbose: 0 : 10424, 8, 2023/11/25, 15:15:35.381, 13772279085, datacollector.dll, MulticastDelegateUtilities.SafeInvoke: DataCollectionEvents.TestCaseStart: Invoking callback 1/1 for Microsoft.TestPlatform.Extensions.BlameDataCollector.BlameCollector.EventsTestCaseStart, took 0 ms.
TpTrace Information: 0 : 10424, 8, 2023/11/25, 15:15:35.381, 13772280243, datacollector.dll, DataCollectionTestCaseEventHandler: Test case 'ModelTriangle_CheckFuncionAdd("1","1","1","","") - ff470816-fc5d-89b6-aa1c-512149f03ffa' started.
TpTrace Information: 0 : 10424, 8, 2023/11/25, 15:15:35.709, 13775555984, datacollector.dll, DataCollectionTestCaseEventHandler: Test case completing.
TpTrace Information: 0 : 10424, 8, 2023/11/25, 15:15:35.710, 13775562041, datacollector.dll, BlameCollector.EventsTestCaseEnd: Test Case End
TpTrace Verbose: 0 : 10424, 8, 2023/11/25, 15:15:35.710, 13775563054, datacollector.dll, MulticastDelegateUtilities.SafeInvoke: DataCollectionEvents.TestCaseEnd: Invoking callback 1/1 for Microsoft.TestPlatform.Extensions.BlameDataCollector.BlameCollector.EventsTestCaseEnd, took 0 ms.
TpTrace Information: 0 : 10424, 8, 2023/11/25, 15:15:35.710, 13775565239, datacollector.dll, DataCollectionTestCaseEventHandler: Test case 'ModelTriangle_CheckFuncionAdd("1","1","1","","") - ff470816-fc5d-89b6-aa1c-512149f03ffa' completed
TpTrace Information: 0 : 10424, 8, 2023/11/25, 15:15:35.711, 13775578181, datacollector.dll, DataCollectionTestCaseEventHandler: Test case starting.
TpTrace Information: 0 : 10424, 8, 2023/11/25, 15:15:35.712, 13775584704, datacollector.dll, BlameCollector.EventsTestCaseStart: Test Case Start
TpTrace Error: 0 : 10424, 8, 2023/11/25, 15:15:35.725, 13775716582, datacollector.dll, MulticastDelegateUtilities.SafeInvoke: 1: Invoking callback 1/Microsoft.TestPlatform.Extensions.BlameDataCollector.BlameCollector for EventsTestCaseStart.DataCollectionEvents.TestCaseStart, failed after 3 ms with: System.Reflection.TargetInvocationException: Exception has been thrown by the target of an invocation.
 ---> System.ArgumentException: An item with the same key has already been added. Key: ff470816-fc5d-89b6-aa1c-512149f03ffa
   at System.Collections.Generic.Dictionary`2.TryInsert(TKey key, TValue value, InsertionBehavior behavior)
   at System.Collections.Generic.Dictionary`2.Add(TKey key, TValue value)
   at Microsoft.TestPlatform.Extensions.BlameDataCollector.BlameCollector.EventsTestCaseStart(Object sender, TestCaseStartEventArgs e)
   --- End of inner exception stack trace ---
   at System.RuntimeMethodHandle.InvokeMethod(Object target, Span`1& arguments, Signature sig, Boolean constructor, Boolean wrapExceptions)
   at System.Reflection.RuntimeMethodInfo.Invoke(Object obj, BindingFlags invokeAttr, Binder binder, Object[] parameters, CultureInfo culture)
   at System.Delegate.DynamicInvokeImpl(Object[] args)
   at System.Delegate.DynamicInvoke(Object[] args)
   at Microsoft.VisualStudio.TestPlatform.Utilities.MulticastDelegateUtilities.SafeInvoke(Delegate delegates, Object sender, Object args, String traceDisplayName).
TpTrace Information: 0 : 10424, 8, 2023/11/25, 15:15:35.725, 13775719460, datacollector.dll, DataCollectionTestCaseEventHandler: Test case 'ModelTriangle_CheckFuncionAdd("1","1","1","","") - ff470816-fc5d-89b6-aa1c-512149f03ffa' started.
TpTrace Information: 0 : 10424, 8, 2023/11/25, 15:15:35.726, 13775730750, datacollector.dll, DataCollectionTestCaseEventHandler: Test case completing.
TpTrace Information: 0 : 10424, 8, 2023/11/25, 15:15:35.727, 13775737049, datacollector.dll, BlameCollector.EventsTestCaseEnd: Test Case End
TpTrace Verbose: 0 : 10424, 8, 2023/11/25, 15:15:35.727, 13775738359, datacollector.dll, MulticastDelegateUtilities.SafeInvoke: DataCollectionEvents.TestCaseEnd: Invoking callback 1/1 for Microsoft.TestPlatform.Extensions.BlameDataCollector.BlameCollector.EventsTestCaseEnd, took 0 ms.
TpTrace Information: 0 : 10424, 8, 2023/11/25, 15:15:35.727, 13775740493, datacollector.dll, DataCollectionTestCaseEventHandler: Test case 'ModelTriangle_CheckFuncionAdd("1","1","1","","") - ff470816-fc5d-89b6-aa1c-512149f03ffa' completed
TpTrace Information: 0 : 10424, 8, 2023/11/25, 15:15:35.732, 13775787104, datacollector.dll, DataCollectionTestCaseEventHandler: Test case starting.
TpTrace Information: 0 : 10424, 8, 2023/11/25, 15:15:35.733, 13775796873, datacollector.dll, BlameCollector.EventsTestCaseStart: Test Case Start
TpTrace Verbose: 0 : 10424, 8, 2023/11/25, 15:15:35.733, 13775798636, datacollector.dll, MulticastDelegateUtilities.SafeInvoke: DataCollectionEvents.TestCaseStart: Invoking callback 1/1 for Microsoft.TestPlatform.Extensions.BlameDataCollector.BlameCollector.EventsTestCaseStart, took 0 ms.
TpTrace Information: 0 : 10424, 8, 2023/11/25, 15:15:35.733, 13775801270, datacollector.dll, DataCollectionTestCaseEventHandler: Test case 'ModelTriangle_CheckNegFuncionAdd("qwe","qwe","qwe","","") - 7f15df96-3188-782b-330b-73c80f78d3e8' started.
TpTrace Information: 0 : 10424, 8, 2023/11/25, 15:15:35.747, 13775933875, datacollector.dll, DataCollectionTestCaseEventHandler: Test case completing.
TpTrace Information: 0 : 10424, 8, 2023/11/25, 15:15:35.747, 13775940002, datacollector.dll, BlameCollector.EventsTestCaseEnd: Test Case End
TpTrace Verbose: 0 : 10424, 8, 2023/11/25, 15:15:35.748, 13775942840, datacollector.dll, MulticastDelegateUtilities.SafeInvoke: DataCollectionEvents.TestCaseEnd: Invoking callback 1/1 for Microsoft.TestPlatform.Extensions.BlameDataCollector.BlameCollector.EventsTestCaseEnd, took 0 ms.
TpTrace Information: 0 : 10424, 8, 2023/11/25, 15:15:35.748, 13775944642, datacollector.dll, DataCollectionTestCaseEventHandler: Test case 'ModelTriangle_CheckNegFuncionAdd("qwe","qwe","qwe","","") - 7f15df96-3188-782b-330b-73c80f78d3e8' completed
TpTrace Information: 0 : 10424, 8, 2023/11/25, 15:15:35.751, 13775974210, datacollector.dll, DataCollectionTestCaseEventHandler: Test case starting.
TpTrace Information: 0 : 10424, 8, 2023/11/25, 15:15:35.751, 13775979393, datacollector.dll, BlameCollector.EventsTestCaseStart: Test Case Start
TpTrace Verbose: 0 : 10424, 8, 2023/11/25, 15:15:35.751, 13775980211, datacollector.dll, MulticastDelegateUtilities.SafeInvoke: DataCollectionEvents.TestCaseStart: Invoking callback 1/1 for Microsoft.TestPlatform.Extensions.BlameDataCollector.BlameCollector.EventsTestCaseStart, took 0 ms.
TpTrace Information: 0 : 10424, 8, 2023/11/25, 15:15:35.752, 13775981680, datacollector.dll, DataCollectionTestCaseEventHandler: Test case 'ModelTriangle_CheckNegFuncionAdd("","","","","") - ca84bdab-fe1b-a903-eb7e-2c228b94131a' started.
TpTrace Information: 0 : 10424, 8, 2023/11/25, 15:15:35.753, 13775992073, datacollector.dll, DataCollectionTestCaseEventHandler: Test case completing.
TpTrace Information: 0 : 10424, 8, 2023/11/25, 15:15:35.753, 13775998545, datacollector.dll, BlameCollector.EventsTestCaseEnd: Test Case End
TpTrace Verbose: 0 : 10424, 8, 2023/11/25, 15:15:35.753, 13776000364, datacollector.dll, MulticastDelegateUtilities.SafeInvoke: DataCollectionEvents.TestCaseEnd: Invoking callback 1/1 for Microsoft.TestPlatform.Extensions.BlameDataCollector.BlameCollector.EventsTestCaseEnd, took 0 ms.
TpTrace Information: 0 : 10424, 8, 2023/11/25, 15:15:35.754, 13776002770, datacollector.dll, DataCollectionTestCaseEventHandler: Test case 'ModelTriangle_CheckNegFuncionAdd("","","","","") - ca84bdab-fe1b-a903-eb7e-2c228b94131a' completed
TpTrace Information: 0 : 10424, 8, 2023/11/25, 15:15:35.771, 13776179738, datacollector.dll, DataCollectionTestCaseEventHandler: Test session ended
TpTrace Information: 0 : 10424, 1, 2023/11/25, 15:15:35.858, 13777051420, datacollector.dll, DataCollectionRequestHandler.ProcessRequests: Datacollector received message: (DataCollection.AfterTestRunEnd) -> {"MessageType":"DataCollection.AfterTestRunEnd","Payload":false}
TpTrace Information: 0 : 10424, 1, 2023/11/25, 15:15:35.860, 13777061723, datacollector.dll, Blame Collector: Session End
TpTrace Information: 0 : 10424, 1, 2023/11/25, 15:15:35.860, 13777062623, datacollector.dll, BlameCollector.CollectDumpAndAbortTesthost: Custom path to dump directory was provided via VSTEST_DUMP_PATH. Skipping attachment upload, the caller is responsible for collecting and uploading the dumps themselves.
TpTrace Verbose: 0 : 10424, 1, 2023/11/25, 15:15:35.860, 13777063461, datacollector.dll, MulticastDelegateUtilities.SafeInvoke: DataCollectionEvents.SessionEnd: Invoking callback 1/1 for Microsoft.TestPlatform.Extensions.BlameDataCollector.BlameCollector.SessionEndedHandler, took 0 ms.
TpTrace Information: 0 : 10424, 1, 2023/11/25, 15:15:35.860, 13777069076, datacollector.dll, DataCollectionManager.CleanupPlugins: CleanupPlugins called
TpTrace Verbose: 0 : 10424, 1, 2023/11/25, 15:15:35.860, 13777069618, datacollector.dll, DataCollectionManager.CleanupPlugins: Cleaning up 1 plugins
TpTrace Verbose: 0 : 10424, 1, 2023/11/25, 15:15:35.860, 13777071159, datacollector.dll, dataCollectorInfo.DisposeDataCollector: calling Dispose() on Microsoft.TestPlatform.Extensions.BlameDataCollector.BlameCollector
TpTrace Information: 0 : 10424, 1, 2023/11/25, 15:15:35.861, 13777071976, datacollector.dll, DataCollectionManager.CleanupPlugins: CleanupPlugins finished
TpTrace Information: 0 : 10424, 1, 2023/11/25, 15:15:35.868, 13777145777, datacollector.dll, DataCollectionRequestHandler.ProcessRequests : Session End message received from server. Closing the connection.
TpTrace Information: 0 : 10424, 1, 2023/11/25, 15:15:35.868, 13777148456, datacollector.dll, Closing the connection !
TpTrace Information: 0 : 10424, 1, 2023/11/25, 15:15:35.868, 13777148925, datacollector.dll, DataCollectionRequestHandler.ProcessRequests : DataCollection completed
TpTrace Information: 0 : 10424, 1, 2023/11/25, 15:15:35.868, 13777149394, datacollector.dll, Program.Main: exiting datacollector process.
