TpTrace Verbose: 0 : 12300, 1, 2023/11/25, 15:15:33.432, 13752785494, vstest.console.dll, Version: 17.3.0 Current process architecture: X64
TpTrace Verbose: 0 : 12300, 1, 2023/11/25, 15:15:33.434, 13752808674, vstest.console.dll, Runtime location: C:\Program Files\dotnet\shared\Microsoft.NETCore.App\6.0.9
TpTrace Information: 0 : 12300, 1, 2023/11/25, 15:15:33.441, 13752872422, vstest.console.dll, FilePatternParser: The given file C:\Users\asb20\source\repos\test_lab2\test_lab2Tests\bin\Debug\net6.0\fine-code-coverage\build-output\test_lab2Tests.dll is a full path.
TpTrace Verbose: 0 : 12300, 1, 2023/11/25, 15:15:33.448, 13752944319, vstest.console.dll, TestPluginCache.DiscoverTestExtensions: finding test extensions in assemblies ends with: RuntimeProvider.dll TPluginInfo: Microsoft.VisualStudio.TestPlatform.Common.ExtensionFramework.Utilities.TestRuntimePluginInformation TExtension: Microsoft.VisualStudio.TestPlatform.ObjectModel.Host.ITestRuntimeProvider
TpTrace Verbose: 0 : 12300, 1, 2023/11/25, 15:15:33.454, 13753002016, vstest.console.dll, TestPluginCache.GetExtensionPaths: Filtered extension paths: 
TpTrace Verbose: 0 : 12300, 1, 2023/11/25, 15:15:33.454, 13753004010, vstest.console.dll, TestPluginCache.GetExtensionPaths: Added default extension paths: C:\Program Files\dotnet\sdk\6.0.401\Extensions\Microsoft.Diagnostics.NETCore.Client.dll
C:\Program Files\dotnet\sdk\6.0.401\Extensions\Microsoft.TestPlatform.Extensions.BlameDataCollector.dll
C:\Program Files\dotnet\sdk\6.0.401\Extensions\Microsoft.TestPlatform.Extensions.EventLogCollector.dll
C:\Program Files\dotnet\sdk\6.0.401\Extensions\Microsoft.TestPlatform.TestHostRuntimeProvider.dll
C:\Program Files\dotnet\sdk\6.0.401\Extensions\Microsoft.VisualStudio.TestPlatform.Extensions.Html.TestLogger.dll
C:\Program Files\dotnet\sdk\6.0.401\Extensions\Microsoft.VisualStudio.TestPlatform.Extensions.Trx.TestLogger.dll
TpTrace Verbose: 0 : 12300, 1, 2023/11/25, 15:15:33.454, 13753004799, vstest.console.dll, TestPluginCache.GetExtensionPaths: Added unfilterableExtensionPaths: 
TpTrace Information: 0 : 12300, 1, 2023/11/25, 15:15:33.455, 13753018605, vstest.console.dll, AssemblyResolver.ctor: Creating AssemblyResolver with searchDirectories C:\Program Files\dotnet\sdk\6.0.401\Extensions,C:\Program Files\dotnet\sdk\6.0.401
TpTrace Verbose: 0 : 12300, 1, 2023/11/25, 15:15:33.456, 13753028525, vstest.console.dll, TestPluginCache.DiscoverTestExtensions: Discovering the extensions using extension path.
TpTrace Verbose: 0 : 12300, 1, 2023/11/25, 15:15:33.456, 13753030233, vstest.console.dll, TestPluginCache.GetExtensionPaths: Filtered extension paths: 
TpTrace Verbose: 0 : 12300, 1, 2023/11/25, 15:15:33.456, 13753030618, vstest.console.dll, TestPluginCache.GetExtensionPaths: Added default extension paths: C:\Program Files\dotnet\sdk\6.0.401\Extensions\Microsoft.Diagnostics.NETCore.Client.dll
C:\Program Files\dotnet\sdk\6.0.401\Extensions\Microsoft.TestPlatform.Extensions.BlameDataCollector.dll
C:\Program Files\dotnet\sdk\6.0.401\Extensions\Microsoft.TestPlatform.Extensions.EventLogCollector.dll
C:\Program Files\dotnet\sdk\6.0.401\Extensions\Microsoft.TestPlatform.TestHostRuntimeProvider.dll
C:\Program Files\dotnet\sdk\6.0.401\Extensions\Microsoft.VisualStudio.TestPlatform.Extensions.Html.TestLogger.dll
C:\Program Files\dotnet\sdk\6.0.401\Extensions\Microsoft.VisualStudio.TestPlatform.Extensions.Trx.TestLogger.dll
TpTrace Verbose: 0 : 12300, 1, 2023/11/25, 15:15:33.456, 13753031161, vstest.console.dll, TestPluginCache.GetExtensionPaths: Added unfilterableExtensionPaths: 
TpTrace Verbose: 0 : 12300, 1, 2023/11/25, 15:15:33.457, 13753031811, vstest.console.dll, TestPluginCache.DiscoverTestExtensions: Discovering the extensions using allExtensionPaths: C:\Program Files\dotnet\sdk\6.0.401\Extensions\Microsoft.Diagnostics.NETCore.Client.dll
C:\Program Files\dotnet\sdk\6.0.401\Extensions\Microsoft.TestPlatform.Extensions.BlameDataCollector.dll
C:\Program Files\dotnet\sdk\6.0.401\Extensions\Microsoft.TestPlatform.Extensions.EventLogCollector.dll
C:\Program Files\dotnet\sdk\6.0.401\Extensions\Microsoft.TestPlatform.TestHostRuntimeProvider.dll
C:\Program Files\dotnet\sdk\6.0.401\Extensions\Microsoft.VisualStudio.TestPlatform.Extensions.Html.TestLogger.dll
C:\Program Files\dotnet\sdk\6.0.401\Extensions\Microsoft.VisualStudio.TestPlatform.Extensions.Trx.TestLogger.dll
TpTrace Information: 0 : 12300, 1, 2023/11/25, 15:15:33.457, 13753033915, vstest.console.dll, AssemblyResolver.AddSearchDirectories: Adding more searchDirectories C:\Program Files\dotnet\sdk\6.0.401\Extensions,C:\Program Files\dotnet\sdk\6.0.401
TpTrace Information: 0 : 12300, 1, 2023/11/25, 15:15:33.457, 13753034512, vstest.console.dll, AssemblyResolver.AddSearchDirectories: Adding more searchDirectories C:\Program Files\dotnet\sdk\6.0.401\Extensions,C:\Program Files\dotnet\sdk\6.0.401
TpTrace Information: 0 : 12300, 1, 2023/11/25, 15:15:33.457, 13753034898, vstest.console.dll, AssemblyResolver.AddSearchDirectories: Adding more searchDirectories C:\Program Files\dotnet\sdk\6.0.401\Extensions,C:\Program Files\dotnet\sdk\6.0.401
TpTrace Information: 0 : 12300, 1, 2023/11/25, 15:15:33.457, 13753035190, vstest.console.dll, AssemblyResolver.AddSearchDirectories: Adding more searchDirectories C:\Program Files\dotnet\sdk\6.0.401\Extensions,C:\Program Files\dotnet\sdk\6.0.401
TpTrace Information: 0 : 12300, 1, 2023/11/25, 15:15:33.457, 13753035464, vstest.console.dll, AssemblyResolver.AddSearchDirectories: Adding more searchDirectories C:\Program Files\dotnet\sdk\6.0.401\Extensions,C:\Program Files\dotnet\sdk\6.0.401
TpTrace Information: 0 : 12300, 1, 2023/11/25, 15:15:33.457, 13753035736, vstest.console.dll, AssemblyResolver.AddSearchDirectories: Adding more searchDirectories C:\Program Files\dotnet\sdk\6.0.401\Extensions,C:\Program Files\dotnet\sdk\6.0.401
TpTrace Information: 0 : 12300, 1, 2023/11/25, 15:15:33.457, 13753039787, vstest.console.dll, AssemblyResolver.OnResolve: Microsoft.Diagnostics.NETCore.Client: Resolving assembly.
TpTrace Information: 0 : 12300, 1, 2023/11/25, 15:15:33.457, 13753040527, vstest.console.dll, AssemblyResolver.OnResolve: Microsoft.Diagnostics.NETCore.Client: Searching in: 'C:\Program Files\dotnet\sdk\6.0.401\Extensions'.
TpTrace Information: 0 : 12300, 1, 2023/11/25, 15:15:33.458, 13753045006, vstest.console.dll, AssemblyResolver.OnResolve: Microsoft.Diagnostics.NETCore.Client: Loading assembly 'C:\Program Files\dotnet\sdk\6.0.401\Extensions\Microsoft.Diagnostics.NETCore.Client.dll'.
TpTrace Information: 0 : 12300, 1, 2023/11/25, 15:15:33.458, 13753049966, vstest.console.dll, AssemblyResolver.OnResolve: Resolved assembly: Microsoft.Diagnostics.NETCore.Client, from path: C:\Program Files\dotnet\sdk\6.0.401\Extensions\Microsoft.Diagnostics.NETCore.Client.dll
TpTrace Verbose: 0 : 12300, 1, 2023/11/25, 15:15:33.464, 13753108354, vstest.console.dll, MetadataReaderExtensionsHelper: Discovering extensions inside assembly 'Microsoft.Diagnostics.NETCore.Client, Version=0.2.5.801, Culture=neutral, PublicKeyToken=31bf3856ad364e35' file path 'C:\Program Files\dotnet\sdk\6.0.401\Extensions\Microsoft.Diagnostics.NETCore.Client.dll'
TpTrace Information: 0 : 12300, 1, 2023/11/25, 15:15:33.477, 13753235637, vstest.console.dll, AssemblyResolver.OnResolve: Microsoft.Bcl.AsyncInterfaces: Resolving assembly.
TpTrace Information: 0 : 12300, 1, 2023/11/25, 15:15:33.477, 13753237254, vstest.console.dll, AssemblyResolver.OnResolve: Microsoft.Bcl.AsyncInterfaces: Searching in: 'C:\Program Files\dotnet\sdk\6.0.401\Extensions'.
TpTrace Information: 0 : 12300, 1, 2023/11/25, 15:15:33.477, 13753238257, vstest.console.dll, AssemblyResolver.OnResolve: Microsoft.Bcl.AsyncInterfaces: Assembly path does not exist: 'C:\Program Files\dotnet\sdk\6.0.401\Extensions\Microsoft.Bcl.AsyncInterfaces.dll', returning.
TpTrace Information: 0 : 12300, 1, 2023/11/25, 15:15:33.477, 13753238768, vstest.console.dll, AssemblyResolver.OnResolve: Microsoft.Bcl.AsyncInterfaces: Assembly path does not exist: 'C:\Program Files\dotnet\sdk\6.0.401\Extensions\Microsoft.Bcl.AsyncInterfaces.exe', returning.
TpTrace Information: 0 : 12300, 1, 2023/11/25, 15:15:33.477, 13753239058, vstest.console.dll, AssemblyResolver.OnResolve: Microsoft.Bcl.AsyncInterfaces: Searching in: 'C:\Program Files\dotnet\sdk\6.0.401'.
TpTrace Information: 0 : 12300, 1, 2023/11/25, 15:15:33.477, 13753240276, vstest.console.dll, AssemblyResolver.OnResolve: Microsoft.Bcl.AsyncInterfaces: Assembly path does not exist: 'C:\Program Files\dotnet\sdk\6.0.401\Microsoft.Bcl.AsyncInterfaces.dll', returning.
TpTrace Information: 0 : 12300, 1, 2023/11/25, 15:15:33.477, 13753240907, vstest.console.dll, AssemblyResolver.OnResolve: Microsoft.Bcl.AsyncInterfaces: Assembly path does not exist: 'C:\Program Files\dotnet\sdk\6.0.401\Microsoft.Bcl.AsyncInterfaces.exe', returning.
TpTrace Information: 0 : 12300, 1, 2023/11/25, 15:15:33.477, 13753241192, vstest.console.dll, AssemblyResolver.OnResolve: Microsoft.Bcl.AsyncInterfaces: Failed to load assembly.
TpTrace Verbose: 0 : 12300, 1, 2023/11/25, 15:15:33.478, 13753241635, vstest.console.dll, CurrentDomainAssemblyResolve: Resolving assembly 'Microsoft.Bcl.AsyncInterfaces'.
TpTrace Information: 0 : 12300, 1, 2023/11/25, 15:15:33.478, 13753242471, vstest.console.dll, AssemblyResolver.OnResolve: Microsoft.Bcl.AsyncInterfaces: Resolving assembly.
TpTrace Information: 0 : 12300, 1, 2023/11/25, 15:15:33.478, 13753242895, vstest.console.dll, AssemblyResolver.OnResolve: Microsoft.Bcl.AsyncInterfaces: Resolved from cache.
TpTrace Verbose: 0 : 12300, 1, 2023/11/25, 15:15:33.478, 13753243246, vstest.console.dll, CurrentDomainAssemblyResolve: Resolving assembly 'Microsoft.Bcl.AsyncInterfaces'.
TpTrace Verbose: 0 : 12300, 1, 2023/11/25, 15:15:33.478, 13753243629, vstest.console.dll, CurrentDomainAssemblyResolve: Failed to resolve assembly 'Microsoft.Bcl.AsyncInterfaces'.
TpTrace Verbose: 0 : 12300, 1, 2023/11/25, 15:15:33.478, 13753248533, vstest.console.dll, CurrentDomainAssemblyResolve: Failed to resolve assembly 'Microsoft.Bcl.AsyncInterfaces'.
TpTrace Warning: 0 : 12300, 1, 2023/11/25, 15:15:33.490, 13753361918, vstest.console.dll, TestPluginDiscoverer: Failed to get types from assembly 'Microsoft.Diagnostics.NETCore.Client, Version=0.2.5.801, Culture=neutral, PublicKeyToken=31bf3856ad364e35'. Error: System.Reflection.ReflectionTypeLoadException: Unable to load one or more of the requested types.
Could not load file or assembly 'Microsoft.Bcl.AsyncInterfaces, Version=1.0.0.0, Culture=neutral, PublicKeyToken=cc7b13ffcd2ddd51'. The system cannot find the file specified.
   at System.Reflection.RuntimeModule.GetTypes(RuntimeModule module)
   at System.Reflection.Assembly.GetTypes()
   at Microsoft.VisualStudio.TestPlatform.Common.ExtensionFramework.TestPluginDiscoverer.GetTestExtensionsFromAssembly[TPluginInfo,TExtension](Assembly assembly, Dictionary`2 pluginInfos, String filePath)
System.IO.FileNotFoundException: Could not load file or assembly 'Microsoft.Bcl.AsyncInterfaces, Version=1.0.0.0, Culture=neutral, PublicKeyToken=cc7b13ffcd2ddd51'. The system cannot find the file specified.
File name: 'Microsoft.Bcl.AsyncInterfaces, Version=1.0.0.0, Culture=neutral, PublicKeyToken=cc7b13ffcd2ddd51'
 ---> System.IO.FileNotFoundException: Could not load file or assembly 'Microsoft.Bcl.AsyncInterfaces, Culture=neutral, PublicKeyToken=null'. The system cannot find the file specified.
File name: 'Microsoft.Bcl.AsyncInterfaces, Culture=neutral, PublicKeyToken=null'
   at System.Reflection.RuntimeAssembly.InternalLoad(ObjectHandleOnStack assemblyName, ObjectHandleOnStack requestingAssembly, StackCrawlMarkHandle stackMark, Boolean throwOnFileNotFound, ObjectHandleOnStack assemblyLoadContext, ObjectHandleOnStack retAssembly)
   at System.Reflection.RuntimeAssembly.InternalLoad(AssemblyName assemblyName, RuntimeAssembly requestingAssembly, StackCrawlMark& stackMark, Boolean throwOnFileNotFound, AssemblyLoadContext assemblyLoadContext)
   at System.Reflection.Assembly.Load(AssemblyName assemblyRef)
   at Microsoft.VisualStudio.TestPlatform.Common.ExtensionFramework.TestPluginCache.CurrentDomainAssemblyResolve(Object sender, AssemblyResolveEventArgs args)
   at Microsoft.VisualStudio.TestPlatform.PlatformAbstractions.PlatformAssemblyResolver.AssemblyResolverEvent(Object sender, Object eventArgs)
   at System.Runtime.Loader.AssemblyLoadContext.GetFirstResolvedAssemblyFromResolvingEvent(AssemblyName assemblyName)
   at System.Runtime.Loader.AssemblyLoadContext.ResolveUsingEvent(AssemblyName assemblyName)
   at System.Runtime.Loader.AssemblyLoadContext.ResolveUsingResolvingEvent(IntPtr gchManagedAssemblyLoadContext, AssemblyName assemblyName)
TpTrace Warning: 0 : 12300, 1, 2023/11/25, 15:15:33.490, 13753366962, vstest.console.dll, LoaderExceptions: System.IO.FileNotFoundException: Could not load file or assembly 'Microsoft.Bcl.AsyncInterfaces, Version=1.0.0.0, Culture=neutral, PublicKeyToken=cc7b13ffcd2ddd51'. The system cannot find the file specified.
File name: 'Microsoft.Bcl.AsyncInterfaces, Version=1.0.0.0, Culture=neutral, PublicKeyToken=cc7b13ffcd2ddd51'
 ---> System.IO.FileNotFoundException: Could not load file or assembly 'Microsoft.Bcl.AsyncInterfaces, Culture=neutral, PublicKeyToken=null'. The system cannot find the file specified.
File name: 'Microsoft.Bcl.AsyncInterfaces, Culture=neutral, PublicKeyToken=null'
   at System.Reflection.RuntimeAssembly.InternalLoad(ObjectHandleOnStack assemblyName, ObjectHandleOnStack requestingAssembly, StackCrawlMarkHandle stackMark, Boolean throwOnFileNotFound, ObjectHandleOnStack assemblyLoadContext, ObjectHandleOnStack retAssembly)
   at System.Reflection.RuntimeAssembly.InternalLoad(AssemblyName assemblyName, RuntimeAssembly requestingAssembly, StackCrawlMark& stackMark, Boolean throwOnFileNotFound, AssemblyLoadContext assemblyLoadContext)
   at System.Reflection.Assembly.Load(AssemblyName assemblyRef)
   at Microsoft.VisualStudio.TestPlatform.Common.ExtensionFramework.TestPluginCache.CurrentDomainAssemblyResolve(Object sender, AssemblyResolveEventArgs args)
   at Microsoft.VisualStudio.TestPlatform.PlatformAbstractions.PlatformAssemblyResolver.AssemblyResolverEvent(Object sender, Object eventArgs)
   at System.Runtime.Loader.AssemblyLoadContext.GetFirstResolvedAssemblyFromResolvingEvent(AssemblyName assemblyName)
   at System.Runtime.Loader.AssemblyLoadContext.ResolveUsingEvent(AssemblyName assemblyName)
   at System.Runtime.Loader.AssemblyLoadContext.ResolveUsingResolvingEvent(IntPtr gchManagedAssemblyLoadContext, AssemblyName assemblyName)
TpTrace Information: 0 : 12300, 1, 2023/11/25, 15:15:33.490, 13753368793, vstest.console.dll, AssemblyResolver.OnResolve: Microsoft.TestPlatform.Extensions.BlameDataCollector: Resolving assembly.
TpTrace Information: 0 : 12300, 1, 2023/11/25, 15:15:33.490, 13753369242, vstest.console.dll, AssemblyResolver.OnResolve: Microsoft.TestPlatform.Extensions.BlameDataCollector: Searching in: 'C:\Program Files\dotnet\sdk\6.0.401\Extensions'.
TpTrace Information: 0 : 12300, 1, 2023/11/25, 15:15:33.491, 13753371928, vstest.console.dll, AssemblyResolver.OnResolve: Microsoft.TestPlatform.Extensions.BlameDataCollector: Loading assembly 'C:\Program Files\dotnet\sdk\6.0.401\Extensions\Microsoft.TestPlatform.Extensions.BlameDataCollector.dll'.
TpTrace Information: 0 : 12300, 1, 2023/11/25, 15:15:33.491, 13753376130, vstest.console.dll, AssemblyResolver.OnResolve: Resolved assembly: Microsoft.TestPlatform.Extensions.BlameDataCollector, from path: C:\Program Files\dotnet\sdk\6.0.401\Extensions\Microsoft.TestPlatform.Extensions.BlameDataCollector.dll
TpTrace Verbose: 0 : 12300, 1, 2023/11/25, 15:15:33.491, 13753376975, vstest.console.dll, MetadataReaderExtensionsHelper: Discovering extensions inside assembly 'Microsoft.TestPlatform.Extensions.BlameDataCollector, Version=15.0.0.0, Culture=neutral, PublicKeyToken=b03f5f7f11d50a3a' file path 'C:\Program Files\dotnet\sdk\6.0.401\Extensions\Microsoft.TestPlatform.Extensions.BlameDataCollector.dll'
TpTrace Information: 0 : 12300, 1, 2023/11/25, 15:15:33.493, 13753394717, vstest.console.dll, AssemblyResolver.OnResolve: Microsoft.TestPlatform.Extensions.EventLogCollector: Resolving assembly.
TpTrace Information: 0 : 12300, 1, 2023/11/25, 15:15:33.493, 13753395917, vstest.console.dll, AssemblyResolver.OnResolve: Microsoft.TestPlatform.Extensions.EventLogCollector: Searching in: 'C:\Program Files\dotnet\sdk\6.0.401\Extensions'.
TpTrace Information: 0 : 12300, 1, 2023/11/25, 15:15:33.493, 13753399730, vstest.console.dll, AssemblyResolver.OnResolve: Microsoft.TestPlatform.Extensions.EventLogCollector: Loading assembly 'C:\Program Files\dotnet\sdk\6.0.401\Extensions\Microsoft.TestPlatform.Extensions.EventLogCollector.dll'.
TpTrace Information: 0 : 12300, 1, 2023/11/25, 15:15:33.494, 13753403820, vstest.console.dll, AssemblyResolver.OnResolve: Resolved assembly: Microsoft.TestPlatform.Extensions.EventLogCollector, from path: C:\Program Files\dotnet\sdk\6.0.401\Extensions\Microsoft.TestPlatform.Extensions.EventLogCollector.dll
TpTrace Verbose: 0 : 12300, 1, 2023/11/25, 15:15:33.494, 13753405298, vstest.console.dll, MetadataReaderExtensionsHelper: Discovering extensions inside assembly 'Microsoft.TestPlatform.Extensions.EventLogCollector, Version=15.0.0.0, Culture=neutral, PublicKeyToken=b03f5f7f11d50a3a' file path 'C:\Program Files\dotnet\sdk\6.0.401\Extensions\Microsoft.TestPlatform.Extensions.EventLogCollector.dll'
TpTrace Information: 0 : 12300, 1, 2023/11/25, 15:15:33.496, 13753427368, vstest.console.dll, AssemblyResolver.OnResolve: Microsoft.TestPlatform.TestHostRuntimeProvider: Resolving assembly.
TpTrace Information: 0 : 12300, 1, 2023/11/25, 15:15:33.496, 13753428635, vstest.console.dll, AssemblyResolver.OnResolve: Microsoft.TestPlatform.TestHostRuntimeProvider: Searching in: 'C:\Program Files\dotnet\sdk\6.0.401\Extensions'.
TpTrace Information: 0 : 12300, 1, 2023/11/25, 15:15:33.496, 13753431575, vstest.console.dll, AssemblyResolver.OnResolve: Microsoft.TestPlatform.TestHostRuntimeProvider: Loading assembly 'C:\Program Files\dotnet\sdk\6.0.401\Extensions\Microsoft.TestPlatform.TestHostRuntimeProvider.dll'.
TpTrace Information: 0 : 12300, 1, 2023/11/25, 15:15:33.497, 13753436184, vstest.console.dll, AssemblyResolver.OnResolve: Resolved assembly: Microsoft.TestPlatform.TestHostRuntimeProvider, from path: C:\Program Files\dotnet\sdk\6.0.401\Extensions\Microsoft.TestPlatform.TestHostRuntimeProvider.dll
TpTrace Verbose: 0 : 12300, 1, 2023/11/25, 15:15:33.497, 13753437397, vstest.console.dll, MetadataReaderExtensionsHelper: Discovering extensions inside assembly 'Microsoft.TestPlatform.TestHostRuntimeProvider, Version=15.0.0.0, Culture=neutral, PublicKeyToken=b03f5f7f11d50a3a' file path 'C:\Program Files\dotnet\sdk\6.0.401\Extensions\Microsoft.TestPlatform.TestHostRuntimeProvider.dll'
TpTrace Information: 0 : 12300, 1, 2023/11/25, 15:15:33.499, 13753458686, vstest.console.dll, GetTestExtensionFromType: Register extension with identifier data 'HostProvider://DefaultTestHost' and type 'Microsoft.VisualStudio.TestPlatform.CrossPlatEngine.Hosting.DefaultTestHostManager, Microsoft.TestPlatform.TestHostRuntimeProvider, Version=15.0.0.0, Culture=neutral, PublicKeyToken=b03f5f7f11d50a3a' inside file 'C:\Program Files\dotnet\sdk\6.0.401\Extensions\Microsoft.TestPlatform.TestHostRuntimeProvider.dll'
TpTrace Information: 0 : 12300, 1, 2023/11/25, 15:15:33.499, 13753460142, vstest.console.dll, GetTestExtensionFromType: Register extension with identifier data 'HostProvider://DotnetTestHost' and type 'Microsoft.VisualStudio.TestPlatform.CrossPlatEngine.Hosting.DotnetTestHostManager, Microsoft.TestPlatform.TestHostRuntimeProvider, Version=15.0.0.0, Culture=neutral, PublicKeyToken=b03f5f7f11d50a3a' inside file 'C:\Program Files\dotnet\sdk\6.0.401\Extensions\Microsoft.TestPlatform.TestHostRuntimeProvider.dll'
TpTrace Information: 0 : 12300, 1, 2023/11/25, 15:15:33.499, 13753461051, vstest.console.dll, AssemblyResolver.OnResolve: Microsoft.VisualStudio.TestPlatform.Extensions.Html.TestLogger: Resolving assembly.
TpTrace Information: 0 : 12300, 1, 2023/11/25, 15:15:33.499, 13753461403, vstest.console.dll, AssemblyResolver.OnResolve: Microsoft.VisualStudio.TestPlatform.Extensions.Html.TestLogger: Searching in: 'C:\Program Files\dotnet\sdk\6.0.401\Extensions'.
TpTrace Information: 0 : 12300, 1, 2023/11/25, 15:15:33.500, 13753464283, vstest.console.dll, AssemblyResolver.OnResolve: Microsoft.VisualStudio.TestPlatform.Extensions.Html.TestLogger: Loading assembly 'C:\Program Files\dotnet\sdk\6.0.401\Extensions\Microsoft.VisualStudio.TestPlatform.Extensions.Html.TestLogger.dll'.
TpTrace Information: 0 : 12300, 1, 2023/11/25, 15:15:33.500, 13753468036, vstest.console.dll, AssemblyResolver.OnResolve: Resolved assembly: Microsoft.VisualStudio.TestPlatform.Extensions.Html.TestLogger, from path: C:\Program Files\dotnet\sdk\6.0.401\Extensions\Microsoft.VisualStudio.TestPlatform.Extensions.Html.TestLogger.dll
TpTrace Verbose: 0 : 12300, 1, 2023/11/25, 15:15:33.500, 13753468805, vstest.console.dll, MetadataReaderExtensionsHelper: Discovering extensions inside assembly 'Microsoft.VisualStudio.TestPlatform.Extensions.Html.TestLogger, Version=15.0.0.0, Culture=neutral, PublicKeyToken=b03f5f7f11d50a3a' file path 'C:\Program Files\dotnet\sdk\6.0.401\Extensions\Microsoft.VisualStudio.TestPlatform.Extensions.Html.TestLogger.dll'
TpTrace Information: 0 : 12300, 1, 2023/11/25, 15:15:33.501, 13753476264, vstest.console.dll, AssemblyResolver.OnResolve: Microsoft.VisualStudio.TestPlatform.Extensions.Trx.TestLogger: Resolving assembly.
TpTrace Information: 0 : 12300, 1, 2023/11/25, 15:15:33.501, 13753477202, vstest.console.dll, AssemblyResolver.OnResolve: Microsoft.VisualStudio.TestPlatform.Extensions.Trx.TestLogger: Searching in: 'C:\Program Files\dotnet\sdk\6.0.401\Extensions'.
TpTrace Information: 0 : 12300, 1, 2023/11/25, 15:15:33.501, 13753479810, vstest.console.dll, AssemblyResolver.OnResolve: Microsoft.VisualStudio.TestPlatform.Extensions.Trx.TestLogger: Loading assembly 'C:\Program Files\dotnet\sdk\6.0.401\Extensions\Microsoft.VisualStudio.TestPlatform.Extensions.Trx.TestLogger.dll'.
TpTrace Information: 0 : 12300, 1, 2023/11/25, 15:15:33.502, 13753484337, vstest.console.dll, AssemblyResolver.OnResolve: Resolved assembly: Microsoft.VisualStudio.TestPlatform.Extensions.Trx.TestLogger, from path: C:\Program Files\dotnet\sdk\6.0.401\Extensions\Microsoft.VisualStudio.TestPlatform.Extensions.Trx.TestLogger.dll
TpTrace Verbose: 0 : 12300, 1, 2023/11/25, 15:15:33.502, 13753485268, vstest.console.dll, MetadataReaderExtensionsHelper: Discovering extensions inside assembly 'Microsoft.VisualStudio.TestPlatform.Extensions.Trx.TestLogger, Version=15.0.0.0, Culture=neutral, PublicKeyToken=b03f5f7f11d50a3a' file path 'C:\Program Files\dotnet\sdk\6.0.401\Extensions\Microsoft.VisualStudio.TestPlatform.Extensions.Trx.TestLogger.dll'
TpTrace Verbose: 0 : 12300, 1, 2023/11/25, 15:15:33.503, 13753496590, vstest.console.dll, TestPluginCache: Discovered the extensions using extension path ''.
TpTrace Verbose: 0 : 12300, 1, 2023/11/25, 15:15:33.503, 13753497699, vstest.console.dll, TestPluginCache: Discoverers are ''.
TpTrace Verbose: 0 : 12300, 1, 2023/11/25, 15:15:33.503, 13753498140, vstest.console.dll, TestPluginCache: Executors are ''.
TpTrace Verbose: 0 : 12300, 1, 2023/11/25, 15:15:33.503, 13753498468, vstest.console.dll, TestPluginCache: Executors2 are ''.
TpTrace Verbose: 0 : 12300, 1, 2023/11/25, 15:15:33.503, 13753498772, vstest.console.dll, TestPluginCache: Setting providers are ''.
TpTrace Verbose: 0 : 12300, 1, 2023/11/25, 15:15:33.503, 13753499014, vstest.console.dll, TestPluginCache: Loggers are ''.
TpTrace Verbose: 0 : 12300, 1, 2023/11/25, 15:15:33.503, 13753500991, vstest.console.dll, TestPluginCache: TestHosts are 'HostProvider://DefaultTestHost,HostProvider://DotnetTestHost'.
TpTrace Verbose: 0 : 12300, 1, 2023/11/25, 15:15:33.503, 13753501390, vstest.console.dll, TestPluginCache: DataCollectors are ''.
TpTrace Information: 0 : 12300, 1, 2023/11/25, 15:15:33.516, 13753626136, vstest.console.dll, RunTestsArgumentProcessor:Execute: Test run is starting.
TpTrace Verbose: 0 : 12300, 1, 2023/11/25, 15:15:33.516, 13753627213, vstest.console.dll, RunTestsArgumentProcessor:Execute: Queuing Test run.
TpTrace Information: 0 : 12300, 1, 2023/11/25, 15:15:33.516, 13753629775, vstest.console.dll, TestRequestManager.RunTests: run tests started.
TpTrace Information: 0 : 12300, 1, 2023/11/25, 15:15:33.518, 13753645117, vstest.console.dll, AssemblyMetadataProvider.GetFrameworkName: Determined framework:'.NETCoreApp,Version=v6.0' for source: 'C:\Users\asb20\source\repos\test_lab2\test_lab2Tests\bin\Debug\net6.0\fine-code-coverage\build-output\test_lab2Tests.dll'
TpTrace Information: 0 : 12300, 1, 2023/11/25, 15:15:33.518, 13753647363, vstest.console.dll, Determined framework for all sources: .NETCoreApp,Version=v6.0
TpTrace Verbose: 0 : 12300, 1, 2023/11/25, 15:15:33.519, 13753653833, vstest.console.dll, TestRequestManager.UpdateRunSettingsIfRequired: Default architecture: X64 IsDefaultTargetArchitecture: True, Current process architecture: X64 OperatingSystem: Windows.
TpTrace Information: 0 : 12300, 1, 2023/11/25, 15:15:33.522, 13753685158, vstest.console.dll, AssemblyMetadataProvider.GetArchitecture: Determined architecture:AnyCPU info for assembly: C:\Users\asb20\source\repos\test_lab2\test_lab2Tests\bin\Debug\net6.0\fine-code-coverage\build-output\test_lab2Tests.dll
TpTrace Information: 0 : 12300, 1, 2023/11/25, 15:15:33.522, 13753686141, vstest.console.dll, Determined platform for source 'C:\Users\asb20\source\repos\test_lab2\test_lab2Tests\bin\Debug\net6.0\fine-code-coverage\build-output\test_lab2Tests.dll' was AnyCPU and it will use the default plaform X64.
TpTrace Information: 0 : 12300, 1, 2023/11/25, 15:15:33.522, 13753686441, vstest.console.dll, None of the sources provided any runnable platform, using the default platform: X64
TpTrace Information: 0 : 12300, 1, 2023/11/25, 15:15:33.522, 13753687598, vstest.console.dll, Platform was updated to 'X64'.
TpTrace Information: 0 : 12300, 1, 2023/11/25, 15:15:33.527, 13753737316, vstest.console.dll, InferRunSettingsHelper.IsTestSettingsEnabled: Unable to navigate to RunSettings/MSTest. Current node: RunSettings
TpTrace Information: 0 : 12300, 1, 2023/11/25, 15:15:33.528, 13753746485, vstest.console.dll, AssemblyResolver.OnResolve: Microsoft.VisualStudio.TestPlatform.Fakes: Resolving assembly.
TpTrace Information: 0 : 12300, 1, 2023/11/25, 15:15:33.528, 13753747655, vstest.console.dll, AssemblyResolver.OnResolve: Microsoft.VisualStudio.TestPlatform.Fakes: Searching in: 'C:\Program Files\dotnet\sdk\6.0.401\Extensions'.
TpTrace Information: 0 : 12300, 1, 2023/11/25, 15:15:33.528, 13753748736, vstest.console.dll, AssemblyResolver.OnResolve: Microsoft.VisualStudio.TestPlatform.Fakes: Assembly path does not exist: 'C:\Program Files\dotnet\sdk\6.0.401\Extensions\Microsoft.VisualStudio.TestPlatform.Fakes.dll', returning.
TpTrace Information: 0 : 12300, 1, 2023/11/25, 15:15:33.528, 13753749374, vstest.console.dll, AssemblyResolver.OnResolve: Microsoft.VisualStudio.TestPlatform.Fakes: Assembly path does not exist: 'C:\Program Files\dotnet\sdk\6.0.401\Extensions\Microsoft.VisualStudio.TestPlatform.Fakes.exe', returning.
TpTrace Information: 0 : 12300, 1, 2023/11/25, 15:15:33.528, 13753749660, vstest.console.dll, AssemblyResolver.OnResolve: Microsoft.VisualStudio.TestPlatform.Fakes: Searching in: 'C:\Program Files\dotnet\sdk\6.0.401'.
TpTrace Information: 0 : 12300, 1, 2023/11/25, 15:15:33.528, 13753750266, vstest.console.dll, AssemblyResolver.OnResolve: Microsoft.VisualStudio.TestPlatform.Fakes: Assembly path does not exist: 'C:\Program Files\dotnet\sdk\6.0.401\Microsoft.VisualStudio.TestPlatform.Fakes.dll', returning.
TpTrace Information: 0 : 12300, 1, 2023/11/25, 15:15:33.528, 13753750771, vstest.console.dll, AssemblyResolver.OnResolve: Microsoft.VisualStudio.TestPlatform.Fakes: Assembly path does not exist: 'C:\Program Files\dotnet\sdk\6.0.401\Microsoft.VisualStudio.TestPlatform.Fakes.exe', returning.
TpTrace Information: 0 : 12300, 1, 2023/11/25, 15:15:33.528, 13753751144, vstest.console.dll, AssemblyResolver.OnResolve: Microsoft.VisualStudio.TestPlatform.Fakes: Failed to load assembly.
TpTrace Information: 0 : 12300, 1, 2023/11/25, 15:15:33.529, 13753754299, vstest.console.dll, Failed to load assembly Microsoft.VisualStudio.TestPlatform.Fakes, Version=17.0.0.0, Culture=neutral. Reason:System.IO.FileNotFoundException: Could not load file or assembly 'Microsoft.VisualStudio.TestPlatform.Fakes, Version=17.0.0.0, Culture=neutral, PublicKeyToken=null'. The system cannot find the file specified.
File name: 'Microsoft.VisualStudio.TestPlatform.Fakes, Version=17.0.0.0, Culture=neutral, PublicKeyToken=null'
   at System.Reflection.RuntimeAssembly.InternalLoad(ObjectHandleOnStack assemblyName, ObjectHandleOnStack requestingAssembly, StackCrawlMarkHandle stackMark, Boolean throwOnFileNotFound, ObjectHandleOnStack assemblyLoadContext, ObjectHandleOnStack retAssembly)
   at System.Reflection.RuntimeAssembly.InternalLoad(AssemblyName assemblyName, RuntimeAssembly requestingAssembly, StackCrawlMark& stackMark, Boolean throwOnFileNotFound, AssemblyLoadContext assemblyLoadContext)
   at System.Reflection.Assembly.Load(AssemblyName assemblyRef)
   at Microsoft.VisualStudio.TestPlatform.Common.Utilities.FakesUtilities.LoadTestPlatformAssembly()
TpTrace Verbose: 0 : 12300, 1, 2023/11/25, 15:15:33.533, 13753798244, vstest.console.dll, TestPluginCache.DiscoverTestExtensions: finding test extensions in assemblies ends with: TestLogger.dll TPluginInfo: Microsoft.VisualStudio.TestPlatform.Common.ExtensionFramework.Utilities.TestLoggerPluginInformation TExtension: Microsoft.VisualStudio.TestPlatform.ObjectModel.Client.ITestLogger
TpTrace Verbose: 0 : 12300, 1, 2023/11/25, 15:15:33.533, 13753799509, vstest.console.dll, TestPluginCache.GetExtensionPaths: Filtered extension paths: 
TpTrace Verbose: 0 : 12300, 1, 2023/11/25, 15:15:33.533, 13753799841, vstest.console.dll, TestPluginCache.GetExtensionPaths: Added default extension paths: C:\Program Files\dotnet\sdk\6.0.401\Extensions\Microsoft.Diagnostics.NETCore.Client.dll
C:\Program Files\dotnet\sdk\6.0.401\Extensions\Microsoft.TestPlatform.Extensions.BlameDataCollector.dll
C:\Program Files\dotnet\sdk\6.0.401\Extensions\Microsoft.TestPlatform.Extensions.EventLogCollector.dll
C:\Program Files\dotnet\sdk\6.0.401\Extensions\Microsoft.TestPlatform.TestHostRuntimeProvider.dll
C:\Program Files\dotnet\sdk\6.0.401\Extensions\Microsoft.VisualStudio.TestPlatform.Extensions.Html.TestLogger.dll
C:\Program Files\dotnet\sdk\6.0.401\Extensions\Microsoft.VisualStudio.TestPlatform.Extensions.Trx.TestLogger.dll
TpTrace Verbose: 0 : 12300, 1, 2023/11/25, 15:15:33.533, 13753800187, vstest.console.dll, TestPluginCache.GetExtensionPaths: Added unfilterableExtensionPaths: 
TpTrace Information: 0 : 12300, 1, 2023/11/25, 15:15:33.534, 13753802069, vstest.console.dll, AssemblyResolver.AddSearchDirectories: Adding more searchDirectories C:\Program Files\dotnet\sdk\6.0.401\Extensions,C:\Program Files\dotnet\sdk\6.0.401
TpTrace Verbose: 0 : 12300, 1, 2023/11/25, 15:15:33.534, 13753802600, vstest.console.dll, TestPluginCache.DiscoverTestExtensions: Discovering the extensions using extension path.
TpTrace Verbose: 0 : 12300, 1, 2023/11/25, 15:15:33.534, 13753802990, vstest.console.dll, TestPluginCache.GetExtensionPaths: Filtered extension paths: 
TpTrace Verbose: 0 : 12300, 1, 2023/11/25, 15:15:33.534, 13753803267, vstest.console.dll, TestPluginCache.GetExtensionPaths: Added default extension paths: C:\Program Files\dotnet\sdk\6.0.401\Extensions\Microsoft.Diagnostics.NETCore.Client.dll
C:\Program Files\dotnet\sdk\6.0.401\Extensions\Microsoft.TestPlatform.Extensions.BlameDataCollector.dll
C:\Program Files\dotnet\sdk\6.0.401\Extensions\Microsoft.TestPlatform.Extensions.EventLogCollector.dll
C:\Program Files\dotnet\sdk\6.0.401\Extensions\Microsoft.TestPlatform.TestHostRuntimeProvider.dll
C:\Program Files\dotnet\sdk\6.0.401\Extensions\Microsoft.VisualStudio.TestPlatform.Extensions.Html.TestLogger.dll
C:\Program Files\dotnet\sdk\6.0.401\Extensions\Microsoft.VisualStudio.TestPlatform.Extensions.Trx.TestLogger.dll
TpTrace Verbose: 0 : 12300, 1, 2023/11/25, 15:15:33.534, 13753803591, vstest.console.dll, TestPluginCache.GetExtensionPaths: Added unfilterableExtensionPaths: 
TpTrace Verbose: 0 : 12300, 1, 2023/11/25, 15:15:33.534, 13753803871, vstest.console.dll, TestPluginCache.DiscoverTestExtensions: Discovering the extensions using allExtensionPaths: C:\Program Files\dotnet\sdk\6.0.401\Extensions\Microsoft.Diagnostics.NETCore.Client.dll
C:\Program Files\dotnet\sdk\6.0.401\Extensions\Microsoft.TestPlatform.Extensions.BlameDataCollector.dll
C:\Program Files\dotnet\sdk\6.0.401\Extensions\Microsoft.TestPlatform.Extensions.EventLogCollector.dll
C:\Program Files\dotnet\sdk\6.0.401\Extensions\Microsoft.TestPlatform.TestHostRuntimeProvider.dll
C:\Program Files\dotnet\sdk\6.0.401\Extensions\Microsoft.VisualStudio.TestPlatform.Extensions.Html.TestLogger.dll
C:\Program Files\dotnet\sdk\6.0.401\Extensions\Microsoft.VisualStudio.TestPlatform.Extensions.Trx.TestLogger.dll
TpTrace Information: 0 : 12300, 1, 2023/11/25, 15:15:33.534, 13753805057, vstest.console.dll, AssemblyResolver.AddSearchDirectories: Adding more searchDirectories C:\Program Files\dotnet\sdk\6.0.401\Extensions,C:\Program Files\dotnet\sdk\6.0.401
TpTrace Information: 0 : 12300, 1, 2023/11/25, 15:15:33.534, 13753805513, vstest.console.dll, AssemblyResolver.AddSearchDirectories: Adding more searchDirectories C:\Program Files\dotnet\sdk\6.0.401\Extensions,C:\Program Files\dotnet\sdk\6.0.401
TpTrace Information: 0 : 12300, 1, 2023/11/25, 15:15:33.534, 13753805798, vstest.console.dll, AssemblyResolver.AddSearchDirectories: Adding more searchDirectories C:\Program Files\dotnet\sdk\6.0.401\Extensions,C:\Program Files\dotnet\sdk\6.0.401
TpTrace Information: 0 : 12300, 1, 2023/11/25, 15:15:33.534, 13753806150, vstest.console.dll, AssemblyResolver.AddSearchDirectories: Adding more searchDirectories C:\Program Files\dotnet\sdk\6.0.401\Extensions,C:\Program Files\dotnet\sdk\6.0.401
TpTrace Information: 0 : 12300, 1, 2023/11/25, 15:15:33.534, 13753806429, vstest.console.dll, AssemblyResolver.AddSearchDirectories: Adding more searchDirectories C:\Program Files\dotnet\sdk\6.0.401\Extensions,C:\Program Files\dotnet\sdk\6.0.401
TpTrace Information: 0 : 12300, 1, 2023/11/25, 15:15:33.534, 13753806702, vstest.console.dll, AssemblyResolver.AddSearchDirectories: Adding more searchDirectories C:\Program Files\dotnet\sdk\6.0.401\Extensions,C:\Program Files\dotnet\sdk\6.0.401
TpTrace Verbose: 0 : 12300, 1, 2023/11/25, 15:15:33.534, 13753808287, vstest.console.dll, MetadataReaderExtensionsHelper: Discovering extensions inside assembly 'Microsoft.Diagnostics.NETCore.Client, Version=0.2.5.801, Culture=neutral, PublicKeyToken=31bf3856ad364e35' file path 'C:\Program Files\dotnet\sdk\6.0.401\Extensions\Microsoft.Diagnostics.NETCore.Client.dll'
TpTrace Information: 0 : 12300, 1, 2023/11/25, 15:15:33.535, 13753814058, vstest.console.dll, AssemblyResolver.OnResolve: Microsoft.Bcl.AsyncInterfaces: Resolving assembly.
TpTrace Information: 0 : 12300, 1, 2023/11/25, 15:15:33.535, 13753814891, vstest.console.dll, AssemblyResolver.OnResolve: Microsoft.Bcl.AsyncInterfaces: Resolved from cache.
TpTrace Verbose: 0 : 12300, 1, 2023/11/25, 15:15:33.535, 13753815239, vstest.console.dll, CurrentDomainAssemblyResolve: Resolving assembly 'Microsoft.Bcl.AsyncInterfaces'.
TpTrace Information: 0 : 12300, 1, 2023/11/25, 15:15:33.535, 13753815761, vstest.console.dll, AssemblyResolver.OnResolve: Microsoft.Bcl.AsyncInterfaces: Resolving assembly.
TpTrace Information: 0 : 12300, 1, 2023/11/25, 15:15:33.535, 13753816049, vstest.console.dll, AssemblyResolver.OnResolve: Microsoft.Bcl.AsyncInterfaces: Resolved from cache.
TpTrace Verbose: 0 : 12300, 1, 2023/11/25, 15:15:33.535, 13753816328, vstest.console.dll, CurrentDomainAssemblyResolve: Resolving assembly 'Microsoft.Bcl.AsyncInterfaces'.
TpTrace Verbose: 0 : 12300, 1, 2023/11/25, 15:15:33.535, 13753816580, vstest.console.dll, CurrentDomainAssemblyResolve: Failed to resolve assembly 'Microsoft.Bcl.AsyncInterfaces'.
TpTrace Verbose: 0 : 12300, 1, 2023/11/25, 15:15:33.535, 13753819007, vstest.console.dll, CurrentDomainAssemblyResolve: Failed to resolve assembly 'Microsoft.Bcl.AsyncInterfaces'.
TpTrace Warning: 0 : 12300, 1, 2023/11/25, 15:15:33.536, 13753823884, vstest.console.dll, TestPluginDiscoverer: Failed to get types from assembly 'Microsoft.Diagnostics.NETCore.Client, Version=0.2.5.801, Culture=neutral, PublicKeyToken=31bf3856ad364e35'. Error: System.Reflection.ReflectionTypeLoadException: Unable to load one or more of the requested types.
Could not load file or assembly 'Microsoft.Bcl.AsyncInterfaces, Version=1.0.0.0, Culture=neutral, PublicKeyToken=cc7b13ffcd2ddd51'. The system cannot find the file specified.
   at System.Reflection.RuntimeModule.GetTypes(RuntimeModule module)
   at System.Reflection.Assembly.GetTypes()
   at Microsoft.VisualStudio.TestPlatform.Common.ExtensionFramework.TestPluginDiscoverer.GetTestExtensionsFromAssembly[TPluginInfo,TExtension](Assembly assembly, Dictionary`2 pluginInfos, String filePath)
System.IO.FileNotFoundException: Could not load file or assembly 'Microsoft.Bcl.AsyncInterfaces, Version=1.0.0.0, Culture=neutral, PublicKeyToken=cc7b13ffcd2ddd51'. The system cannot find the file specified.
File name: 'Microsoft.Bcl.AsyncInterfaces, Version=1.0.0.0, Culture=neutral, PublicKeyToken=cc7b13ffcd2ddd51'
 ---> System.IO.FileNotFoundException: Could not load file or assembly 'Microsoft.Bcl.AsyncInterfaces, Culture=neutral, PublicKeyToken=null'. The system cannot find the file specified.
File name: 'Microsoft.Bcl.AsyncInterfaces, Culture=neutral, PublicKeyToken=null'
   at System.Reflection.RuntimeAssembly.InternalLoad(ObjectHandleOnStack assemblyName, ObjectHandleOnStack requestingAssembly, StackCrawlMarkHandle stackMark, Boolean throwOnFileNotFound, ObjectHandleOnStack assemblyLoadContext, ObjectHandleOnStack retAssembly)
   at System.Reflection.RuntimeAssembly.InternalLoad(AssemblyName assemblyName, RuntimeAssembly requestingAssembly, StackCrawlMark& stackMark, Boolean throwOnFileNotFound, AssemblyLoadContext assemblyLoadContext)
   at System.Reflection.Assembly.Load(AssemblyName assemblyRef)
   at Microsoft.VisualStudio.TestPlatform.Common.ExtensionFramework.TestPluginCache.CurrentDomainAssemblyResolve(Object sender, AssemblyResolveEventArgs args)
   at Microsoft.VisualStudio.TestPlatform.PlatformAbstractions.PlatformAssemblyResolver.AssemblyResolverEvent(Object sender, Object eventArgs)
   at System.Runtime.Loader.AssemblyLoadContext.GetFirstResolvedAssemblyFromResolvingEvent(AssemblyName assemblyName)
   at System.Runtime.Loader.AssemblyLoadContext.ResolveUsingEvent(AssemblyName assemblyName)
   at System.Runtime.Loader.AssemblyLoadContext.ResolveUsingResolvingEvent(IntPtr gchManagedAssemblyLoadContext, AssemblyName assemblyName)
TpTrace Warning: 0 : 12300, 1, 2023/11/25, 15:15:33.536, 13753826439, vstest.console.dll, LoaderExceptions: System.IO.FileNotFoundException: Could not load file or assembly 'Microsoft.Bcl.AsyncInterfaces, Version=1.0.0.0, Culture=neutral, PublicKeyToken=cc7b13ffcd2ddd51'. The system cannot find the file specified.
File name: 'Microsoft.Bcl.AsyncInterfaces, Version=1.0.0.0, Culture=neutral, PublicKeyToken=cc7b13ffcd2ddd51'
 ---> System.IO.FileNotFoundException: Could not load file or assembly 'Microsoft.Bcl.AsyncInterfaces, Culture=neutral, PublicKeyToken=null'. The system cannot find the file specified.
File name: 'Microsoft.Bcl.AsyncInterfaces, Culture=neutral, PublicKeyToken=null'
   at System.Reflection.RuntimeAssembly.InternalLoad(ObjectHandleOnStack assemblyName, ObjectHandleOnStack requestingAssembly, StackCrawlMarkHandle stackMark, Boolean throwOnFileNotFound, ObjectHandleOnStack assemblyLoadContext, ObjectHandleOnStack retAssembly)
   at System.Reflection.RuntimeAssembly.InternalLoad(AssemblyName assemblyName, RuntimeAssembly requestingAssembly, StackCrawlMark& stackMark, Boolean throwOnFileNotFound, AssemblyLoadContext assemblyLoadContext)
   at System.Reflection.Assembly.Load(AssemblyName assemblyRef)
   at Microsoft.VisualStudio.TestPlatform.Common.ExtensionFramework.TestPluginCache.CurrentDomainAssemblyResolve(Object sender, AssemblyResolveEventArgs args)
   at Microsoft.VisualStudio.TestPlatform.PlatformAbstractions.PlatformAssemblyResolver.AssemblyResolverEvent(Object sender, Object eventArgs)
   at System.Runtime.Loader.AssemblyLoadContext.GetFirstResolvedAssemblyFromResolvingEvent(AssemblyName assemblyName)
   at System.Runtime.Loader.AssemblyLoadContext.ResolveUsingEvent(AssemblyName assemblyName)
   at System.Runtime.Loader.AssemblyLoadContext.ResolveUsingResolvingEvent(IntPtr gchManagedAssemblyLoadContext, AssemblyName assemblyName)
TpTrace Verbose: 0 : 12300, 1, 2023/11/25, 15:15:33.536, 13753827604, vstest.console.dll, MetadataReaderExtensionsHelper: Discovering extensions inside assembly 'Microsoft.TestPlatform.Extensions.BlameDataCollector, Version=15.0.0.0, Culture=neutral, PublicKeyToken=b03f5f7f11d50a3a' file path 'C:\Program Files\dotnet\sdk\6.0.401\Extensions\Microsoft.TestPlatform.Extensions.BlameDataCollector.dll'
TpTrace Information: 0 : 12300, 1, 2023/11/25, 15:15:33.537, 13753833608, vstest.console.dll, GetTestExtensionFromType: Register extension with identifier data 'logger://Microsoft/TestPlatform/Extensions/Blame/v1' and type 'Microsoft.TestPlatform.Extensions.BlameDataCollector.BlameLogger, Microsoft.TestPlatform.Extensions.BlameDataCollector, Version=15.0.0.0, Culture=neutral, PublicKeyToken=b03f5f7f11d50a3a' inside file 'C:\Program Files\dotnet\sdk\6.0.401\Extensions\Microsoft.TestPlatform.Extensions.BlameDataCollector.dll'
TpTrace Verbose: 0 : 12300, 1, 2023/11/25, 15:15:33.537, 13753834682, vstest.console.dll, MetadataReaderExtensionsHelper: Discovering extensions inside assembly 'Microsoft.TestPlatform.Extensions.EventLogCollector, Version=15.0.0.0, Culture=neutral, PublicKeyToken=b03f5f7f11d50a3a' file path 'C:\Program Files\dotnet\sdk\6.0.401\Extensions\Microsoft.TestPlatform.Extensions.EventLogCollector.dll'
TpTrace Verbose: 0 : 12300, 1, 2023/11/25, 15:15:33.537, 13753838374, vstest.console.dll, MetadataReaderExtensionsHelper: Discovering extensions inside assembly 'Microsoft.TestPlatform.TestHostRuntimeProvider, Version=15.0.0.0, Culture=neutral, PublicKeyToken=b03f5f7f11d50a3a' file path 'C:\Program Files\dotnet\sdk\6.0.401\Extensions\Microsoft.TestPlatform.TestHostRuntimeProvider.dll'
TpTrace Verbose: 0 : 12300, 1, 2023/11/25, 15:15:33.537, 13753841593, vstest.console.dll, MetadataReaderExtensionsHelper: Discovering extensions inside assembly 'Microsoft.VisualStudio.TestPlatform.Extensions.Html.TestLogger, Version=15.0.0.0, Culture=neutral, PublicKeyToken=b03f5f7f11d50a3a' file path 'C:\Program Files\dotnet\sdk\6.0.401\Extensions\Microsoft.VisualStudio.TestPlatform.Extensions.Html.TestLogger.dll'
TpTrace Information: 0 : 12300, 1, 2023/11/25, 15:15:33.538, 13753845206, vstest.console.dll, GetTestExtensionFromType: Register extension with identifier data 'logger://Microsoft/TestPlatform/HtmlLogger/v1' and type 'Microsoft.VisualStudio.TestPlatform.Extensions.HtmlLogger.HtmlLogger, Microsoft.VisualStudio.TestPlatform.Extensions.Html.TestLogger, Version=15.0.0.0, Culture=neutral, PublicKeyToken=b03f5f7f11d50a3a' inside file 'C:\Program Files\dotnet\sdk\6.0.401\Extensions\Microsoft.VisualStudio.TestPlatform.Extensions.Html.TestLogger.dll'
TpTrace Verbose: 0 : 12300, 1, 2023/11/25, 15:15:33.538, 13753846012, vstest.console.dll, MetadataReaderExtensionsHelper: Discovering extensions inside assembly 'Microsoft.VisualStudio.TestPlatform.Extensions.Trx.TestLogger, Version=15.0.0.0, Culture=neutral, PublicKeyToken=b03f5f7f11d50a3a' file path 'C:\Program Files\dotnet\sdk\6.0.401\Extensions\Microsoft.VisualStudio.TestPlatform.Extensions.Trx.TestLogger.dll'
TpTrace Information: 0 : 12300, 1, 2023/11/25, 15:15:33.538, 13753849421, vstest.console.dll, GetTestExtensionFromType: Register extension with identifier data 'logger://Microsoft/TestPlatform/TrxLogger/v1' and type 'Microsoft.VisualStudio.TestPlatform.Extensions.TrxLogger.TrxLogger, Microsoft.VisualStudio.TestPlatform.Extensions.Trx.TestLogger, Version=15.0.0.0, Culture=neutral, PublicKeyToken=b03f5f7f11d50a3a' inside file 'C:\Program Files\dotnet\sdk\6.0.401\Extensions\Microsoft.VisualStudio.TestPlatform.Extensions.Trx.TestLogger.dll'
TpTrace Verbose: 0 : 12300, 1, 2023/11/25, 15:15:33.538, 13753850253, vstest.console.dll, TestPluginCache: Discovered the extensions using extension path ''.
TpTrace Verbose: 0 : 12300, 1, 2023/11/25, 15:15:33.538, 13753851297, vstest.console.dll, TestPluginCache: Discoverers are ''.
TpTrace Verbose: 0 : 12300, 1, 2023/11/25, 15:15:33.539, 13753851834, vstest.console.dll, TestPluginCache: Executors are ''.
TpTrace Verbose: 0 : 12300, 1, 2023/11/25, 15:15:33.539, 13753852465, vstest.console.dll, TestPluginCache: Executors2 are ''.
TpTrace Verbose: 0 : 12300, 1, 2023/11/25, 15:15:33.539, 13753853093, vstest.console.dll, TestPluginCache: Setting providers are ''.
TpTrace Verbose: 0 : 12300, 1, 2023/11/25, 15:15:33.539, 13753854321, vstest.console.dll, TestPluginCache: Loggers are 'logger://Microsoft/TestPlatform/Extensions/Blame/v1,logger://Microsoft/TestPlatform/HtmlLogger/v1,logger://Microsoft/TestPlatform/TrxLogger/v1'.
TpTrace Verbose: 0 : 12300, 1, 2023/11/25, 15:15:33.539, 13753855151, vstest.console.dll, TestPluginCache: TestHosts are 'HostProvider://DefaultTestHost,HostProvider://DotnetTestHost'.
TpTrace Verbose: 0 : 12300, 1, 2023/11/25, 15:15:33.539, 13753855437, vstest.console.dll, TestPluginCache: DataCollectors are ''.
TpTrace Information: 0 : 12300, 1, 2023/11/25, 15:15:33.540, 13753864015, vstest.console.dll, TestPluginManager.CreateTestExtension: Attempting to load test extension: Microsoft.TestPlatform.Extensions.BlameDataCollector.BlameLogger
TpTrace Verbose: 0 : 12300, 1, 2023/11/25, 15:15:33.546, 13753927591, vstest.console.dll, TestEngine: Initializing Parallel Execution as MaxCpuCount is set to: 1
TpTrace Information: 0 : 12300, 1, 2023/11/25, 15:15:33.550, 13753962537, vstest.console.dll, TestPluginManager.CreateTestExtension: Attempting to load test extension: Microsoft.VisualStudio.TestPlatform.CrossPlatEngine.Hosting.DefaultTestHostManager
TpTrace Information: 0 : 12300, 1, 2023/11/25, 15:15:33.551, 13753972858, vstest.console.dll, TestPluginManager.CreateTestExtension: Attempting to load test extension: Microsoft.VisualStudio.TestPlatform.CrossPlatEngine.Hosting.DotnetTestHostManager
TpTrace Information: 0 : 12300, 1, 2023/11/25, 15:15:33.551, 13753980000, vstest.console.dll, InferRunSettingsHelper.IsTestSettingsEnabled: Unable to navigate to RunSettings/MSTest. Current node: RunSettings
TpTrace Verbose: 0 : 12300, 1, 2023/11/25, 15:15:33.558, 13754046336, vstest.console.dll, TestEngine.GetExecutionManager: Chosen execution manager 'Microsoft.VisualStudio.TestPlatform.CrossPlatEngine.Client.Parallel.ParallelProxyExecutionManager, Microsoft.TestPlatform.CrossPlatEngine, Version=15.0.0.0, Culture=neutral, PublicKeyToken=b03f5f7f11d50a3a' ParallelLevel '1'.
TpTrace Verbose: 0 : 12300, 1, 2023/11/25, 15:15:33.558, 13754048754, vstest.console.dll, TestRunRequest.ExecuteAsync: Creating test run request.
TpTrace Verbose: 0 : 12300, 1, 2023/11/25, 15:15:33.559, 13754052099, vstest.console.dll, TestRunRequest.ExecuteAsync: Starting.
TpTrace Information: 0 : 12300, 1, 2023/11/25, 15:15:33.559, 13754056298, vstest.console.dll, TestRunRequest.ExecuteAsync: Starting run with settings:TestRunCriteria:
   KeepAlive=False,FrequencyOfRunStatsChangeEvent=10,RunStatsChangeEventTimeout=00:00:01.5000000,TestCaseFilter=,TestExecutorLauncher=
   Settingsxml=<RunSettings>
  <RunConfiguration>
    <ResultsDirectory>C:\Users\asb20\source\repos\test_lab2\test_lab2Tests\bin\Debug\net6.0\fine-code-coverage\coverage-tool-output</ResultsDirectory>
    <TargetPlatform>X64</TargetPlatform>
    <TargetFrameworkVersion>.NETCoreApp,Version=v6.0</TargetFrameworkVersion>
    <DesignMode>False</DesignMode>
    <CollectSourceInformation>False</CollectSourceInformation>
  </RunConfiguration>
  <LoggerRunSettings>
    <Loggers>
      <Logger friendlyName="blame" enabled="True" />
      <Logger friendlyName="Console" uri="logger://microsoft/TestPlatform/ConsoleLogger/v1" assemblyQualifiedName="Microsoft.VisualStudio.TestPlatform.CommandLine.Internal.ConsoleLogger, vstest.console, Version=15.0.0.0, Culture=neutral, PublicKeyToken=b03f5f7f11d50a3a" codeBase="C:\Program Files\dotnet\sdk\6.0.401\vstest.console.dll" enabled="True" />
    </Loggers>
  </LoggerRunSettings>
  <DataCollectionRunSettings>
    <DataCollectors>
      <DataCollector friendlyName="blame" enabled="True">
        <Configuration>
          <ResultsDirectory>C:\Users\asb20\source\repos\test_lab2\test_lab2Tests\bin\Debug\net6.0\fine-code-coverage\coverage-tool-output</ResultsDirectory>
        </Configuration>
      </DataCollector>
    </DataCollectors>
  </DataCollectionRunSettings>
</RunSettings>

TpTrace Verbose: 0 : 12300, 1, 2023/11/25, 15:15:33.559, 13754057076, vstest.console.dll, TestRunRequest.ExecuteAsync: Wait for the first run request is over.
TpTrace Verbose: 0 : 12300, 1, 2023/11/25, 15:15:33.559, 13754060938, vstest.console.dll, MulticastDelegateUtilities.SafeInvoke: TestRun.TestRunStart: Invoking callbacks was skipped because there are no subscribers.
TpTrace Verbose: 0 : 12300, 4, 2023/11/25, 15:15:33.560, 13754065078, vstest.console.dll, MulticastDelegateUtilities.SafeInvoke: InternalTestLoggerEvents.SendTestRunStart: Invoking callback 1/1 for Microsoft.VisualStudio.TestPlatform.CommandLine.Internal.ConsoleLogger.TestRunStartHandler, took 0 ms.
TpTrace Verbose: 0 : 12300, 1, 2023/11/25, 15:15:33.561, 13754074002, vstest.console.dll, ParallelProxyExecutionManager: Start execution. Total sources: 1
TpTrace Verbose: 0 : 12300, 1, 2023/11/25, 15:15:33.563, 13754092792, vstest.console.dll, TestRequestSender is acting as server.
TpTrace Verbose: 0 : 12300, 1, 2023/11/25, 15:15:33.564, 13754107763, vstest.console.dll, DataCollectionRequestSender.InitializeCommunication : Initialize communication. 
TpTrace Information: 0 : 12300, 1, 2023/11/25, 15:15:33.571, 13754181054, vstest.console.dll, Listening on Endpoint : 127.0.0.1:52174
TpTrace Verbose: 0 : 12300, 1, 2023/11/25, 15:15:33.582, 13754283660, vstest.console.dll, DotnetDataCollectionLauncher: Adding  --runtimeconfig "C:\Program Files\dotnet\sdk\6.0.401\datacollector.runtimeconfig.json" in args
TpTrace Verbose: 0 : 12300, 1, 2023/11/25, 15:15:33.582, 13754285364, vstest.console.dll, DotnetDataCollectionLauncher: Adding  --depsfile "C:\Program Files\dotnet\sdk\6.0.401\datacollector.deps.json" in args
TpTrace Verbose: 0 : 12300, 1, 2023/11/25, 15:15:33.582, 13754287144, vstest.console.dll, DotnetDataCollectionLauncher: Full path of dotnet.exe is C:\Program Files\dotnet\dotnet.exe
TpTrace Information: 0 : 12300, 1, 2023/11/25, 15:15:33.597, 13754439281, vstest.console.dll, ProxyDataCollectionManager.Initialize: Launched datacollector processId: 10424 port: 52174
TpTrace Information: 0 : 12300, 1, 2023/11/25, 15:15:33.598, 13754441758, vstest.console.dll, ProxyDataCollectionManager.Initialize: waiting for connection with timeout: 90 seconds
TpTrace Verbose: 0 : 12300, 1, 2023/11/25, 15:15:33.598, 13754442851, vstest.console.dll, DataCollectionRequestSender.WaitForRequestHandlerConnection : Waiting for connection with timeout: 90000
TpTrace Information: 0 : 12300, 5, 2023/11/25, 15:15:33.806, 13756523382, vstest.console.dll, Using the buffer size of 16384 bytes
TpTrace Verbose: 0 : 12300, 1, 2023/11/25, 15:15:33.806, 13756523670, vstest.console.dll, SocketCommunicationManager.WaitForClientConnection took: 207 ms, with 90000 ms timeout, and finished with True.
TpTrace Information: 0 : 12300, 5, 2023/11/25, 15:15:33.806, 13756525126, vstest.console.dll, Accepted Client request and set the flag
TpTrace Verbose: 0 : 12300, 1, 2023/11/25, 15:15:33.806, 13756527012, vstest.console.dll, ProxyDataCollectionManager.InvokeDataCollectionServiceAction: Starting.
TpTrace Information: 0 : 12300, 1, 2023/11/25, 15:15:33.806, 13756528208, vstest.console.dll, ProxyDataCollectionManager.BeforeTestRunStart: Get environment variable and port for datacollector processId: 10424 port: 52174
TpTrace Verbose: 0 : 12300, 1, 2023/11/25, 15:15:33.806, 13756529810, vstest.console.dll, DataCollectionRequestSender.SendBeforeTestRunStartAndGetResult: Send BeforeTestRunStart message with settingsXml <RunSettings><RunConfiguration><ResultsDirectory>C:\Users\asb20\source\repos\test_lab2\test_lab2Tests\bin\Debug\net6.0\fine-code-coverage\coverage-tool-output</ResultsDirectory><TargetPlatform>X64</TargetPlatform><TargetFrameworkVersion>.NETCoreApp,Version=v6.0</TargetFrameworkVersion><DesignMode>False</DesignMode><CollectSourceInformation>False</CollectSourceInformation><TestAdaptersPaths>C:\Program Files\dotnet\sdk\6.0.401\Extensions</TestAdaptersPaths></RunConfiguration><LoggerRunSettings><Loggers><Logger friendlyName="blame" enabled="True" /><Logger friendlyName="Console" uri="logger://microsoft/TestPlatform/ConsoleLogger/v1" assemblyQualifiedName="Microsoft.VisualStudio.TestPlatform.CommandLine.Internal.ConsoleLogger, vstest.console, Version=15.0.0.0, Culture=neutral, PublicKeyToken=b03f5f7f11d50a3a" codeBase="C:\Program Files\dotnet\sdk\6.0.401\vstest.console.dll" enabled="True" /></Loggers></LoggerRunSettings><DataCollectionRunSettings><DataCollectors><DataCollector friendlyName="blame" enabled="True"><Configuration><ResultsDirectory>C:\Users\asb20\source\repos\test_lab2\test_lab2Tests\bin\Debug\net6.0\fine-code-coverage\coverage-tool-output</ResultsDirectory></Configuration></DataCollector></DataCollectors></DataCollectionRunSettings></RunSettings> and sources System.Collections.Generic.List`1[System.String]: 
TpTrace Verbose: 0 : 12300, 1, 2023/11/25, 15:15:33.944, 13757911446, vstest.console.dll, DataCollectionRequestSender.SendBeforeTestRunStartAndGetResult: Received message: (DataCollection.SendMessage) -> {"MessageType":"DataCollection.SendMessage","Payload":{"FriendlyName":null,"Uri":null,"TestCaseId":"00000000-0000-0000-0000-000000000000","Message":"Logging DataCollector Diagnostics in file: C:\\Users\\asb20\\source\\repos\\test_lab2\\test_lab2Tests\\bin\\Debug\\net6.0\\fine-code-coverage\\coverage-tool-output\\diagnostics.datacollector.23-11-25_15-15-33_58186_1.log","Level":0}}
TpTrace Verbose: 0 : 12300, 1, 2023/11/25, 15:15:34.063, 13759096168, vstest.console.dll, DataCollectionRequestSender.SendBeforeTestRunStartAndGetResult: Received message: (DataCollection.BeforeTestRunStartResult) -> {"MessageType":"DataCollection.BeforeTestRunStartResult","Payload":{"EnvironmentVariables":{},"DataCollectionEventsPort":52176}}
TpTrace Information: 0 : 12300, 1, 2023/11/25, 15:15:34.070, 13759168802, vstest.console.dll, ProxyDataCollectionManager.BeforeTestRunStart: SendBeforeTestRunStartAndGetResult successful, env variable from datacollector:   and testhost port: 52176
TpTrace Information: 0 : 12300, 1, 2023/11/25, 15:15:34.070, 13759170362, vstest.console.dll, ProxyDataCollectionManager.InvokeDataCollectionServiceAction: Completed.
TpTrace Verbose: 0 : 12300, 1, 2023/11/25, 15:15:34.071, 13759172615, vstest.console.dll, ProxyParallelExecutionManager: No sources available for execution.
TpTrace Verbose: 0 : 12300, 7, 2023/11/25, 15:15:34.071, 13759172691, vstest.console.dll, ParallelProxyExecutionManager: Execution started. Started clients: 1
TpTrace Information: 0 : 12300, 1, 2023/11/25, 15:15:34.071, 13759173341, vstest.console.dll, TestRunRequest.ExecuteAsync: Started.
TpTrace Verbose: 0 : 12300, 1, 2023/11/25, 15:15:34.071, 13759176334, vstest.console.dll, TestRunRequest.WaitForCompletion: Waiting with timeout -1.
TpTrace Verbose: 0 : 12300, 7, 2023/11/25, 15:15:34.071, 13759177588, vstest.console.dll, TestRunRequest:SendTestRunMessage: Starting.
TpTrace Verbose: 0 : 12300, 7, 2023/11/25, 15:15:34.071, 13759180043, vstest.console.dll, MulticastDelegateUtilities.SafeInvoke: TestRun.LogMessages: Invoking callback 1/1 for Microsoft.VisualStudio.TestPlatform.CommandLine.TestRunResultAggregator.TestRunMessageHandler, took 0 ms.
TpTrace Information: 0 : 12300, 7, 2023/11/25, 15:15:34.071, 13759180810, vstest.console.dll, TestRunRequest:SendTestRunMessage: Completed.
TpTrace Verbose: 0 : 12300, 4, 2023/11/25, 15:15:34.071, 13759180267, vstest.console.dll, MulticastDelegateUtilities.SafeInvoke: InternalTestLoggerEvents.SendTestRunMessage: Invoking callback 1/1 for Microsoft.VisualStudio.TestPlatform.CommandLine.Internal.ConsoleLogger.TestMessageHandler, took 0 ms.
TpTrace Verbose: 0 : 12300, 7, 2023/11/25, 15:15:34.072, 13759184460, vstest.console.dll, ProxyExecutionManager: Test host is always Lazy initialize.
TpTrace Verbose: 0 : 12300, 7, 2023/11/25, 15:15:34.072, 13759188179, vstest.console.dll, TestRequestSender.InitializeCommunication: initialize communication. 
TpTrace Information: 0 : 12300, 7, 2023/11/25, 15:15:34.073, 13759195142, vstest.console.dll, SocketServer.Start: Listening on endpoint : 127.0.0.1:52177
TpTrace Verbose: 0 : 12300, 7, 2023/11/25, 15:15:34.074, 13759202830, vstest.console.dll, DotnetTestHostmanager.GetTestHostProcessStartInfo: Platform environment 'X64' target architecture 'X64' framework '.NETCoreApp,Version=v6.0' OS 'Windows'
TpTrace Verbose: 0 : 12300, 7, 2023/11/25, 15:15:34.074, 13759205217, vstest.console.dll, DotnetTestHostmanager: Adding  --runtimeconfig "C:\Users\asb20\source\repos\test_lab2\test_lab2Tests\bin\Debug\net6.0\fine-code-coverage\build-output\test_lab2Tests.runtimeconfig.json" in args
TpTrace Verbose: 0 : 12300, 7, 2023/11/25, 15:15:34.074, 13759206164, vstest.console.dll, DotnetTestHostmanager: Adding  --depsfile "C:\Users\asb20\source\repos\test_lab2\test_lab2Tests\bin\Debug\net6.0\fine-code-coverage\build-output\test_lab2Tests.deps.json" in args
TpTrace Verbose: 0 : 12300, 7, 2023/11/25, 15:15:34.074, 13759209648, vstest.console.dll, DotnetTestHostmanager.IsWinOnArm: Current PROCESSOR_ARCHITECTURE from environment variable 'AMD64'
TpTrace Verbose: 0 : 12300, 7, 2023/11/25, 15:15:34.074, 13759210395, vstest.console.dll, DotnetTestHostmanager.IsWinOnArm: Is Windows on ARM 'False'
TpTrace Verbose: 0 : 12300, 7, 2023/11/25, 15:15:34.074, 13759211280, vstest.console.dll, DotnetTestHostManager: testhost.exe found at path: C:\Users\asb20\source\repos\test_lab2\test_lab2Tests\bin\Debug\net6.0\fine-code-coverage\build-output\testhost.exe
TpTrace Verbose: 0 : 12300, 7, 2023/11/25, 15:15:34.075, 13759211724, vstest.console.dll, DotnetTestHostmanager: Full path of host exe is C:\Users\asb20\source\repos\test_lab2\test_lab2Tests\bin\Debug\net6.0\fine-code-coverage\build-output\testhost.exe
TpTrace Verbose: 0 : 12300, 7, 2023/11/25, 15:15:34.075, 13759213102, vstest.console.dll, DotnetTestHostmanager.LaunchTestHostAsync: Found 'VSTEST_WINAPPHOST_DOTNET_ROOT' in env variables, value 'C:\Program Files\dotnet', forwarding to 'DOTNET_ROOT'
TpTrace Verbose: 0 : 12300, 7, 2023/11/25, 15:15:34.075, 13759214745, vstest.console.dll, DotnetTestHostManager: Starting process 'C:\Users\asb20\source\repos\test_lab2\test_lab2Tests\bin\Debug\net6.0\fine-code-coverage\build-output\testhost.exe' with command line ' --runtimeconfig "C:\Users\asb20\source\repos\test_lab2\test_lab2Tests\bin\Debug\net6.0\fine-code-coverage\build-output\test_lab2Tests.runtimeconfig.json" --depsfile "C:\Users\asb20\source\repos\test_lab2\test_lab2Tests\bin\Debug\net6.0\fine-code-coverage\build-output\test_lab2Tests.deps.json" --port 52177 --endpoint 127.0.0.1:052177 --role client --parentprocessid 12300 --diag "C:\Users\asb20\source\repos\test_lab2\test_lab2Tests\bin\Debug\net6.0\fine-code-coverage\coverage-tool-output\diagnostics.host.23-11-25_15-15-34_07373_7.log" --tracelevel 4 --datacollectionport 52176 --telemetryoptedin false'
TpTrace Verbose: 0 : 12300, 7, 2023/11/25, 15:15:34.085, 13759319697, vstest.console.dll, MulticastDelegateUtilities.SafeInvoke: HostProviderEvents.OnHostLaunched: Invoking callback 1/2 for Microsoft.VisualStudio.TestPlatform.CrossPlatEngine.Client.ProxyExecutionManagerWithDataCollection.TestHostLaunchedHandler, took 2 ms.
TpTrace Verbose: 0 : 12300, 7, 2023/11/25, 15:15:34.086, 13759322189, vstest.console.dll, Test Runtime launched
TpTrace Verbose: 0 : 12300, 7, 2023/11/25, 15:15:34.086, 13759323375, vstest.console.dll, MulticastDelegateUtilities.SafeInvoke: HostProviderEvents.OnHostLaunched: Invoking callback 2/2 for Microsoft.VisualStudio.TestPlatform.CrossPlatEngine.Client.ProxyOperationManager.TestHostManagerHostLaunched, took 0 ms.
TpTrace Verbose: 0 : 12300, 7, 2023/11/25, 15:15:34.086, 13759325787, vstest.console.dll, TestRequestSender.WaitForRequestHandlerConnection: waiting for connection with timeout: 90000.
TpTrace Verbose: 0 : 12300, 7, 2023/11/25, 15:15:34.287, 13761335711, vstest.console.dll, TestRequestSender.WaitForRequestHandlerConnection: waiting took 200 ms, with timeout 90000 ms, and result 0, which is success.
TpTrace Verbose: 0 : 12300, 13, 2023/11/25, 15:15:34.287, 13761335781, vstest.console.dll, MulticastDelegateUtilities.SafeInvoke: SocketServer: ClientConnected: Invoking callback 1/1 for Microsoft.VisualStudio.TestPlatform.CommunicationUtilities.TestRequestSender.<InitializeCommunication>b__24_0, took 0 ms.
TpTrace Verbose: 0 : 12300, 13, 2023/11/25, 15:15:34.287, 13761339020, vstest.console.dll, SocketServer.OnClientConnected: Client connected for endPoint: 127.0.0.1:52177, starting MessageLoopAsync:
TpTrace Verbose: 0 : 12300, 13, 2023/11/25, 15:15:34.288, 13761346650, vstest.console.dll, TcpClientExtensions.MessageLoopAsync: Polling on remoteEndPoint: 127.0.0.1:52178 localEndPoint: 127.0.0.1:52177
TpTrace Verbose: 0 : 12300, 7, 2023/11/25, 15:15:34.289, 13761351721, vstest.console.dll, TestRequestSender.CheckVersionWithTestHost: Sending check version message: {"MessageType":"ProtocolVersion","Payload":7}
TpTrace Verbose: 0 : 12300, 13, 2023/11/25, 15:15:34.472, 13763189591, vstest.console.dll, TcpClientExtensions.MessageLoopAsync: NotifyDataAvailable remoteEndPoint: 127.0.0.1:52178 localEndPoint: 127.0.0.1:52177
TpTrace Verbose: 0 : 12300, 13, 2023/11/25, 15:15:34.473, 13763194340, vstest.console.dll, TestRequestSender.CheckVersionWithTestHost: onMessageReceived received message: (ProtocolVersion) -> {"MessageType":"ProtocolVersion","Payload":5}
TpTrace Verbose: 0 : 12300, 13, 2023/11/25, 15:15:34.474, 13763206823, vstest.console.dll, MulticastDelegateUtilities.SafeInvoke: LengthPrefixCommunicationChannel: MessageReceived: Invoking callback 1/1 for Microsoft.VisualStudio.TestPlatform.CommunicationUtilities.TestRequestSender+<>c__DisplayClass26_0.<CheckVersionWithTestHost>b__0, took 1 ms.
TpTrace Verbose: 0 : 12300, 13, 2023/11/25, 15:15:34.474, 13763208581, vstest.console.dll, TcpClientExtensions.MessageLoopAsync: Polling on remoteEndPoint: 127.0.0.1:52178 localEndPoint: 127.0.0.1:52177
TpTrace Verbose: 0 : 12300, 7, 2023/11/25, 15:15:34.474, 13763208697, vstest.console.dll, TestPluginCache.GetExtensionPaths: Filtered extension paths: 
TpTrace Verbose: 0 : 12300, 7, 2023/11/25, 15:15:34.474, 13763210388, vstest.console.dll, TestPluginCache.GetExtensionPaths: Added default extension paths: C:\Program Files\dotnet\sdk\6.0.401\Extensions\Microsoft.Diagnostics.NETCore.Client.dll
C:\Program Files\dotnet\sdk\6.0.401\Extensions\Microsoft.TestPlatform.Extensions.BlameDataCollector.dll
C:\Program Files\dotnet\sdk\6.0.401\Extensions\Microsoft.TestPlatform.Extensions.EventLogCollector.dll
C:\Program Files\dotnet\sdk\6.0.401\Extensions\Microsoft.TestPlatform.TestHostRuntimeProvider.dll
C:\Program Files\dotnet\sdk\6.0.401\Extensions\Microsoft.VisualStudio.TestPlatform.Extensions.Html.TestLogger.dll
C:\Program Files\dotnet\sdk\6.0.401\Extensions\Microsoft.VisualStudio.TestPlatform.Extensions.Trx.TestLogger.dll
TpTrace Verbose: 0 : 12300, 7, 2023/11/25, 15:15:34.474, 13763211083, vstest.console.dll, TestPluginCache.GetExtensionPaths: Added unfilterableExtensionPaths: 
TpTrace Verbose: 0 : 12300, 7, 2023/11/25, 15:15:34.478, 13763250242, vstest.console.dll, TestRequestSender.InitializeExecution: Sending initialize execution with message: {"Version":5,"MessageType":"TestExecution.Initialize","Payload":["C:\\Users\\asb20\\source\\repos\\test_lab2\\test_lab2Tests\\bin\\Debug\\net6.0\\fine-code-coverage\\build-output\\Microsoft.VisualStudio.TestPlatform.MSTest.TestAdapter.dll","C:\\Users\\asb20\\source\\repos\\test_lab2\\test_lab2Tests\\bin\\Debug\\net6.0\\fine-code-coverage\\build-output\\NUnit.VisualStudio.TestAdapter.dll","C:\\Users\\asb20\\source\\repos\\test_lab2\\test_lab2Tests\\bin\\Debug\\net6.0\\fine-code-coverage\\build-output\\NUnit3.TestAdapter.dll"]}
TpTrace Warning: 0 : 12300, 7, 2023/11/25, 15:15:34.479, 13763255024, vstest.console.dll, InferRunSettingsHelper.MakeRunsettingsCompatible: Removing the following settings: TargetPlatform from RunSettings file. To use those settings please move to latest version of Microsoft.NET.Test.Sdk
TpTrace Verbose: 0 : 12300, 13, 2023/11/25, 15:15:34.487, 13763338304, vstest.console.dll, TcpClientExtensions.MessageLoopAsync: NotifyDataAvailable remoteEndPoint: 127.0.0.1:52178 localEndPoint: 127.0.0.1:52177
TpTrace Verbose: 0 : 12300, 13, 2023/11/25, 15:15:34.487, 13763340643, vstest.console.dll, TestRequestSender.OnExecutionMessageReceived: Received message: {"Version":5,"MessageType":"TestSession.Message","Payload":{"MessageLevel":0,"Message":"Logging TestHost Diagnostics in file: C:\\Users\\asb20\\source\\repos\\test_lab2\\test_lab2Tests\\bin\\Debug\\net6.0\\fine-code-coverage\\coverage-tool-output\\diagnostics.host.23-11-25_15-15-34_07373_7.log"}}
TpTrace Verbose: 0 : 12300, 7, 2023/11/25, 15:15:34.491, 13763371879, vstest.console.dll, TestRequestSender.StartTestRun: Sending test run with message: {"Version":5,"MessageType":"TestExecution.StartWithSources","Payload":{"AdapterSourceMap":{"_none_":["C:\\Users\\asb20\\source\\repos\\test_lab2\\test_lab2Tests\\bin\\Debug\\net6.0\\fine-code-coverage\\build-output\\test_lab2Tests.dll"]},"RunSettings":"<RunSettings>\r\n  <RunConfiguration>\r\n    <ResultsDirectory>C:\\Users\\asb20\\source\\repos\\test_lab2\\test_lab2Tests\\bin\\Debug\\net6.0\\fine-code-coverage\\coverage-tool-output</ResultsDirectory>\r\n    <TargetFrameworkVersion>.NETCoreApp,Version=v6.0</TargetFrameworkVersion>\r\n    <DesignMode>False</DesignMode>\r\n    <CollectSourceInformation>False</CollectSourceInformation>\r\n  </RunConfiguration>\r\n  <LoggerRunSettings>\r\n    <Loggers>\r\n      <Logger friendlyName=\"blame\" enabled=\"True\" />\r\n      <Logger friendlyName=\"Console\" uri=\"logger://microsoft/TestPlatform/ConsoleLogger/v1\" assemblyQualifiedName=\"Microsoft.VisualStudio.TestPlatform.CommandLine.Internal.ConsoleLogger, vstest.console, Version=15.0.0.0, Culture=neutral, PublicKeyToken=b03f5f7f11d50a3a\" codeBase=\"C:\\Program Files\\dotnet\\sdk\\6.0.401\\vstest.console.dll\" enabled=\"True\" />\r\n    </Loggers>\r\n  </LoggerRunSettings>\r\n  <DataCollectionRunSettings>\r\n    <DataCollectors>\r\n      <DataCollector friendlyName=\"blame\" enabled=\"True\">\r\n        <Configuration>\r\n          <ResultsDirectory>C:\\Users\\asb20\\source\\repos\\test_lab2\\test_lab2Tests\\bin\\Debug\\net6.0\\fine-code-coverage\\coverage-tool-output</ResultsDirectory>\r\n        </Configuration>\r\n      </DataCollector>\r\n    </DataCollectors>\r\n  </DataCollectionRunSettings>\r\n</RunSettings>","TestExecutionContext":{"FrequencyOfRunStatsChangeEvent":10,"RunStatsChangeEventTimeout":"00:00:01.5000000","InIsolation":false,"KeepAlive":false,"AreTestCaseLevelEventsRequired":false,"IsDebug":false,"TestCaseFilter":null,"FilterOptions":null},"Package":null}}
TpTrace Verbose: 0 : 12300, 13, 2023/11/25, 15:15:34.491, 13763375954, vstest.console.dll, TestRunRequest:SendTestRunMessage: Starting.
TpTrace Verbose: 0 : 12300, 13, 2023/11/25, 15:15:34.491, 13763377719, vstest.console.dll, MulticastDelegateUtilities.SafeInvoke: TestRun.LogMessages: Invoking callback 1/1 for Microsoft.VisualStudio.TestPlatform.CommandLine.TestRunResultAggregator.TestRunMessageHandler, took 0 ms.
TpTrace Information: 0 : 12300, 13, 2023/11/25, 15:15:34.491, 13763378100, vstest.console.dll, TestRunRequest:SendTestRunMessage: Completed.
TpTrace Verbose: 0 : 12300, 4, 2023/11/25, 15:15:34.491, 13763378398, vstest.console.dll, MulticastDelegateUtilities.SafeInvoke: InternalTestLoggerEvents.SendTestRunMessage: Invoking callback 1/1 for Microsoft.VisualStudio.TestPlatform.CommandLine.Internal.ConsoleLogger.TestMessageHandler, took 0 ms.
TpTrace Verbose: 0 : 12300, 13, 2023/11/25, 15:15:34.491, 13763378593, vstest.console.dll, MulticastDelegateUtilities.SafeInvoke: LengthPrefixCommunicationChannel: MessageReceived: Invoking callback 1/1 for Microsoft.VisualStudio.TestPlatform.CommunicationUtilities.TestRequestSender+<>c__DisplayClass31_0.<StartTestRun>b__1, took 3 ms.
TpTrace Verbose: 0 : 12300, 13, 2023/11/25, 15:15:34.491, 13763380034, vstest.console.dll, TcpClientExtensions.MessageLoopAsync: Polling on remoteEndPoint: 127.0.0.1:52178 localEndPoint: 127.0.0.1:52177
TpTrace Verbose: 0 : 12300, 13, 2023/11/25, 15:15:34.827, 13766735384, vstest.console.dll, TcpClientExtensions.MessageLoopAsync: NotifyDataAvailable remoteEndPoint: 127.0.0.1:52178 localEndPoint: 127.0.0.1:52177
TpTrace Verbose: 0 : 12300, 13, 2023/11/25, 15:15:34.827, 13766737382, vstest.console.dll, TestRequestSender.OnExecutionMessageReceived: Received message: {"Version":5,"MessageType":"TestSession.Message","Payload":{"MessageLevel":0,"Message":"NUnit VS Adapter 2.0.0.0 executing tests is started"}}
TpTrace Verbose: 0 : 12300, 13, 2023/11/25, 15:15:34.827, 13766739906, vstest.console.dll, TestRunRequest:SendTestRunMessage: Starting.
TpTrace Verbose: 0 : 12300, 13, 2023/11/25, 15:15:34.827, 13766740852, vstest.console.dll, MulticastDelegateUtilities.SafeInvoke: TestRun.LogMessages: Invoking callback 1/1 for Microsoft.VisualStudio.TestPlatform.CommandLine.TestRunResultAggregator.TestRunMessageHandler, took 0 ms.
TpTrace Information: 0 : 12300, 13, 2023/11/25, 15:15:34.827, 13766741282, vstest.console.dll, TestRunRequest:SendTestRunMessage: Completed.
TpTrace Verbose: 0 : 12300, 13, 2023/11/25, 15:15:34.828, 13766741662, vstest.console.dll, MulticastDelegateUtilities.SafeInvoke: LengthPrefixCommunicationChannel: MessageReceived: Invoking callback 1/1 for Microsoft.VisualStudio.TestPlatform.CommunicationUtilities.TestRequestSender+<>c__DisplayClass31_0.<StartTestRun>b__1, took 0 ms.
TpTrace Verbose: 0 : 12300, 4, 2023/11/25, 15:15:34.828, 13766741803, vstest.console.dll, MulticastDelegateUtilities.SafeInvoke: InternalTestLoggerEvents.SendTestRunMessage: Invoking callback 1/1 for Microsoft.VisualStudio.TestPlatform.CommandLine.Internal.ConsoleLogger.TestMessageHandler, took 0 ms.
TpTrace Verbose: 0 : 12300, 13, 2023/11/25, 15:15:34.828, 13766742188, vstest.console.dll, TcpClientExtensions.MessageLoopAsync: Polling on remoteEndPoint: 127.0.0.1:52178 localEndPoint: 127.0.0.1:52177
TpTrace Verbose: 0 : 12300, 13, 2023/11/25, 15:15:34.828, 13766744178, vstest.console.dll, TcpClientExtensions.MessageLoopAsync: NotifyDataAvailable remoteEndPoint: 127.0.0.1:52178 localEndPoint: 127.0.0.1:52177
TpTrace Verbose: 0 : 12300, 13, 2023/11/25, 15:15:34.828, 13766744776, vstest.console.dll, TestRequestSender.OnExecutionMessageReceived: Received message: {"Version":5,"MessageType":"TestSession.Message","Payload":{"MessageLevel":2,"Message":"Exception System.TypeLoadException, Exception thrown executing tests"}}
TpTrace Verbose: 0 : 12300, 13, 2023/11/25, 15:15:34.828, 13766745885, vstest.console.dll, TestRunRequest:SendTestRunMessage: Starting.
TpTrace Verbose: 0 : 12300, 13, 2023/11/25, 15:15:34.828, 13766746423, vstest.console.dll, MulticastDelegateUtilities.SafeInvoke: TestRun.LogMessages: Invoking callback 1/1 for Microsoft.VisualStudio.TestPlatform.CommandLine.TestRunResultAggregator.TestRunMessageHandler, took 0 ms.
TpTrace Information: 0 : 12300, 13, 2023/11/25, 15:15:34.828, 13766746695, vstest.console.dll, TestRunRequest:SendTestRunMessage: Completed.
TpTrace Verbose: 0 : 12300, 13, 2023/11/25, 15:15:34.828, 13766746950, vstest.console.dll, MulticastDelegateUtilities.SafeInvoke: LengthPrefixCommunicationChannel: MessageReceived: Invoking callback 1/1 for Microsoft.VisualStudio.TestPlatform.CommunicationUtilities.TestRequestSender+<>c__DisplayClass31_0.<StartTestRun>b__1, took 0 ms.
TpTrace Verbose: 0 : 12300, 13, 2023/11/25, 15:15:34.828, 13766747283, vstest.console.dll, TcpClientExtensions.MessageLoopAsync: Polling on remoteEndPoint: 127.0.0.1:52178 localEndPoint: 127.0.0.1:52177
TpTrace Verbose: 0 : 12300, 13, 2023/11/25, 15:15:34.828, 13766747599, vstest.console.dll, TcpClientExtensions.MessageLoopAsync: NotifyDataAvailable remoteEndPoint: 127.0.0.1:52178 localEndPoint: 127.0.0.1:52177
TpTrace Verbose: 0 : 12300, 13, 2023/11/25, 15:15:34.828, 13766748010, vstest.console.dll, TestRequestSender.OnExecutionMessageReceived: Received message: {"Version":5,"MessageType":"TestSession.Message","Payload":{"MessageLevel":0,"Message":"NUnit VS Adapter 2.0.0.0 executing tests is finished"}}
TpTrace Verbose: 0 : 12300, 13, 2023/11/25, 15:15:34.828, 13766748730, vstest.console.dll, TestRunRequest:SendTestRunMessage: Starting.
TpTrace Verbose: 0 : 12300, 4, 2023/11/25, 15:15:34.828, 13766749049, vstest.console.dll, MulticastDelegateUtilities.SafeInvoke: InternalTestLoggerEvents.SendTestRunMessage: Invoking callback 1/1 for Microsoft.VisualStudio.TestPlatform.CommandLine.Internal.ConsoleLogger.TestMessageHandler, took 0 ms.
TpTrace Verbose: 0 : 12300, 13, 2023/11/25, 15:15:34.828, 13766749151, vstest.console.dll, MulticastDelegateUtilities.SafeInvoke: TestRun.LogMessages: Invoking callback 1/1 for Microsoft.VisualStudio.TestPlatform.CommandLine.TestRunResultAggregator.TestRunMessageHandler, took 0 ms.
TpTrace Verbose: 0 : 12300, 4, 2023/11/25, 15:15:34.828, 13766750466, vstest.console.dll, MulticastDelegateUtilities.SafeInvoke: InternalTestLoggerEvents.SendTestRunMessage: Invoking callback 1/1 for Microsoft.VisualStudio.TestPlatform.CommandLine.Internal.ConsoleLogger.TestMessageHandler, took 0 ms.
TpTrace Information: 0 : 12300, 13, 2023/11/25, 15:15:34.828, 13766751038, vstest.console.dll, TestRunRequest:SendTestRunMessage: Completed.
TpTrace Verbose: 0 : 12300, 13, 2023/11/25, 15:15:34.829, 13766752677, vstest.console.dll, MulticastDelegateUtilities.SafeInvoke: LengthPrefixCommunicationChannel: MessageReceived: Invoking callback 1/1 for Microsoft.VisualStudio.TestPlatform.CommunicationUtilities.TestRequestSender+<>c__DisplayClass31_0.<StartTestRun>b__1, took 0 ms.
TpTrace Verbose: 0 : 12300, 13, 2023/11/25, 15:15:34.829, 13766753356, vstest.console.dll, TcpClientExtensions.MessageLoopAsync: Polling on remoteEndPoint: 127.0.0.1:52178 localEndPoint: 127.0.0.1:52177
TpTrace Verbose: 0 : 12300, 13, 2023/11/25, 15:15:34.846, 13766928547, vstest.console.dll, TcpClientExtensions.MessageLoopAsync: NotifyDataAvailable remoteEndPoint: 127.0.0.1:52178 localEndPoint: 127.0.0.1:52177
TpTrace Verbose: 0 : 12300, 13, 2023/11/25, 15:15:34.846, 13766930441, vstest.console.dll, TestRequestSender.OnExecutionMessageReceived: Received message: {"Version":5,"MessageType":"TestSession.Message","Payload":{"MessageLevel":0,"Message":"NUnit Adapter 4.5.0.0: Test execution started"}}
TpTrace Verbose: 0 : 12300, 13, 2023/11/25, 15:15:34.847, 13766931908, vstest.console.dll, TestRunRequest:SendTestRunMessage: Starting.
TpTrace Verbose: 0 : 12300, 13, 2023/11/25, 15:15:34.847, 13766932662, vstest.console.dll, MulticastDelegateUtilities.SafeInvoke: TestRun.LogMessages: Invoking callback 1/1 for Microsoft.VisualStudio.TestPlatform.CommandLine.TestRunResultAggregator.TestRunMessageHandler, took 0 ms.
TpTrace Information: 0 : 12300, 13, 2023/11/25, 15:15:34.847, 13766933036, vstest.console.dll, TestRunRequest:SendTestRunMessage: Completed.
TpTrace Verbose: 0 : 12300, 13, 2023/11/25, 15:15:34.847, 13766933387, vstest.console.dll, MulticastDelegateUtilities.SafeInvoke: LengthPrefixCommunicationChannel: MessageReceived: Invoking callback 1/1 for Microsoft.VisualStudio.TestPlatform.CommunicationUtilities.TestRequestSender+<>c__DisplayClass31_0.<StartTestRun>b__1, took 0 ms.
TpTrace Verbose: 0 : 12300, 4, 2023/11/25, 15:15:34.847, 13766933477, vstest.console.dll, MulticastDelegateUtilities.SafeInvoke: InternalTestLoggerEvents.SendTestRunMessage: Invoking callback 1/1 for Microsoft.VisualStudio.TestPlatform.CommandLine.Internal.ConsoleLogger.TestMessageHandler, took 0 ms.
TpTrace Verbose: 0 : 12300, 13, 2023/11/25, 15:15:34.847, 13766933855, vstest.console.dll, TcpClientExtensions.MessageLoopAsync: Polling on remoteEndPoint: 127.0.0.1:52178 localEndPoint: 127.0.0.1:52177
TpTrace Verbose: 0 : 12300, 13, 2023/11/25, 15:15:34.890, 13767361947, vstest.console.dll, TcpClientExtensions.MessageLoopAsync: NotifyDataAvailable remoteEndPoint: 127.0.0.1:52178 localEndPoint: 127.0.0.1:52177
TpTrace Verbose: 0 : 12300, 13, 2023/11/25, 15:15:34.890, 13767365992, vstest.console.dll, TestRequestSender.OnExecutionMessageReceived: Received message: {"Version":5,"MessageType":"TestSession.Message","Payload":{"MessageLevel":0,"Message":"Running all tests in C:\\Users\\asb20\\source\\repos\\test_lab2\\test_lab2Tests\\bin\\Debug\\net6.0\\fine-code-coverage\\build-output\\test_lab2Tests.dll"}}
TpTrace Verbose: 0 : 12300, 13, 2023/11/25, 15:15:34.890, 13767367782, vstest.console.dll, TestRunRequest:SendTestRunMessage: Starting.
TpTrace Verbose: 0 : 12300, 13, 2023/11/25, 15:15:34.890, 13767368681, vstest.console.dll, MulticastDelegateUtilities.SafeInvoke: TestRun.LogMessages: Invoking callback 1/1 for Microsoft.VisualStudio.TestPlatform.CommandLine.TestRunResultAggregator.TestRunMessageHandler, took 0 ms.
TpTrace Information: 0 : 12300, 13, 2023/11/25, 15:15:34.890, 13767369081, vstest.console.dll, TestRunRequest:SendTestRunMessage: Completed.
TpTrace Verbose: 0 : 12300, 13, 2023/11/25, 15:15:34.890, 13767369600, vstest.console.dll, MulticastDelegateUtilities.SafeInvoke: LengthPrefixCommunicationChannel: MessageReceived: Invoking callback 1/1 for Microsoft.VisualStudio.TestPlatform.CommunicationUtilities.TestRequestSender+<>c__DisplayClass31_0.<StartTestRun>b__1, took 0 ms.
TpTrace Verbose: 0 : 12300, 13, 2023/11/25, 15:15:34.890, 13767369973, vstest.console.dll, TcpClientExtensions.MessageLoopAsync: Polling on remoteEndPoint: 127.0.0.1:52178 localEndPoint: 127.0.0.1:52177
TpTrace Verbose: 0 : 12300, 4, 2023/11/25, 15:15:34.895, 13767416400, vstest.console.dll, MulticastDelegateUtilities.SafeInvoke: InternalTestLoggerEvents.SendTestRunMessage: Invoking callback 1/1 for Microsoft.VisualStudio.TestPlatform.CommandLine.Internal.ConsoleLogger.TestMessageHandler, took 0 ms.
TpTrace Verbose: 0 : 12300, 13, 2023/11/25, 15:15:35.069, 13769158136, vstest.console.dll, TcpClientExtensions.MessageLoopAsync: NotifyDataAvailable remoteEndPoint: 127.0.0.1:52178 localEndPoint: 127.0.0.1:52177
TpTrace Verbose: 0 : 12300, 13, 2023/11/25, 15:15:35.069, 13769160140, vstest.console.dll, TestRequestSender.OnExecutionMessageReceived: Received message: {"Version":5,"MessageType":"TestSession.Message","Payload":{"MessageLevel":0,"Message":"   NUnit3TestExecutor discovered 28 of 28 NUnit test cases using Current Discovery mode, Non-Explicit run"}}
TpTrace Verbose: 0 : 12300, 13, 2023/11/25, 15:15:35.070, 13769161766, vstest.console.dll, TestRunRequest:SendTestRunMessage: Starting.
TpTrace Verbose: 0 : 12300, 13, 2023/11/25, 15:15:35.070, 13769162663, vstest.console.dll, MulticastDelegateUtilities.SafeInvoke: TestRun.LogMessages: Invoking callback 1/1 for Microsoft.VisualStudio.TestPlatform.CommandLine.TestRunResultAggregator.TestRunMessageHandler, took 0 ms.
TpTrace Information: 0 : 12300, 13, 2023/11/25, 15:15:35.070, 13769163192, vstest.console.dll, TestRunRequest:SendTestRunMessage: Completed.
TpTrace Verbose: 0 : 12300, 13, 2023/11/25, 15:15:35.070, 13769163642, vstest.console.dll, MulticastDelegateUtilities.SafeInvoke: LengthPrefixCommunicationChannel: MessageReceived: Invoking callback 1/1 for Microsoft.VisualStudio.TestPlatform.CommunicationUtilities.TestRequestSender+<>c__DisplayClass31_0.<StartTestRun>b__1, took 0 ms.
TpTrace Verbose: 0 : 12300, 4, 2023/11/25, 15:15:35.070, 13769163859, vstest.console.dll, MulticastDelegateUtilities.SafeInvoke: InternalTestLoggerEvents.SendTestRunMessage: Invoking callback 1/1 for Microsoft.VisualStudio.TestPlatform.CommandLine.Internal.ConsoleLogger.TestMessageHandler, took 0 ms.
TpTrace Verbose: 0 : 12300, 13, 2023/11/25, 15:15:35.070, 13769164084, vstest.console.dll, TcpClientExtensions.MessageLoopAsync: Polling on remoteEndPoint: 127.0.0.1:52178 localEndPoint: 127.0.0.1:52177
TpTrace Verbose: 0 : 12300, 13, 2023/11/25, 15:15:35.310, 13771570231, vstest.console.dll, TcpClientExtensions.MessageLoopAsync: NotifyDataAvailable remoteEndPoint: 127.0.0.1:52178 localEndPoint: 127.0.0.1:52177
TpTrace Verbose: 0 : 12300, 13, 2023/11/25, 15:15:35.311, 13771574705, vstest.console.dll, TestRequestSender.OnExecutionMessageReceived: Received message: {"Version":5,"MessageType":"TestExecution.StatsChange","Payload":{"NewTestResults":[{"TestCase":{"Id":"78b212c2-e7e2-700d-4a69-61c40ee6513a","FullyQualifiedName":"Tests.TriangleCalculatorTests.CalculateTriangleTypeAndCoordinates_AllSidesGreaterThan100_ShouldReturnInvalidTypeAndCoordinates","DisplayName":"CalculateTriangleTypeAndCoordinates_AllSidesGreaterThan100_ShouldReturnInvalidTypeAndCoordinates","ExecutorUri":"executor://NUnit3TestExecutor","Source":"C:\\Users\\asb20\\source\\repos\\test_lab2\\test_lab2Tests\\bin\\Debug\\net6.0\\fine-code-coverage\\build-output\\test_lab2Tests.dll","CodeFilePath":null,"LineNumber":0,"Properties":[{"Key":{"Id":"NUnit.Seed","Label":"Seed","Category":"","Description":"","Attributes":0,"ValueType":"System.String"},"Value":"2135375048"}]},"Attachments":[],"Outcome":1,"ErrorMessage":null,"ErrorStackTrace":null,"DisplayName":"CalculateTriangleTypeAndCoordinates_AllSidesGreaterThan100_ShouldReturnInvalidTypeAndCoordinates","Messages":[],"ComputerName":"ALEX","Duration":"00:00:00.0706310","StartTime":"2023-11-25T08:15:35.1041227+00:00","EndTime":"2023-11-25T08:15:35.174671+00:00","Properties":[{"Key":{"Id":"NUnit.Seed","Label":"Seed","Category":"","Description":"","Attributes":0,"ValueType":"System.String"},"Value":"2135375048"}]},{"TestCase":{"Id":"6436cc23-1fc1-00af-eb92-8f454e8e548d","FullyQualifiedName":"Tests.TriangleCalculatorTests.CalculateTriangleTypeAndCoordinates_EquilateralTriangle_ShouldReturnCorrectTypeAndCoordinates","DisplayName":"CalculateTriangleTypeAndCoordinates_EquilateralTriangle_ShouldReturnCorrectTypeAndCoordinates","ExecutorUri":"executor://NUnit3TestExecutor","Source":"C:\\Users\\asb20\\source\\repos\\test_lab2\\test_lab2Tests\\bin\\Debug\\net6.0\\fine-code-coverage\\build-output\\test_lab2Tests.dll","CodeFilePath":null,"LineNumber":0,"Properties":[{"Key":{"Id":"NUnit.Seed","Label":"Seed","Category":"","Description":"","Attributes":0,"ValueType":"System.String"},"Value":"731411430"}]},"Attachments":[],"Outcome":1,"ErrorMessage":null,"ErrorStackTrace":null,"DisplayName":"CalculateTriangleTypeAndCoordinates_EquilateralTriangle_ShouldReturnCorrectTypeAndCoordinates","Messages":[],"ComputerName":"ALEX","Duration":"00:00:00.0005390","StartTime":"2023-11-25T08:15:35.1764669+00:00","EndTime":"2023-11-25T08:15:35.1770059+00:00","Properties":[{"Key":{"Id":"NUnit.Seed","Label":"Seed","Category":"","Description":"","Attributes":0,"ValueType":"System.String"},"Value":"731411430"}]},{"TestCase":{"Id":"f08c4317-9556-bb87-6106-86ec879f0eba","FullyQualifiedName":"Tests.TriangleCalculatorTests.CalculateTriangleTypeAndCoordinates_InvalidInput_ShouldReturnInvalidTypeAndCoordinates","DisplayName":"CalculateTriangleTypeAndCoordinates_InvalidInput_ShouldReturnInvalidTypeAndCoordinates","ExecutorUri":"executor://NUnit3TestExecutor","Source":"C:\\Users\\asb20\\source\\repos\\test_lab2\\test_lab2Tests\\bin\\Debug\\net6.0\\fine-code-coverage\\build-output\\test_lab2Tests.dll","CodeFilePath":null,"LineNumber":0,"Properties":[{"Key":{"Id":"NUnit.Seed","Label":"Seed","Category":"","Description":"","Attributes":0,"ValueType":"System.String"},"Value":"2013969217"}]},"Attachments":[],"Outcome":1,"ErrorMessage":null,"ErrorStackTrace":null,"DisplayName":"CalculateTriangleTypeAndCoordinates_InvalidInput_ShouldReturnInvalidTypeAndCoordinates","Messages":[],"ComputerName":"ALEX","Duration":"00:00:00.0005770","StartTime":"2023-11-25T08:15:35.1770349+00:00","EndTime":"2023-11-25T08:15:35.1776121+00:00","Properties":[{"Key":{"Id":"NUnit.Seed","Label":"Seed","Category":"","Description":"","Attributes":0,"ValueType":"System.String"},"Value":"2013969217"}]},{"TestCase":{"Id":"67642f1f-bace-d07a-22e6-2fafc4857a7e","FullyQualifiedName":"Tests.TriangleCalculatorTests.CalculateTriangleTypeAndCoordinates_InvalidInput_ShouldReturnInvalidTypeAndCoordinates1","DisplayName":"CalculateTriangleTypeAndCoordinates_InvalidInput_ShouldReturnInvalidTypeAndCoordinates1","ExecutorUri":"executor://NUnit3TestExecutor","Source":"C:\\Users\\asb20\\source\\repos\\test_lab2\\test_lab2Tests\\bin\\Debug\\net6.0\\fine-code-coverage\\build-output\\test_lab2Tests.dll","CodeFilePath":null,"LineNumber":0,"Properties":[{"Key":{"Id":"NUnit.Seed","Label":"Seed","Category":"","Description":"","Attributes":0,"ValueType":"System.String"},"Value":"594718395"}]},"Attachments":[],"Outcome":1,"ErrorMessage":null,"ErrorStackTrace":null,"DisplayName":"CalculateTriangleTypeAndCoordinates_InvalidInput_ShouldReturnInvalidTypeAndCoordinates1","Messages":[],"ComputerName":"ALEX","Duration":"00:00:00.0004480","StartTime":"2023-11-25T08:15:35.1776277+00:00","EndTime":"2023-11-25T08:15:35.1780755+00:00","Properties":[{"Key":{"Id":"NUnit.Seed","Label":"Seed","Category":"","Description":"","Attributes":0,"ValueType":"System.String"},"Value":"594718395"}]},{"TestCase":{"Id":"f3355b87-3bf4-bd31-59a6-cde796865b4f","FullyQualifiedName":"Tests.TriangleCalculatorTests.CalculateTriangleTypeAndCoordinates_InvalidInput_ShouldReturnInvalidTypeAndCoordinates2","DisplayName":"CalculateTriangleTypeAndCoordinates_InvalidInput_ShouldReturnInvalidTypeAndCoordinates2","ExecutorUri":"executor://NUnit3TestExecutor","Source":"C:\\Users\\asb20\\source\\repos\\test_lab2\\test_lab2Tests\\bin\\Debug\\net6.0\\fine-code-coverage\\build-output\\test_lab2Tests.dll","CodeFilePath":null,"LineNumber":0,"Properties":[{"Key":{"Id":"NUnit.Seed","Label":"Seed","Category":"","Description":"","Attributes":0,"ValueType":"System.String"},"Value":"1213462147"}]},"Attachments":[],"Outcome":1,"ErrorMessage":null,"ErrorStackTrace":null,"DisplayName":"CalculateTriangleTypeAndCoordinates_InvalidInput_ShouldReturnInvalidTypeAndCoordinates2","Messages":[],"ComputerName":"ALEX","Duration":"00:00:00.0004370","StartTime":"2023-11-25T08:15:35.1780893+00:00","EndTime":"2023-11-25T08:15:35.178526+00:00","Properties":[{"Key":{"Id":"NUnit.Seed","Label":"Seed","Category":"","Description":"","Attributes":0,"ValueType":"System.String"},"Value":"1213462147"}]},{"TestCase":{"Id":"137029b0-495f-8d4f-3ea6-5a93e9503cf0","FullyQualifiedName":"Tests.TriangleCalculatorTests.CalculateTriangleTypeAndCoordinates_NegativeSideLengths_ShouldReturnNotATriangle","DisplayName":"CalculateTriangleTypeAndCoordinates_NegativeSideLengths_ShouldReturnNotATriangle","ExecutorUri":"executor://NUnit3TestExecutor","Source":"C:\\Users\\asb20\\source\\repos\\test_lab2\\test_lab2Tests\\bin\\Debug\\net6.0\\fine-code-coverage\\build-output\\test_lab2Tests.dll","CodeFilePath":null,"LineNumber":0,"Properties":[{"Key":{"Id":"NUnit.Seed","Label":"Seed","Category":"","Description":"","Attributes":0,"ValueType":"System.String"},"Value":"720184419"}]},"Attachments":[],"Outcome":1,"ErrorMessage":null,"ErrorStackTrace":null,"DisplayName":"CalculateTriangleTypeAndCoordinates_NegativeSideLengths_ShouldReturnNotATriangle","Messages":[],"ComputerName":"ALEX","Duration":"00:00:00.0003930","StartTime":"2023-11-25T08:15:35.1785398+00:00","EndTime":"2023-11-25T08:15:35.1789328+00:00","Properties":[{"Key":{"Id":"NUnit.Seed","Label":"Seed","Category":"","Description":"","Attributes":0,"ValueType":"System.String"},"Value":"720184419"}]},{"TestCase":{"Id":"b4f1a131-62d8-a585-a41c-b311e732bda1","FullyQualifiedName":"Tests.TriangleCalculatorTests.CalculateTriangleTypeAndCoordinates_NegativeSideLengths_ShouldReturnNotATriangle1","DisplayName":"CalculateTriangleTypeAndCoordinates_NegativeSideLengths_ShouldReturnNotATriangle1","ExecutorUri":"executor://NUnit3TestExecutor","Source":"C:\\Users\\asb20\\source\\repos\\test_lab2\\test_lab2Tests\\bin\\Debug\\net6.0\\fine-code-coverage\\build-output\\test_lab2Tests.dll","CodeFilePath":null,"LineNumber":0,"Properties":[{"Key":{"Id":"NUnit.Seed","Label":"Seed","Category":"","Description":"","Attributes":0,"ValueType":"System.String"},"Value":"1505946251"}]},"Attachments":[],"Outcome":1,"ErrorMessage":null,"ErrorStackTrace":null,"DisplayName":"CalculateTriangleTypeAndCoordinates_NegativeSideLengths_ShouldReturnNotATriangle1","Messages":[],"ComputerName":"ALEX","Duration":"00:00:00.0003970","StartTime":"2023-11-25T08:15:35.1789515+00:00","EndTime":"2023-11-25T08:15:35.1793482+00:00","Properties":[{"Key":{"Id":"NUnit.Seed","Label":"Seed","Category":"","Description":"","Attributes":0,"ValueType":"System.String"},"Value":"1505946251"}]},{"TestCase":{"Id":"f9cd76bc-dfff-422b-3153-3d9c382c1251","FullyQualifiedName":"Tests.TriangleCalculatorTests.CalculateTriangleTypeAndCoordinates_NegativeSideLengths_ShouldReturnNotATriangle2","DisplayName":"CalculateTriangleTypeAndCoordinates_NegativeSideLengths_ShouldReturnNotATriangle2","ExecutorUri":"executor://NUnit3TestExecutor","Source":"C:\\Users\\asb20\\source\\repos\\test_lab2\\test_lab2Tests\\bin\\Debug\\net6.0\\fine-code-coverage\\build-output\\test_lab2Tests.dll","CodeFilePath":null,"LineNumber":0,"Properties":[{"Key":{"Id":"NUnit.Seed","Label":"Seed","Category":"","Description":"","Attributes":0,"ValueType":"System.String"},"Value":"837623177"}]},"Attachments":[],"Outcome":1,"ErrorMessage":null,"ErrorStackTrace":null,"DisplayName":"CalculateTriangleTypeAndCoordinates_NegativeSideLengths_ShouldReturnNotATriangle2","Messages":[],"ComputerName":"ALEX","Duration":"00:00:00.0004900","StartTime":"2023-11-25T08:15:35.1793623+00:00","EndTime":"2023-11-25T08:15:35.1798524+00:00","Properties":[{"Key":{"Id":"NUnit.Seed","Label":"Seed","Category":"","Description":"","Attributes":0,"ValueType":"System.String"},"Value":"837623177"}]},{"TestCase":{"Id":"6638e562-d938-73bf-c2c4-cdcb83afd0d7","FullyQualifiedName":"Tests.TriangleCalculatorTests.CalculateTriangleTypeAndCoordinates_NotATriangle_ShouldReturnCorrectTypeAndCoordinates(\"1\",\"2\",\"3\")","DisplayName":"CalculateTriangleTypeAndCoordinates_NotATriangle_ShouldReturnCorrectTypeAndCoordinates(\"1\",\"2\",\"3\")","ExecutorUri":"executor://NUnit3TestExecutor","Source":"C:\\Users\\asb20\\source\\repos\\test_lab2\\test_lab2Tests\\bin\\Debug\\net6.0\\fine-code-coverage\\build-output\\test_lab2Tests.dll","CodeFilePath":null,"LineNumber":0,"Properties":[{"Key":{"Id":"NUnit.Seed","Label":"Seed","Category":"","Description":"","Attributes":0,"ValueType":"System.String"},"Value":"115864301"}]},"Attachments":[],"Outcome":1,"ErrorMessage":null,"ErrorStackTrace":null,"DisplayName":"CalculateTriangleTypeAndCoordinates_NotATriangle_ShouldReturnCorrectTypeAndCoordinates(\"1\",\"2\",\"3\")","Messages":[],"ComputerName":"ALEX","Duration":"00:00:00.0004140","StartTime":"2023-11-25T08:15:35.179897+00:00","EndTime":"2023-11-25T08:15:35.1803112+00:00","Properties":[{"Key":{"Id":"NUnit.Seed","Label":"Seed","Category":"","Description":"","Attributes":0,"ValueType":"System.String"},"Value":"115864301"}]}],"TestRunStatistics":{"ExecutedTests":9,"Stats":{"Passed":9}},"ActiveTests":[{"Id":"b19b364a-fd67-bf91-fea6-ae19b7220161","FullyQualifiedName":"Tests.TriangleCalculatorTests.CalculateTriangleTypeAndCoordinates_NotATriangle_ShouldReturnCorrectTypeAndCoordinates(\"2\",\"1\",\"3\")","DisplayName":"CalculateTriangleTypeAndCoordinates_NotATriangle_ShouldReturnCorrectTypeAndCoordinates(\"2\",\"1\",\"3\")","ExecutorUri":"executor://NUnit3TestExecutor","Source":"C:\\Users\\asb20\\source\\repos\\test_lab2\\test_lab2Tests\\bin\\Debug\\net6.0\\fine-code-coverage\\build-output\\test_lab2Tests.dll","CodeFilePath":null,"LineNumber":0,"Properties":[{"Key":{"Id":"NUnit.Seed","Label":"Seed","Category":"","Description":"","Attributes":0,"ValueType":"System.String"},"Value":"166508661"}]}]}}
TpTrace Verbose: 0 : 12300, 13, 2023/11/25, 15:15:35.360, 13772065593, vstest.console.dll, TestRunRequest:SendTestRunStatsChange: Starting.
TpTrace Verbose: 0 : 12300, 13, 2023/11/25, 15:15:35.360, 13772068013, vstest.console.dll, InProgress is CalculateTriangleTypeAndCoordinates_NotATriangle_ShouldReturnCorrectTypeAndCoordinates("2","1","3")
TpTrace Verbose: 0 : 12300, 13, 2023/11/25, 15:15:35.361, 13772071909, vstest.console.dll, MulticastDelegateUtilities.SafeInvoke: TestRun.RunStatsChanged: Invoking callbacks was skipped because there are no subscribers.
TpTrace Information: 0 : 12300, 13, 2023/11/25, 15:15:35.361, 13772072600, vstest.console.dll, TestRunRequest:SendTestRunStatsChange: Completed.
TpTrace Verbose: 0 : 12300, 13, 2023/11/25, 15:15:35.361, 13772074365, vstest.console.dll, MulticastDelegateUtilities.SafeInvoke: LengthPrefixCommunicationChannel: MessageReceived: Invoking callback 1/1 for Microsoft.VisualStudio.TestPlatform.CommunicationUtilities.TestRequestSender+<>c__DisplayClass31_0.<StartTestRun>b__1, took 50 ms.
TpTrace Verbose: 0 : 12300, 13, 2023/11/25, 15:15:35.361, 13772075406, vstest.console.dll, TcpClientExtensions.MessageLoopAsync: Polling on remoteEndPoint: 127.0.0.1:52178 localEndPoint: 127.0.0.1:52177
TpTrace Verbose: 0 : 12300, 13, 2023/11/25, 15:15:35.361, 13772076118, vstest.console.dll, TcpClientExtensions.MessageLoopAsync: NotifyDataAvailable remoteEndPoint: 127.0.0.1:52178 localEndPoint: 127.0.0.1:52177
TpTrace Verbose: 0 : 12300, 13, 2023/11/25, 15:15:35.361, 13772079311, vstest.console.dll, TestRequestSender.OnExecutionMessageReceived: Received message: {"Version":5,"MessageType":"TestExecution.StatsChange","Payload":{"NewTestResults":[{"TestCase":{"Id":"b19b364a-fd67-bf91-fea6-ae19b7220161","FullyQualifiedName":"Tests.TriangleCalculatorTests.CalculateTriangleTypeAndCoordinates_NotATriangle_ShouldReturnCorrectTypeAndCoordinates(\"2\",\"1\",\"3\")","DisplayName":"CalculateTriangleTypeAndCoordinates_NotATriangle_ShouldReturnCorrectTypeAndCoordinates(\"2\",\"1\",\"3\")","ExecutorUri":"executor://NUnit3TestExecutor","Source":"C:\\Users\\asb20\\source\\repos\\test_lab2\\test_lab2Tests\\bin\\Debug\\net6.0\\fine-code-coverage\\build-output\\test_lab2Tests.dll","CodeFilePath":null,"LineNumber":0,"Properties":[{"Key":{"Id":"NUnit.Seed","Label":"Seed","Category":"","Description":"","Attributes":0,"ValueType":"System.String"},"Value":"166508661"}]},"Attachments":[],"Outcome":1,"ErrorMessage":null,"ErrorStackTrace":null,"DisplayName":"CalculateTriangleTypeAndCoordinates_NotATriangle_ShouldReturnCorrectTypeAndCoordinates(\"2\",\"1\",\"3\")","Messages":[],"ComputerName":"ALEX","Duration":"00:00:00.0001030","StartTime":"2023-11-25T08:15:35.180326+00:00","EndTime":"2023-11-25T08:15:35.1804291+00:00","Properties":[{"Key":{"Id":"NUnit.Seed","Label":"Seed","Category":"","Description":"","Attributes":0,"ValueType":"System.String"},"Value":"166508661"}]},{"TestCase":{"Id":"310a82a3-fe86-7e5b-dc0b-0533987a3e44","FullyQualifiedName":"Tests.TriangleCalculatorTests.CalculateTriangleTypeAndCoordinates_NotATriangle_ShouldReturnCorrectTypeAndCoordinates(\"3\",\"1\",\"2\")","DisplayName":"CalculateTriangleTypeAndCoordinates_NotATriangle_ShouldReturnCorrectTypeAndCoordinates(\"3\",\"1\",\"2\")","ExecutorUri":"executor://NUnit3TestExecutor","Source":"C:\\Users\\asb20\\source\\repos\\test_lab2\\test_lab2Tests\\bin\\Debug\\net6.0\\fine-code-coverage\\build-output\\test_lab2Tests.dll","CodeFilePath":null,"LineNumber":0,"Properties":[{"Key":{"Id":"NUnit.Seed","Label":"Seed","Category":"","Description":"","Attributes":0,"ValueType":"System.String"},"Value":"1890554847"}]},"Attachments":[],"Outcome":1,"ErrorMessage":null,"ErrorStackTrace":null,"DisplayName":"CalculateTriangleTypeAndCoordinates_NotATriangle_ShouldReturnCorrectTypeAndCoordinates(\"3\",\"1\",\"2\")","Messages":[],"ComputerName":"ALEX","Duration":"00:00:00.0000920","StartTime":"2023-11-25T08:15:35.1804383+00:00","EndTime":"2023-11-25T08:15:35.1805296+00:00","Properties":[{"Key":{"Id":"NUnit.Seed","Label":"Seed","Category":"","Description":"","Attributes":0,"ValueType":"System.String"},"Value":"1890554847"}]},{"TestCase":{"Id":"6f9fad0c-6010-847a-02c2-6aa6604e4c93","FullyQualifiedName":"Tests.TriangleCalculatorTests.CalculateTriangleTypeAndCoordinates_OneSideAsEmptyString_ShouldReturnInvalidTypeAndCoordinates","DisplayName":"CalculateTriangleTypeAndCoordinates_OneSideAsEmptyString_ShouldReturnInvalidTypeAndCoordinates","ExecutorUri":"executor://NUnit3TestExecutor","Source":"C:\\Users\\asb20\\source\\repos\\test_lab2\\test_lab2Tests\\bin\\Debug\\net6.0\\fine-code-coverage\\build-output\\test_lab2Tests.dll","CodeFilePath":null,"LineNumber":0,"Properties":[{"Key":{"Id":"NUnit.Seed","Label":"Seed","Category":"","Description":"","Attributes":0,"ValueType":"System.String"},"Value":"102908988"}]},"Attachments":[],"Outcome":1,"ErrorMessage":null,"ErrorStackTrace":null,"DisplayName":"CalculateTriangleTypeAndCoordinates_OneSideAsEmptyString_ShouldReturnInvalidTypeAndCoordinates","Messages":[],"ComputerName":"ALEX","Duration":"00:00:00.0005130","StartTime":"2023-11-25T08:15:35.1820957+00:00","EndTime":"2023-11-25T08:15:35.1826091+00:00","Properties":[{"Key":{"Id":"NUnit.Seed","Label":"Seed","Category":"","Description":"","Attributes":0,"ValueType":"System.String"},"Value":"102908988"}]},{"TestCase":{"Id":"512876a7-1acd-e2c1-91d3-8a5c48daa7a9","FullyQualifiedName":"Tests.TriangleCalculatorTests.CalculateTriangleTypeAndCoordinates_OneSideAsEmptyString_ShouldReturnInvalidTypeAndCoordinates1","DisplayName":"CalculateTriangleTypeAndCoordinates_OneSideAsEmptyString_ShouldReturnInvalidTypeAndCoordinates1","ExecutorUri":"executor://NUnit3TestExecutor","Source":"C:\\Users\\asb20\\source\\repos\\test_lab2\\test_lab2Tests\\bin\\Debug\\net6.0\\fine-code-coverage\\build-output\\test_lab2Tests.dll","CodeFilePath":null,"LineNumber":0,"Properties":[{"Key":{"Id":"NUnit.Seed","Label":"Seed","Category":"","Description":"","Attributes":0,"ValueType":"System.String"},"Value":"2088030237"}]},"Attachments":[],"Outcome":1,"ErrorMessage":null,"ErrorStackTrace":null,"DisplayName":"CalculateTriangleTypeAndCoordinates_OneSideAsEmptyString_ShouldReturnInvalidTypeAndCoordinates1","Messages":[],"ComputerName":"ALEX","Duration":"00:00:00.0004550","StartTime":"2023-11-25T08:15:35.1826243+00:00","EndTime":"2023-11-25T08:15:35.1830789+00:00","Properties":[{"Key":{"Id":"NUnit.Seed","Label":"Seed","Category":"","Description":"","Attributes":0,"ValueType":"System.String"},"Value":"2088030237"}]},{"TestCase":{"Id":"11e6fe38-e975-58f9-8a45-340f7d03f87d","FullyQualifiedName":"Tests.TriangleCalculatorTests.CalculateTriangleTypeAndCoordinates_OneSideAsEmptyString_ShouldReturnInvalidTypeAndCoordinates2","DisplayName":"CalculateTriangleTypeAndCoordinates_OneSideAsEmptyString_ShouldReturnInvalidTypeAndCoordinates2","ExecutorUri":"executor://NUnit3TestExecutor","Source":"C:\\Users\\asb20\\source\\repos\\test_lab2\\test_lab2Tests\\bin\\Debug\\net6.0\\fine-code-coverage\\build-output\\test_lab2Tests.dll","CodeFilePath":null,"LineNumber":0,"Properties":[{"Key":{"Id":"NUnit.Seed","Label":"Seed","Category":"","Description":"","Attributes":0,"ValueType":"System.String"},"Value":"1309929686"}]},"Attachments":[],"Outcome":1,"ErrorMessage":null,"ErrorStackTrace":null,"DisplayName":"CalculateTriangleTypeAndCoordinates_OneSideAsEmptyString_ShouldReturnInvalidTypeAndCoordinates2","Messages":[],"ComputerName":"ALEX","Duration":"00:00:00.0004280","StartTime":"2023-11-25T08:15:35.1830924+00:00","EndTime":"2023-11-25T08:15:35.1835198+00:00","Properties":[{"Key":{"Id":"NUnit.Seed","Label":"Seed","Category":"","Description":"","Attributes":0,"ValueType":"System.String"},"Value":"1309929686"}]},{"TestCase":{"Id":"24808270-6826-0dd9-2f62-77e39e913684","FullyQualifiedName":"Tests.TriangleCalculatorTests.CalculateTriangleTypeAndCoordinates_OneSideGreaterThan100_ShouldReturnInvalidTypeAndCoordinates","DisplayName":"CalculateTriangleTypeAndCoordinates_OneSideGreaterThan100_ShouldReturnInvalidTypeAndCoordinates","ExecutorUri":"executor://NUnit3TestExecutor","Source":"C:\\Users\\asb20\\source\\repos\\test_lab2\\test_lab2Tests\\bin\\Debug\\net6.0\\fine-code-coverage\\build-output\\test_lab2Tests.dll","CodeFilePath":null,"LineNumber":0,"Properties":[{"Key":{"Id":"NUnit.Seed","Label":"Seed","Category":"","Description":"","Attributes":0,"ValueType":"System.String"},"Value":"42255617"}]},"Attachments":[],"Outcome":1,"ErrorMessage":null,"ErrorStackTrace":null,"DisplayName":"CalculateTriangleTypeAndCoordinates_OneSideGreaterThan100_ShouldReturnInvalidTypeAndCoordinates","Messages":[],"ComputerName":"ALEX","Duration":"00:00:00.0004130","StartTime":"2023-11-25T08:15:35.1835333+00:00","EndTime":"2023-11-25T08:15:35.1839461+00:00","Properties":[{"Key":{"Id":"NUnit.Seed","Label":"Seed","Category":"","Description":"","Attributes":0,"ValueType":"System.String"},"Value":"42255617"}]},{"TestCase":{"Id":"807b36ef-e040-454c-81be-c08a45ccaceb","FullyQualifiedName":"Tests.TriangleCalculatorTests.CalculateTriangleTypeAndCoordinates_SidesWithDecimalSeparator_ShouldReturnCorrectTypeAndCoordinates","DisplayName":"CalculateTriangleTypeAndCoordinates_SidesWithDecimalSeparator_ShouldReturnCorrectTypeAndCoordinates","ExecutorUri":"executor://NUnit3TestExecutor","Source":"C:\\Users\\asb20\\source\\repos\\test_lab2\\test_lab2Tests\\bin\\Debug\\net6.0\\fine-code-coverage\\build-output\\test_lab2Tests.dll","CodeFilePath":null,"LineNumber":0,"Properties":[{"Key":{"Id":"NUnit.Seed","Label":"Seed","Category":"","Description":"","Attributes":0,"ValueType":"System.String"},"Value":"173835725"}]},"Attachments":[],"Outcome":1,"ErrorMessage":null,"ErrorStackTrace":null,"DisplayName":"CalculateTriangleTypeAndCoordinates_SidesWithDecimalSeparator_ShouldReturnCorrectTypeAndCoordinates","Messages":[],"ComputerName":"ALEX","Duration":"00:00:00.0004100","StartTime":"2023-11-25T08:15:35.1839616+00:00","EndTime":"2023-11-25T08:15:35.1843715+00:00","Properties":[{"Key":{"Id":"NUnit.Seed","Label":"Seed","Category":"","Description":"","Attributes":0,"ValueType":"System.String"},"Value":"173835725"}]},{"TestCase":{"Id":"d381d0f6-5c35-20ff-d662-c18e9552fa2e","FullyQualifiedName":"Tests.TriangleCalculatorTests.CalculateTriangleTypeAndCoordinates_TwoSidesGreaterThan100_OneEqual100_ShouldReturnInvalidTypeAndCoordinates","DisplayName":"CalculateTriangleTypeAndCoordinates_TwoSidesGreaterThan100_OneEqual100_ShouldReturnInvalidTypeAndCoordinates","ExecutorUri":"executor://NUnit3TestExecutor","Source":"C:\\Users\\asb20\\source\\repos\\test_lab2\\test_lab2Tests\\bin\\Debug\\net6.0\\fine-code-coverage\\build-output\\test_lab2Tests.dll","CodeFilePath":null,"LineNumber":0,"Properties":[{"Key":{"Id":"NUnit.Seed","Label":"Seed","Category":"","Description":"","Attributes":0,"ValueType":"System.String"},"Value":"1330895036"}]},"Attachments":[],"Outcome":1,"ErrorMessage":null,"ErrorStackTrace":null,"DisplayName":"CalculateTriangleTypeAndCoordinates_TwoSidesGreaterThan100_OneEqual100_ShouldReturnInvalidTypeAndCoordinates","Messages":[],"ComputerName":"ALEX","Duration":"00:00:00.0003869","StartTime":"2023-11-25T08:15:35.1843979+00:00","EndTime":"2023-11-25T08:15:35.1847852+00:00","Properties":[{"Key":{"Id":"NUnit.Seed","Label":"Seed","Category":"","Description":"","Attributes":0,"ValueType":"System.String"},"Value":"1330895036"}]},{"TestCase":{"Id":"ee18e66b-72ee-7b22-188b-c36e58cdb97c","FullyQualifiedName":"Tests.TriangleCalculatorTests.CalculateTriangleTypeAndCoordinates_ValidEquilateralTriangle_ShouldReturnCorrectTypeAndCoordinates","DisplayName":"CalculateTriangleTypeAndCoordinates_ValidEquilateralTriangle_ShouldReturnCorrectTypeAndCoordinates","ExecutorUri":"executor://NUnit3TestExecutor","Source":"C:\\Users\\asb20\\source\\repos\\test_lab2\\test_lab2Tests\\bin\\Debug\\net6.0\\fine-code-coverage\\build-output\\test_lab2Tests.dll","CodeFilePath":null,"LineNumber":0,"Properties":[{"Key":{"Id":"NUnit.Seed","Label":"Seed","Category":"","Description":"","Attributes":0,"ValueType":"System.String"},"Value":"1540523399"}]},"Attachments":[],"Outcome":1,"ErrorMessage":null,"ErrorStackTrace":null,"DisplayName":"CalculateTriangleTypeAndCoordinates_ValidEquilateralTriangle_ShouldReturnCorrectTypeAndCoordinates","Messages":[],"ComputerName":"ALEX","Duration":"00:00:00.0003869","StartTime":"2023-11-25T08:15:35.1847983+00:00","EndTime":"2023-11-25T08:15:35.1851855+00:00","Properties":[{"Key":{"Id":"NUnit.Seed","Label":"Seed","Category":"","Description":"","Attributes":0,"ValueType":"System.String"},"Value":"1540523399"}]}],"TestRunStatistics":{"ExecutedTests":18,"Stats":{"Passed":18}},"ActiveTests":[{"Id":"c76e5080-1967-9248-9e94-1e2220f5b75a","FullyQualifiedName":"Tests.TriangleCalculatorTests.CalculateTriangleTypeAndCoordinates_ValidIsoscelesTriangle_ShouldReturnCorrectTypeAndCoordinates","DisplayName":"CalculateTriangleTypeAndCoordinates_ValidIsoscelesTriangle_ShouldReturnCorrectTypeAndCoordinates","ExecutorUri":"executor://NUnit3TestExecutor","Source":"C:\\Users\\asb20\\source\\repos\\test_lab2\\test_lab2Tests\\bin\\Debug\\net6.0\\fine-code-coverage\\build-output\\test_lab2Tests.dll","CodeFilePath":null,"LineNumber":0,"Properties":[{"Key":{"Id":"NUnit.Seed","Label":"Seed","Category":"","Description":"","Attributes":0,"ValueType":"System.String"},"Value":"933484464"}]}]}}
TpTrace Verbose: 0 : 12300, 13, 2023/11/25, 15:15:35.370, 13772170913, vstest.console.dll, TestRunRequest:SendTestRunStatsChange: Starting.
TpTrace Verbose: 0 : 12300, 13, 2023/11/25, 15:15:35.371, 13772171995, vstest.console.dll, InProgress is CalculateTriangleTypeAndCoordinates_ValidIsoscelesTriangle_ShouldReturnCorrectTypeAndCoordinates
TpTrace Verbose: 0 : 12300, 13, 2023/11/25, 15:15:35.371, 13772172688, vstest.console.dll, MulticastDelegateUtilities.SafeInvoke: TestRun.RunStatsChanged: Invoking callbacks was skipped because there are no subscribers.
TpTrace Information: 0 : 12300, 13, 2023/11/25, 15:15:35.371, 13772173079, vstest.console.dll, TestRunRequest:SendTestRunStatsChange: Completed.
TpTrace Verbose: 0 : 12300, 13, 2023/11/25, 15:15:35.371, 13772173476, vstest.console.dll, MulticastDelegateUtilities.SafeInvoke: LengthPrefixCommunicationChannel: MessageReceived: Invoking callback 1/1 for Microsoft.VisualStudio.TestPlatform.CommunicationUtilities.TestRequestSender+<>c__DisplayClass31_0.<StartTestRun>b__1, took 9 ms.
TpTrace Verbose: 0 : 12300, 13, 2023/11/25, 15:15:35.371, 13772173869, vstest.console.dll, TcpClientExtensions.MessageLoopAsync: Polling on remoteEndPoint: 127.0.0.1:52178 localEndPoint: 127.0.0.1:52177
TpTrace Verbose: 0 : 12300, 4, 2023/11/25, 15:15:35.372, 13772187099, vstest.console.dll, MulticastDelegateUtilities.SafeInvoke: InternalTestLoggerEvents.SendTestResult: Invoking callback 1/1 for Microsoft.VisualStudio.TestPlatform.CommandLine.Internal.ConsoleLogger.TestResultHandler, took 11 ms.
TpTrace Verbose: 0 : 12300, 4, 2023/11/25, 15:15:35.372, 13772190274, vstest.console.dll, MulticastDelegateUtilities.SafeInvoke: InternalTestLoggerEvents.SendTestResult: Invoking callback 1/1 for Microsoft.VisualStudio.TestPlatform.CommandLine.Internal.ConsoleLogger.TestResultHandler, took 0 ms.
TpTrace Verbose: 0 : 12300, 4, 2023/11/25, 15:15:35.372, 13772191255, vstest.console.dll, MulticastDelegateUtilities.SafeInvoke: InternalTestLoggerEvents.SendTestResult: Invoking callback 1/1 for Microsoft.VisualStudio.TestPlatform.CommandLine.Internal.ConsoleLogger.TestResultHandler, took 0 ms.
TpTrace Verbose: 0 : 12300, 4, 2023/11/25, 15:15:35.373, 13772191913, vstest.console.dll, MulticastDelegateUtilities.SafeInvoke: InternalTestLoggerEvents.SendTestResult: Invoking callback 1/1 for Microsoft.VisualStudio.TestPlatform.CommandLine.Internal.ConsoleLogger.TestResultHandler, took 0 ms.
TpTrace Verbose: 0 : 12300, 4, 2023/11/25, 15:15:35.373, 13772192587, vstest.console.dll, MulticastDelegateUtilities.SafeInvoke: InternalTestLoggerEvents.SendTestResult: Invoking callback 1/1 for Microsoft.VisualStudio.TestPlatform.CommandLine.Internal.ConsoleLogger.TestResultHandler, took 0 ms.
TpTrace Verbose: 0 : 12300, 4, 2023/11/25, 15:15:35.373, 13772193157, vstest.console.dll, MulticastDelegateUtilities.SafeInvoke: InternalTestLoggerEvents.SendTestResult: Invoking callback 1/1 for Microsoft.VisualStudio.TestPlatform.CommandLine.Internal.ConsoleLogger.TestResultHandler, took 0 ms.
TpTrace Verbose: 0 : 12300, 4, 2023/11/25, 15:15:35.373, 13772193879, vstest.console.dll, MulticastDelegateUtilities.SafeInvoke: InternalTestLoggerEvents.SendTestResult: Invoking callback 1/1 for Microsoft.VisualStudio.TestPlatform.CommandLine.Internal.ConsoleLogger.TestResultHandler, took 0 ms.
TpTrace Verbose: 0 : 12300, 4, 2023/11/25, 15:15:35.373, 13772194475, vstest.console.dll, MulticastDelegateUtilities.SafeInvoke: InternalTestLoggerEvents.SendTestResult: Invoking callback 1/1 for Microsoft.VisualStudio.TestPlatform.CommandLine.Internal.ConsoleLogger.TestResultHandler, took 0 ms.
TpTrace Verbose: 0 : 12300, 4, 2023/11/25, 15:15:35.373, 13772195201, vstest.console.dll, MulticastDelegateUtilities.SafeInvoke: InternalTestLoggerEvents.SendTestResult: Invoking callback 1/1 for Microsoft.VisualStudio.TestPlatform.CommandLine.Internal.ConsoleLogger.TestResultHandler, took 0 ms.
TpTrace Verbose: 0 : 12300, 4, 2023/11/25, 15:15:35.373, 13772195780, vstest.console.dll, MulticastDelegateUtilities.SafeInvoke: InternalTestLoggerEvents.SendTestResult: Invoking callback 1/1 for Microsoft.VisualStudio.TestPlatform.CommandLine.Internal.ConsoleLogger.TestResultHandler, took 0 ms.
TpTrace Verbose: 0 : 12300, 4, 2023/11/25, 15:15:35.373, 13772196494, vstest.console.dll, MulticastDelegateUtilities.SafeInvoke: InternalTestLoggerEvents.SendTestResult: Invoking callback 1/1 for Microsoft.VisualStudio.TestPlatform.CommandLine.Internal.ConsoleLogger.TestResultHandler, took 0 ms.
TpTrace Verbose: 0 : 12300, 4, 2023/11/25, 15:15:35.376, 13772228086, vstest.console.dll, MulticastDelegateUtilities.SafeInvoke: InternalTestLoggerEvents.SendTestResult: Invoking callback 1/1 for Microsoft.VisualStudio.TestPlatform.CommandLine.Internal.ConsoleLogger.TestResultHandler, took 3 ms.
TpTrace Verbose: 0 : 12300, 4, 2023/11/25, 15:15:35.376, 13772230779, vstest.console.dll, MulticastDelegateUtilities.SafeInvoke: InternalTestLoggerEvents.SendTestResult: Invoking callback 1/1 for Microsoft.VisualStudio.TestPlatform.CommandLine.Internal.ConsoleLogger.TestResultHandler, took 0 ms.
TpTrace Verbose: 0 : 12300, 4, 2023/11/25, 15:15:35.376, 13772231355, vstest.console.dll, MulticastDelegateUtilities.SafeInvoke: InternalTestLoggerEvents.SendTestResult: Invoking callback 1/1 for Microsoft.VisualStudio.TestPlatform.CommandLine.Internal.ConsoleLogger.TestResultHandler, took 0 ms.
TpTrace Verbose: 0 : 12300, 4, 2023/11/25, 15:15:35.377, 13772231792, vstest.console.dll, MulticastDelegateUtilities.SafeInvoke: InternalTestLoggerEvents.SendTestResult: Invoking callback 1/1 for Microsoft.VisualStudio.TestPlatform.CommandLine.Internal.ConsoleLogger.TestResultHandler, took 0 ms.
TpTrace Verbose: 0 : 12300, 4, 2023/11/25, 15:15:35.377, 13772232162, vstest.console.dll, MulticastDelegateUtilities.SafeInvoke: InternalTestLoggerEvents.SendTestResult: Invoking callback 1/1 for Microsoft.VisualStudio.TestPlatform.CommandLine.Internal.ConsoleLogger.TestResultHandler, took 0 ms.
TpTrace Verbose: 0 : 12300, 4, 2023/11/25, 15:15:35.377, 13772232543, vstest.console.dll, MulticastDelegateUtilities.SafeInvoke: InternalTestLoggerEvents.SendTestResult: Invoking callback 1/1 for Microsoft.VisualStudio.TestPlatform.CommandLine.Internal.ConsoleLogger.TestResultHandler, took 0 ms.
TpTrace Verbose: 0 : 12300, 4, 2023/11/25, 15:15:35.377, 13772232873, vstest.console.dll, MulticastDelegateUtilities.SafeInvoke: InternalTestLoggerEvents.SendTestResult: Invoking callback 1/1 for Microsoft.VisualStudio.TestPlatform.CommandLine.Internal.ConsoleLogger.TestResultHandler, took 0 ms.
TpTrace Verbose: 0 : 12300, 13, 2023/11/25, 15:15:35.750, 13775968352, vstest.console.dll, TcpClientExtensions.MessageLoopAsync: NotifyDataAvailable remoteEndPoint: 127.0.0.1:52178 localEndPoint: 127.0.0.1:52177
TpTrace Verbose: 0 : 12300, 13, 2023/11/25, 15:15:35.751, 13775974116, vstest.console.dll, TestRequestSender.OnExecutionMessageReceived: Received message: {"Version":5,"MessageType":"TestExecution.StatsChange","Payload":{"NewTestResults":[{"TestCase":{"Id":"c76e5080-1967-9248-9e94-1e2220f5b75a","FullyQualifiedName":"Tests.TriangleCalculatorTests.CalculateTriangleTypeAndCoordinates_ValidIsoscelesTriangle_ShouldReturnCorrectTypeAndCoordinates","DisplayName":"CalculateTriangleTypeAndCoordinates_ValidIsoscelesTriangle_ShouldReturnCorrectTypeAndCoordinates","ExecutorUri":"executor://NUnit3TestExecutor","Source":"C:\\Users\\asb20\\source\\repos\\test_lab2\\test_lab2Tests\\bin\\Debug\\net6.0\\fine-code-coverage\\build-output\\test_lab2Tests.dll","CodeFilePath":null,"LineNumber":0,"Properties":[{"Key":{"Id":"NUnit.Seed","Label":"Seed","Category":"","Description":"","Attributes":0,"ValueType":"System.String"},"Value":"933484464"}]},"Attachments":[],"Outcome":1,"ErrorMessage":null,"ErrorStackTrace":null,"DisplayName":"CalculateTriangleTypeAndCoordinates_ValidIsoscelesTriangle_ShouldReturnCorrectTypeAndCoordinates","Messages":[],"ComputerName":"ALEX","Duration":"00:00:00.0003970","StartTime":"2023-11-25T08:15:35.1851984+00:00","EndTime":"2023-11-25T08:15:35.1855956+00:00","Properties":[{"Key":{"Id":"NUnit.Seed","Label":"Seed","Category":"","Description":"","Attributes":0,"ValueType":"System.String"},"Value":"933484464"}]},{"TestCase":{"Id":"280c88a1-b444-747d-3c32-d3229c7443e7","FullyQualifiedName":"Tests.TriangleCalculatorTests.CalculateTriangleTypeAndCoordinates_ValidScaleneTriangle_ShouldReturnCorrectTypeAndCoordinates","DisplayName":"CalculateTriangleTypeAndCoordinates_ValidScaleneTriangle_ShouldReturnCorrectTypeAndCoordinates","ExecutorUri":"executor://NUnit3TestExecutor","Source":"C:\\Users\\asb20\\source\\repos\\test_lab2\\test_lab2Tests\\bin\\Debug\\net6.0\\fine-code-coverage\\build-output\\test_lab2Tests.dll","CodeFilePath":null,"LineNumber":0,"Properties":[{"Key":{"Id":"NUnit.Seed","Label":"Seed","Category":"","Description":"","Attributes":0,"ValueType":"System.String"},"Value":"1442631277"}]},"Attachments":[],"Outcome":1,"ErrorMessage":null,"ErrorStackTrace":null,"DisplayName":"CalculateTriangleTypeAndCoordinates_ValidScaleneTriangle_ShouldReturnCorrectTypeAndCoordinates","Messages":[],"ComputerName":"ALEX","Duration":"00:00:00.0003890","StartTime":"2023-11-25T08:15:35.1856087+00:00","EndTime":"2023-11-25T08:15:35.1859975+00:00","Properties":[{"Key":{"Id":"NUnit.Seed","Label":"Seed","Category":"","Description":"","Attributes":0,"ValueType":"System.String"},"Value":"1442631277"}]},{"TestCase":{"Id":"0d62e9bd-3bf2-d01f-7554-60e9a4b63c23","FullyQualifiedName":"Tests.TriangleCalculatorTests.CalculateTriangleTypeAndCoordinates_ValidTriangle_ShouldReturnCorrectTypeAndCoordinates","DisplayName":"CalculateTriangleTypeAndCoordinates_ValidTriangle_ShouldReturnCorrectTypeAndCoordinates","ExecutorUri":"executor://NUnit3TestExecutor","Source":"C:\\Users\\asb20\\source\\repos\\test_lab2\\test_lab2Tests\\bin\\Debug\\net6.0\\fine-code-coverage\\build-output\\test_lab2Tests.dll","CodeFilePath":null,"LineNumber":0,"Properties":[{"Key":{"Id":"NUnit.Seed","Label":"Seed","Category":"","Description":"","Attributes":0,"ValueType":"System.String"},"Value":"965950861"}]},"Attachments":[],"Outcome":1,"ErrorMessage":null,"ErrorStackTrace":null,"DisplayName":"CalculateTriangleTypeAndCoordinates_ValidTriangle_ShouldReturnCorrectTypeAndCoordinates","Messages":[],"ComputerName":"ALEX","Duration":"00:00:00.0004870","StartTime":"2023-11-25T08:15:35.1860113+00:00","EndTime":"2023-11-25T08:15:35.1864982+00:00","Properties":[{"Key":{"Id":"NUnit.Seed","Label":"Seed","Category":"","Description":"","Attributes":0,"ValueType":"System.String"},"Value":"965950861"}]},{"TestCase":{"Id":"ce7c51a7-eeed-3769-fe42-68cfb0730c1e","FullyQualifiedName":"Tests.TriangleCalculatorTests.CalculateTriangleTypeAndCoordinates_ZeroSide_ShouldReturnNotATriangle","DisplayName":"CalculateTriangleTypeAndCoordinates_ZeroSide_ShouldReturnNotATriangle","ExecutorUri":"executor://NUnit3TestExecutor","Source":"C:\\Users\\asb20\\source\\repos\\test_lab2\\test_lab2Tests\\bin\\Debug\\net6.0\\fine-code-coverage\\build-output\\test_lab2Tests.dll","CodeFilePath":null,"LineNumber":0,"Properties":[{"Key":{"Id":"NUnit.Seed","Label":"Seed","Category":"","Description":"","Attributes":0,"ValueType":"System.String"},"Value":"2059777382"}]},"Attachments":[],"Outcome":1,"ErrorMessage":null,"ErrorStackTrace":null,"DisplayName":"CalculateTriangleTypeAndCoordinates_ZeroSide_ShouldReturnNotATriangle","Messages":[],"ComputerName":"ALEX","Duration":"00:00:00.0004080","StartTime":"2023-11-25T08:15:35.186513+00:00","EndTime":"2023-11-25T08:15:35.1869213+00:00","Properties":[{"Key":{"Id":"NUnit.Seed","Label":"Seed","Category":"","Description":"","Attributes":0,"ValueType":"System.String"},"Value":"2059777382"}]},{"TestCase":{"Id":"1d037d9f-378f-7e92-cdfb-506d91dd54d6","FullyQualifiedName":"Tests.TriangleCalculatorTests.CalculateTriangleTypeAndCoordinates_ZeroSide_ShouldReturnNotATriangle1","DisplayName":"CalculateTriangleTypeAndCoordinates_ZeroSide_ShouldReturnNotATriangle1","ExecutorUri":"executor://NUnit3TestExecutor","Source":"C:\\Users\\asb20\\source\\repos\\test_lab2\\test_lab2Tests\\bin\\Debug\\net6.0\\fine-code-coverage\\build-output\\test_lab2Tests.dll","CodeFilePath":null,"LineNumber":0,"Properties":[{"Key":{"Id":"NUnit.Seed","Label":"Seed","Category":"","Description":"","Attributes":0,"ValueType":"System.String"},"Value":"2146927918"}]},"Attachments":[],"Outcome":1,"ErrorMessage":null,"ErrorStackTrace":null,"DisplayName":"CalculateTriangleTypeAndCoordinates_ZeroSide_ShouldReturnNotATriangle1","Messages":[],"ComputerName":"ALEX","Duration":"00:00:00.0006980","StartTime":"2023-11-25T08:15:35.1869972+00:00","EndTime":"2023-11-25T08:15:35.1876951+00:00","Properties":[{"Key":{"Id":"NUnit.Seed","Label":"Seed","Category":"","Description":"","Attributes":0,"ValueType":"System.String"},"Value":"2146927918"}]},{"TestCase":{"Id":"7c8e2da8-b046-ef57-d200-ccece8f3bb75","FullyQualifiedName":"Tests.TriangleCalculatorTests.CalculateTriangleTypeAndCoordinates_ZeroSide_ShouldReturnNotATriangle2","DisplayName":"CalculateTriangleTypeAndCoordinates_ZeroSide_ShouldReturnNotATriangle2","ExecutorUri":"executor://NUnit3TestExecutor","Source":"C:\\Users\\asb20\\source\\repos\\test_lab2\\test_lab2Tests\\bin\\Debug\\net6.0\\fine-code-coverage\\build-output\\test_lab2Tests.dll","CodeFilePath":null,"LineNumber":0,"Properties":[{"Key":{"Id":"NUnit.Seed","Label":"Seed","Category":"","Description":"","Attributes":0,"ValueType":"System.String"},"Value":"2057427082"}]},"Attachments":[],"Outcome":1,"ErrorMessage":null,"ErrorStackTrace":null,"DisplayName":"CalculateTriangleTypeAndCoordinates_ZeroSide_ShouldReturnNotATriangle2","Messages":[],"ComputerName":"ALEX","Duration":"00:00:00.0006680","StartTime":"2023-11-25T08:15:35.1877268+00:00","EndTime":"2023-11-25T08:15:35.1883941+00:00","Properties":[{"Key":{"Id":"NUnit.Seed","Label":"Seed","Category":"","Description":"","Attributes":0,"ValueType":"System.String"},"Value":"2057427082"}]},{"TestCase":{"Id":"ff470816-fc5d-89b6-aa1c-512149f03ffa","FullyQualifiedName":"Tests.TriangleCalculatorTests.ModelTriangle_CheckFuncionAdd(\"1\",\"1\",\"1\",\"\",\"\")","DisplayName":"ModelTriangle_CheckFuncionAdd(\"1\",\"1\",\"1\",\"\",\"\")","ExecutorUri":"executor://NUnit3TestExecutor","Source":"C:\\Users\\asb20\\source\\repos\\test_lab2\\test_lab2Tests\\bin\\Debug\\net6.0\\fine-code-coverage\\build-output\\test_lab2Tests.dll","CodeFilePath":null,"LineNumber":0,"Properties":[{"Key":{"Id":"NUnit.Seed","Label":"Seed","Category":"","Description":"","Attributes":0,"ValueType":"System.String"},"Value":"2024026975"}]},"Attachments":[],"Outcome":1,"ErrorMessage":null,"ErrorStackTrace":null,"DisplayName":"ModelTriangle_CheckFuncionAdd(\"1\",\"1\",\"1\",\"\",\"\")","Messages":[],"ComputerName":"ALEX","Duration":"00:00:00.5197550","StartTime":"2023-11-25T08:15:35.1884637+00:00","EndTime":"2023-11-25T08:15:35.7082179+00:00","Properties":[{"Key":{"Id":"NUnit.Seed","Label":"Seed","Category":"","Description":"","Attributes":0,"ValueType":"System.String"},"Value":"2024026975"}]},{"TestCase":{"Id":"ff470816-fc5d-89b6-aa1c-512149f03ffa","FullyQualifiedName":"Tests.TriangleCalculatorTests.ModelTriangle_CheckFuncionAdd(\"1\",\"1\",\"1\",\"\",\"\")","DisplayName":"ModelTriangle_CheckFuncionAdd(\"1\",\"1\",\"1\",\"\",\"\")","ExecutorUri":"executor://NUnit3TestExecutor","Source":"C:\\Users\\asb20\\source\\repos\\test_lab2\\test_lab2Tests\\bin\\Debug\\net6.0\\fine-code-coverage\\build-output\\test_lab2Tests.dll","CodeFilePath":null,"LineNumber":0,"Properties":[{"Key":{"Id":"NUnit.Seed","Label":"Seed","Category":"","Description":"","Attributes":0,"ValueType":"System.String"},"Value":"1677479170"}]},"Attachments":[],"Outcome":1,"ErrorMessage":null,"ErrorStackTrace":null,"DisplayName":"ModelTriangle_CheckFuncionAdd(\"1\",\"1\",\"1\",\"\",\"\")","Messages":[],"ComputerName":"ALEX","Duration":"00:00:00.0037910","StartTime":"2023-11-25T08:15:35.7082762+00:00","EndTime":"2023-11-25T08:15:35.7120672+00:00","Properties":[{"Key":{"Id":"NUnit.Seed","Label":"Seed","Category":"","Description":"","Attributes":0,"ValueType":"System.String"},"Value":"1677479170"}]},{"TestCase":{"Id":"7f15df96-3188-782b-330b-73c80f78d3e8","FullyQualifiedName":"Tests.TriangleCalculatorTests.ModelTriangle_CheckNegFuncionAdd(\"qwe\",\"qwe\",\"qwe\",\"\",\"\")","DisplayName":"ModelTriangle_CheckNegFuncionAdd(\"qwe\",\"qwe\",\"qwe\",\"\",\"\")","ExecutorUri":"executor://NUnit3TestExecutor","Source":"C:\\Users\\asb20\\source\\repos\\test_lab2\\test_lab2Tests\\bin\\Debug\\net6.0\\fine-code-coverage\\build-output\\test_lab2Tests.dll","CodeFilePath":null,"LineNumber":0,"Properties":[{"Key":{"Id":"NUnit.Seed","Label":"Seed","Category":"","Description":"","Attributes":0,"ValueType":"System.String"},"Value":"1316690764"}]},"Attachments":[],"Outcome":2,"ErrorMessage":"MySql.Data.MySqlClient.MySqlException : Invalid attempt to Read when reader is closed.","ErrorStackTrace":"   at MySql.Data.MySqlClient.MySqlDataReader.Throw(Exception ex)\r\n   at MySql.Data.MySqlClient.MySqlDataReader.ReadAsync(Boolean execAsync, CancellationToken cancellationToken)\r\n   at MySql.Data.MySqlClient.MySqlDataReader.Read()\r\n   at System.Data.Common.DbEnumerator.MoveNext()\r\n   at NUnit.Framework.Constraints.MsgUtils.FormatCollection(IEnumerable collection, Int64 start, Int32 max)\r\n   at NUnit.Framework.Constraints.MsgUtils.<>c__DisplayClass16_7.<.cctor>b__20(Object val)\r\n   at NUnit.Framework.Constraints.MsgUtils.<>c__DisplayClass16_8.<.cctor>b__21(Object val)\r\n   at NUnit.Framework.Constraints.MsgUtils.<>c__DisplayClass16_9.<.cctor>b__22(Object val)\r\n   at NUnit.Framework.Constraints.MsgUtils.<>c__DisplayClass16_10.<.cctor>b__23(Object val)\r\n   at NUnit.Framework.Constraints.MsgUtils.<>c__DisplayClass16_11.<.cctor>b__24(Object val)\r\n   at NUnit.Framework.Constraints.MsgUtils.<>c__DisplayClass16_12.<.cctor>b__25(Object val)\r\n   at NUnit.Framework.Internal.TestExecutionContext.<>c.<.ctor>b__7_0(Object val)\r\n   at NUnit.Framework.Constraints.MsgUtils.FormatValue(Object val)\r\n   at NUnit.Framework.Internal.TextMessageWriter.WriteExpectedLine(Object expected, Tolerance tolerance)\r\n   at NUnit.Framework.Internal.TextMessageWriter.DisplayDifferences(Object expected, Object actual, Tolerance tolerance)\r\n   at NUnit.Framework.Constraints.EqualConstraintResult.DisplayDifferences(MessageWriter writer, Object expected, Object actual, Int32 depth)\r\n   at NUnit.Framework.Constraints.EqualConstraintResult.WriteMessageTo(MessageWriter writer)\r\n   at NUnit.Framework.Assert.ReportFailure(ConstraintResult result, String message, Object[] args)\r\n   at NUnit.Framework.Assert.That[TActual](TActual actual, IResolveConstraint expression, String message, Object[] args)\r\n   at NUnit.Framework.Assert.That(TestDelegate code, IResolveConstraint constraint, String message, Object[] args)\r\n   at NUnit.Framework.Assert.That(TestDelegate code, IResolveConstraint constraint)\r\n   at Tests.TriangleCalculatorTests.ModelTriangle_CheckNegFuncionAdd(String sideA, String sideB, String sideC, String type, String error) in C:\\Users\\asb20\\source\\repos\\test_lab2\\test_lab2Tests\\TriangleCalculatorTests.cs:line 444\n","DisplayName":"ModelTriangle_CheckNegFuncionAdd(\"qwe\",\"qwe\",\"qwe\",\"\",\"\")","Messages":[],"ComputerName":"ALEX","Duration":"00:00:00.0296620","StartTime":"2023-11-25T08:15:35.7121829+00:00","EndTime":"2023-11-25T08:15:35.7418442+00:00","Properties":[{"Key":{"Id":"NUnit.Seed","Label":"Seed","Category":"","Description":"","Attributes":0,"ValueType":"System.String"},"Value":"1316690764"}]}],"TestRunStatistics":{"ExecutedTests":27,"Stats":{"Passed":26,"Failed":1}},"ActiveTests":[{"Id":"ca84bdab-fe1b-a903-eb7e-2c228b94131a","FullyQualifiedName":"Tests.TriangleCalculatorTests.ModelTriangle_CheckNegFuncionAdd(\"\",\"\",\"\",\"\",\"\")","DisplayName":"ModelTriangle_CheckNegFuncionAdd(\"\",\"\",\"\",\"\",\"\")","ExecutorUri":"executor://NUnit3TestExecutor","Source":"C:\\Users\\asb20\\source\\repos\\test_lab2\\test_lab2Tests\\bin\\Debug\\net6.0\\fine-code-coverage\\build-output\\test_lab2Tests.dll","CodeFilePath":null,"LineNumber":0,"Properties":[{"Key":{"Id":"NUnit.Seed","Label":"Seed","Category":"","Description":"","Attributes":0,"ValueType":"System.String"},"Value":"1812764994"}]}]}}
TpTrace Verbose: 0 : 12300, 13, 2023/11/25, 15:15:35.752, 13775986218, vstest.console.dll, TestRunRequest:SendTestRunStatsChange: Starting.
TpTrace Verbose: 0 : 12300, 13, 2023/11/25, 15:15:35.752, 13775987087, vstest.console.dll, InProgress is ModelTriangle_CheckNegFuncionAdd("","","","","")
TpTrace Verbose: 0 : 12300, 13, 2023/11/25, 15:15:35.752, 13775987635, vstest.console.dll, MulticastDelegateUtilities.SafeInvoke: TestRun.RunStatsChanged: Invoking callbacks was skipped because there are no subscribers.
TpTrace Information: 0 : 12300, 13, 2023/11/25, 15:15:35.752, 13775987904, vstest.console.dll, TestRunRequest:SendTestRunStatsChange: Completed.
TpTrace Verbose: 0 : 12300, 13, 2023/11/25, 15:15:35.752, 13775988203, vstest.console.dll, MulticastDelegateUtilities.SafeInvoke: LengthPrefixCommunicationChannel: MessageReceived: Invoking callback 1/1 for Microsoft.VisualStudio.TestPlatform.CommunicationUtilities.TestRequestSender+<>c__DisplayClass31_0.<StartTestRun>b__1, took 1 ms.
TpTrace Verbose: 0 : 12300, 4, 2023/11/25, 15:15:35.752, 13775988364, vstest.console.dll, MulticastDelegateUtilities.SafeInvoke: InternalTestLoggerEvents.SendTestResult: Invoking callback 1/1 for Microsoft.VisualStudio.TestPlatform.CommandLine.Internal.ConsoleLogger.TestResultHandler, took 0 ms.
TpTrace Verbose: 0 : 12300, 13, 2023/11/25, 15:15:35.752, 13775988506, vstest.console.dll, TcpClientExtensions.MessageLoopAsync: Polling on remoteEndPoint: 127.0.0.1:52178 localEndPoint: 127.0.0.1:52177
TpTrace Verbose: 0 : 12300, 4, 2023/11/25, 15:15:35.752, 13775989645, vstest.console.dll, MulticastDelegateUtilities.SafeInvoke: InternalTestLoggerEvents.SendTestResult: Invoking callback 1/1 for Microsoft.VisualStudio.TestPlatform.CommandLine.Internal.ConsoleLogger.TestResultHandler, took 0 ms.
TpTrace Verbose: 0 : 12300, 4, 2023/11/25, 15:15:35.752, 13775991076, vstest.console.dll, MulticastDelegateUtilities.SafeInvoke: InternalTestLoggerEvents.SendTestResult: Invoking callback 1/1 for Microsoft.VisualStudio.TestPlatform.CommandLine.Internal.ConsoleLogger.TestResultHandler, took 0 ms.
TpTrace Verbose: 0 : 12300, 4, 2023/11/25, 15:15:35.752, 13775991579, vstest.console.dll, MulticastDelegateUtilities.SafeInvoke: InternalTestLoggerEvents.SendTestResult: Invoking callback 1/1 for Microsoft.VisualStudio.TestPlatform.CommandLine.Internal.ConsoleLogger.TestResultHandler, took 0 ms.
TpTrace Verbose: 0 : 12300, 4, 2023/11/25, 15:15:35.753, 13775991921, vstest.console.dll, MulticastDelegateUtilities.SafeInvoke: InternalTestLoggerEvents.SendTestResult: Invoking callback 1/1 for Microsoft.VisualStudio.TestPlatform.CommandLine.Internal.ConsoleLogger.TestResultHandler, took 0 ms.
TpTrace Verbose: 0 : 12300, 4, 2023/11/25, 15:15:35.753, 13775992242, vstest.console.dll, MulticastDelegateUtilities.SafeInvoke: InternalTestLoggerEvents.SendTestResult: Invoking callback 1/1 for Microsoft.VisualStudio.TestPlatform.CommandLine.Internal.ConsoleLogger.TestResultHandler, took 0 ms.
TpTrace Verbose: 0 : 12300, 4, 2023/11/25, 15:15:35.753, 13775992612, vstest.console.dll, MulticastDelegateUtilities.SafeInvoke: InternalTestLoggerEvents.SendTestResult: Invoking callback 1/1 for Microsoft.VisualStudio.TestPlatform.CommandLine.Internal.ConsoleLogger.TestResultHandler, took 0 ms.
TpTrace Verbose: 0 : 12300, 4, 2023/11/25, 15:15:35.753, 13775992944, vstest.console.dll, MulticastDelegateUtilities.SafeInvoke: InternalTestLoggerEvents.SendTestResult: Invoking callback 1/1 for Microsoft.VisualStudio.TestPlatform.CommandLine.Internal.ConsoleLogger.TestResultHandler, took 0 ms.
TpTrace Verbose: 0 : 12300, 4, 2023/11/25, 15:15:35.754, 13776001753, vstest.console.dll, MulticastDelegateUtilities.SafeInvoke: InternalTestLoggerEvents.SendTestResult: Invoking callback 1/1 for Microsoft.VisualStudio.TestPlatform.CommandLine.Internal.ConsoleLogger.TestResultHandler, took 0 ms.
TpTrace Verbose: 0 : 12300, 13, 2023/11/25, 15:15:35.762, 13776090782, vstest.console.dll, TcpClientExtensions.MessageLoopAsync: NotifyDataAvailable remoteEndPoint: 127.0.0.1:52178 localEndPoint: 127.0.0.1:52177
TpTrace Verbose: 0 : 12300, 13, 2023/11/25, 15:15:35.763, 13776093217, vstest.console.dll, TestRequestSender.OnExecutionMessageReceived: Received message: {"Version":5,"MessageType":"TestSession.Message","Payload":{"MessageLevel":0,"Message":"NUnit Adapter 4.5.0.0: Test execution complete"}}
TpTrace Verbose: 0 : 12300, 13, 2023/11/25, 15:15:35.763, 13776094554, vstest.console.dll, TestRunRequest:SendTestRunMessage: Starting.
TpTrace Verbose: 0 : 12300, 13, 2023/11/25, 15:15:35.763, 13776095540, vstest.console.dll, MulticastDelegateUtilities.SafeInvoke: TestRun.LogMessages: Invoking callback 1/1 for Microsoft.VisualStudio.TestPlatform.CommandLine.TestRunResultAggregator.TestRunMessageHandler, took 0 ms.
TpTrace Information: 0 : 12300, 13, 2023/11/25, 15:15:35.763, 13776096017, vstest.console.dll, TestRunRequest:SendTestRunMessage: Completed.
TpTrace Verbose: 0 : 12300, 13, 2023/11/25, 15:15:35.763, 13776096443, vstest.console.dll, MulticastDelegateUtilities.SafeInvoke: LengthPrefixCommunicationChannel: MessageReceived: Invoking callback 1/1 for Microsoft.VisualStudio.TestPlatform.CommunicationUtilities.TestRequestSender+<>c__DisplayClass31_0.<StartTestRun>b__1, took 0 ms.
TpTrace Verbose: 0 : 12300, 13, 2023/11/25, 15:15:35.763, 13776096906, vstest.console.dll, TcpClientExtensions.MessageLoopAsync: Polling on remoteEndPoint: 127.0.0.1:52178 localEndPoint: 127.0.0.1:52177
TpTrace Verbose: 0 : 12300, 4, 2023/11/25, 15:15:35.763, 13776097867, vstest.console.dll, MulticastDelegateUtilities.SafeInvoke: InternalTestLoggerEvents.SendTestRunMessage: Invoking callback 1/1 for Microsoft.VisualStudio.TestPlatform.CommandLine.Internal.ConsoleLogger.TestMessageHandler, took 0 ms.
TpTrace Verbose: 0 : 12300, 13, 2023/11/25, 15:15:35.783, 13776298745, vstest.console.dll, TcpClientExtensions.MessageLoopAsync: NotifyDataAvailable remoteEndPoint: 127.0.0.1:52178 localEndPoint: 127.0.0.1:52177
TpTrace Verbose: 0 : 12300, 13, 2023/11/25, 15:15:35.784, 13776301831, vstest.console.dll, TestRequestSender.OnExecutionMessageReceived: Received message: {"Version":5,"MessageType":"TestExecution.Completed","Payload":{"TestRunCompleteArgs":{"TestRunStatistics":{"ExecutedTests":28,"Stats":{"Passed":26,"Failed":2}},"IsCanceled":false,"IsAborted":false,"Error":null,"AttachmentSets":[],"ElapsedTimeInRunningTests":"00:00:01.0105830","Metrics":{}},"LastRunTests":{"NewTestResults":[{"TestCase":{"Id":"ca84bdab-fe1b-a903-eb7e-2c228b94131a","FullyQualifiedName":"Tests.TriangleCalculatorTests.ModelTriangle_CheckNegFuncionAdd(\"\",\"\",\"\",\"\",\"\")","DisplayName":"ModelTriangle_CheckNegFuncionAdd(\"\",\"\",\"\",\"\",\"\")","ExecutorUri":"executor://NUnit3TestExecutor","Source":"C:\\Users\\asb20\\source\\repos\\test_lab2\\test_lab2Tests\\bin\\Debug\\net6.0\\fine-code-coverage\\build-output\\test_lab2Tests.dll","CodeFilePath":null,"LineNumber":0,"Properties":[{"Key":{"Id":"NUnit.Seed","Label":"Seed","Category":"","Description":"","Attributes":0,"ValueType":"System.String"},"Value":"1812764994"}]},"Attachments":[],"Outcome":2,"ErrorMessage":"MySql.Data.MySqlClient.MySqlException : Invalid attempt to Read when reader is closed.","ErrorStackTrace":"   at MySql.Data.MySqlClient.MySqlDataReader.Throw(Exception ex)\r\n   at MySql.Data.MySqlClient.MySqlDataReader.ReadAsync(Boolean execAsync, CancellationToken cancellationToken)\r\n   at MySql.Data.MySqlClient.MySqlDataReader.Read()\r\n   at System.Data.Common.DbEnumerator.MoveNext()\r\n   at NUnit.Framework.Constraints.MsgUtils.FormatCollection(IEnumerable collection, Int64 start, Int32 max)\r\n   at NUnit.Framework.Constraints.MsgUtils.<>c__DisplayClass16_7.<.cctor>b__20(Object val)\r\n   at NUnit.Framework.Constraints.MsgUtils.<>c__DisplayClass16_8.<.cctor>b__21(Object val)\r\n   at NUnit.Framework.Constraints.MsgUtils.<>c__DisplayClass16_9.<.cctor>b__22(Object val)\r\n   at NUnit.Framework.Constraints.MsgUtils.<>c__DisplayClass16_10.<.cctor>b__23(Object val)\r\n   at NUnit.Framework.Constraints.MsgUtils.<>c__DisplayClass16_11.<.cctor>b__24(Object val)\r\n   at NUnit.Framework.Constraints.MsgUtils.<>c__DisplayClass16_12.<.cctor>b__25(Object val)\r\n   at NUnit.Framework.Internal.TestExecutionContext.<>c.<.ctor>b__7_0(Object val)\r\n   at NUnit.Framework.Constraints.MsgUtils.FormatValue(Object val)\r\n   at NUnit.Framework.Internal.TextMessageWriter.WriteExpectedLine(Object expected, Tolerance tolerance)\r\n   at NUnit.Framework.Internal.TextMessageWriter.DisplayDifferences(Object expected, Object actual, Tolerance tolerance)\r\n   at NUnit.Framework.Constraints.EqualConstraintResult.DisplayDifferences(MessageWriter writer, Object expected, Object actual, Int32 depth)\r\n   at NUnit.Framework.Constraints.EqualConstraintResult.WriteMessageTo(MessageWriter writer)\r\n   at NUnit.Framework.Assert.ReportFailure(ConstraintResult result, String message, Object[] args)\r\n   at NUnit.Framework.Assert.That[TActual](TActual actual, IResolveConstraint expression, String message, Object[] args)\r\n   at NUnit.Framework.Assert.That(TestDelegate code, IResolveConstraint constraint, String message, Object[] args)\r\n   at NUnit.Framework.Assert.That(TestDelegate code, IResolveConstraint constraint)\r\n   at Tests.TriangleCalculatorTests.ModelTriangle_CheckNegFuncionAdd(String sideA, String sideB, String sideC, String type, String error) in C:\\Users\\asb20\\source\\repos\\test_lab2\\test_lab2Tests\\TriangleCalculatorTests.cs:line 444\n","DisplayName":"ModelTriangle_CheckNegFuncionAdd(\"\",\"\",\"\",\"\",\"\")","Messages":[],"ComputerName":"ALEX","Duration":"00:00:00.0047510","StartTime":"2023-11-25T08:15:35.7419955+00:00","EndTime":"2023-11-25T08:15:35.7467462+00:00","Properties":[{"Key":{"Id":"NUnit.Seed","Label":"Seed","Category":"","Description":"","Attributes":0,"ValueType":"System.String"},"Value":"1812764994"}]}],"TestRunStatistics":{"ExecutedTests":28,"Stats":{"Passed":26,"Failed":2}},"ActiveTests":[]},"RunAttachments":[],"ExecutorUris":["executor://nunit3testexecutor/"]}}
TpTrace Verbose: 0 : 12300, 13, 2023/11/25, 15:15:35.784, 13776303470, vstest.console.dll, TestRequestSender.EndSession: Sending end session.
TpTrace Verbose: 0 : 12300, 13, 2023/11/25, 15:15:35.784, 13776305648, vstest.console.dll, ProxyOperationManager.Close: waiting for test host to exit for 100 ms
TpTrace Warning: 0 : 12300, 12, 2023/11/25, 15:15:35.826, 13776729295, vstest.console.dll, TestHostManagerCallbacks.ErrorReceivedCallback Test host standard error line: 
TpTrace Verbose: 0 : 12300, 12, 2023/11/25, 15:15:35.856, 13777028069, vstest.console.dll, TestHostProvider.ExitCallBack: Host exited starting callback.
TpTrace Information: 0 : 12300, 12, 2023/11/25, 15:15:35.857, 13777036577, vstest.console.dll, TestHostManagerCallbacks.ExitCallBack: Testhost processId: 6792 exited with exitcode: 0 error: ''
TpTrace Verbose: 0 : 12300, 12, 2023/11/25, 15:15:35.857, 13777038364, vstest.console.dll, DotnetTestHostManager.OnHostExited: invoking OnHostExited callback
TpTrace Verbose: 0 : 12300, 12, 2023/11/25, 15:15:35.857, 13777039017, vstest.console.dll, CrossPlatEngine.TestHostManagerHostExited: calling on client process exit callback.
TpTrace Information: 0 : 12300, 12, 2023/11/25, 15:15:35.857, 13777039780, vstest.console.dll, TestRequestSender.OnClientProcessExit: Test host process exited. Standard error: 
TpTrace Information: 0 : 12300, 12, 2023/11/25, 15:15:35.857, 13777040366, vstest.console.dll, SocketServer.Stop: Stop server endPoint: 127.0.0.1:52177
TpTrace Information: 0 : 12300, 12, 2023/11/25, 15:15:35.857, 13777040760, vstest.console.dll, SocketServer.Stop: Cancellation requested. Stopping message loop.
TpTrace Information: 0 : 12300, 13, 2023/11/25, 15:15:35.857, 13777040771, vstest.console.dll, SocketServer.Stop: Stop server endPoint: 127.0.0.1:52177
TpTrace Information: 0 : 12300, 13, 2023/11/25, 15:15:35.858, 13777042010, vstest.console.dll, SocketServer.Stop: Cancellation requested. Stopping message loop.
TpTrace Information: 0 : 12300, 13, 2023/11/25, 15:15:35.858, 13777042675, vstest.console.dll, Closing the connection
TpTrace Verbose: 0 : 12300, 12, 2023/11/25, 15:15:35.858, 13777042666, vstest.console.dll, MulticastDelegateUtilities.SafeInvoke: HostProviderEvents.OnHostExited: Invoking callback 1/1 for Microsoft.VisualStudio.TestPlatform.CrossPlatEngine.Client.ProxyOperationManager.TestHostManagerHostExited, took 0 ms.
TpTrace Verbose: 0 : 12300, 13, 2023/11/25, 15:15:35.858, 13777046625, vstest.console.dll, ProxyDataCollectionManager.InvokeDataCollectionServiceAction: Starting.
TpTrace Information: 0 : 12300, 13, 2023/11/25, 15:15:35.858, 13777047520, vstest.console.dll, ProxyDataCollectionManager.AfterTestRunEnd: Get attachment set and invoked data collectors processId: 10424 port: 52174
TpTrace Verbose: 0 : 12300, 13, 2023/11/25, 15:15:35.858, 13777048304, vstest.console.dll, DataCollectionRequestSender.SendAfterTestRunStartAndGetResult: Send AfterTestRunEnd message with isCancelled: False
TpTrace Verbose: 0 : 12300, 13, 2023/11/25, 15:15:35.868, 13777146687, vstest.console.dll, DataCollectionRequestSender.SendAfterTestRunStartAndGetResult: Received message: (DataCollection.AfterTestRunEndResult) -> {"MessageType":"DataCollection.AfterTestRunEndResult","Payload":{"AttachmentSets":[],"InvokedDataCollectors":[{"Uri":"datacollector://Microsoft/TestPlatform/Extensions/Blame/v1","FriendlyName":"Blame","AssemblyQualifiedName":"Microsoft.TestPlatform.Extensions.BlameDataCollector.BlameCollector, Microsoft.TestPlatform.Extensions.BlameDataCollector, Version=15.0.0.0, Culture=neutral, PublicKeyToken=b03f5f7f11d50a3a","FilePath":"C:\\Program Files\\dotnet\\sdk\\6.0.401\\Extensions\\Microsoft.TestPlatform.Extensions.BlameDataCollector.dll","HasAttachmentProcessor":false}],"Metrics":{}}}
TpTrace Warning: 0 : 12300, 9, 2023/11/25, 15:15:35.874, 13777211315, vstest.console.dll, DataCollectionLauncher.ErrorReceivedCallback datacollector standard error line: 
TpTrace Information: 0 : 12300, 13, 2023/11/25, 15:15:35.878, 13777247479, vstest.console.dll, ProxyDataCollectionManager.InvokeDataCollectionServiceAction: Completed.
TpTrace Information: 0 : 12300, 9, 2023/11/25, 15:15:35.882, 13777288685, vstest.console.dll, DataCollectionLauncher.ExitCallBack: Data collector exited with exitcode: 0 error: ''
TpTrace Verbose: 0 : 12300, 13, 2023/11/25, 15:15:35.926, 13777723882, vstest.console.dll, TestRunRequest:SendTestRunStatsChange: Starting.
TpTrace Verbose: 0 : 12300, 13, 2023/11/25, 15:15:35.926, 13777725262, vstest.console.dll, MulticastDelegateUtilities.SafeInvoke: TestRun.RunStatsChanged: Invoking callbacks was skipped because there are no subscribers.
TpTrace Information: 0 : 12300, 13, 2023/11/25, 15:15:35.926, 13777725558, vstest.console.dll, TestRunRequest:SendTestRunStatsChange: Completed.
TpTrace Verbose: 0 : 12300, 4, 2023/11/25, 15:15:35.926, 13777730116, vstest.console.dll, MulticastDelegateUtilities.SafeInvoke: InternalTestLoggerEvents.SendTestResult: Invoking callback 1/1 for Microsoft.VisualStudio.TestPlatform.CommandLine.Internal.ConsoleLogger.TestResultHandler, took 0 ms.
TpTrace Verbose: 0 : 12300, 13, 2023/11/25, 15:15:35.926, 13777730523, vstest.console.dll, ParallelProxyExecutionManager: HandlePartialRunComplete: Total completed clients = 1, Run complete = True, Run canceled: False.
TpTrace Verbose: 0 : 12300, 4, 2023/11/25, 15:15:35.941, 13777880684, vstest.console.dll, MulticastDelegateUtilities.SafeInvoke: InternalTestLoggerEvents.SendTestRunComplete: Invoking callback 1/2 for Microsoft.TestPlatform.Extensions.BlameDataCollector.BlameLogger.TestRunCompleteHandler, took 0 ms.
TpTrace Verbose: 0 : 12300, 4, 2023/11/25, 15:15:35.948, 13777944321, vstest.console.dll, MulticastDelegateUtilities.SafeInvoke: InternalTestLoggerEvents.SendTestRunComplete: Invoking callback 2/2 for Microsoft.VisualStudio.TestPlatform.CommandLine.Internal.ConsoleLogger.TestRunCompleteHandler, took 6 ms.
TpTrace Verbose: 0 : 12300, 13, 2023/11/25, 15:15:35.948, 13777948330, vstest.console.dll, TestRunRequest:TestRunComplete: Starting. IsAborted:False IsCanceled:False.
TpTrace Verbose: 0 : 12300, 13, 2023/11/25, 15:15:35.950, 13777965310, vstest.console.dll, TestLoggerManager.HandleTestRunComplete: Ignoring as the object is disposed.
TpTrace Verbose: 0 : 12300, 13, 2023/11/25, 15:15:35.950, 13777969671, vstest.console.dll, MulticastDelegateUtilities.SafeInvoke: TestRun.TestRunComplete: Invoking callback 1/2 for Microsoft.VisualStudio.TestPlatform.CommandLine.TestRunResultAggregator.TestRunCompletionHandler, took 0 ms.
TpTrace Verbose: 0 : 12300, 13, 2023/11/25, 15:15:35.950, 13777970872, vstest.console.dll, MulticastDelegateUtilities.SafeInvoke: TestRun.TestRunComplete: Invoking callback 2/2 for Microsoft.VisualStudio.TestPlatform.CommandLine.Processors.RunTestsArgumentExecutor+TestRunRequestEventsRegistrar.TestRunRequest_OnRunCompletion, took 0 ms.
TpTrace Information: 0 : 12300, 13, 2023/11/25, 15:15:35.951, 13777972658, vstest.console.dll, TestRunRequest:TestRunComplete: Completed.
TpTrace Verbose: 0 : 12300, 13, 2023/11/25, 15:15:35.951, 13777973295, vstest.console.dll, TestRequestSender.SetOperationComplete: Setting operation complete.
TpTrace Verbose: 0 : 12300, 1, 2023/11/25, 15:15:35.951, 13777973258, vstest.console.dll, TestRunRequest.Dispose: Starting.
TpTrace Information: 0 : 12300, 13, 2023/11/25, 15:15:35.951, 13777973779, vstest.console.dll, SocketServer.Stop: Stop server endPoint: 127.0.0.1:52177
TpTrace Information: 0 : 12300, 13, 2023/11/25, 15:15:35.951, 13777975693, vstest.console.dll, SocketServer.Stop: Cancellation requested. Stopping message loop.
TpTrace Information: 0 : 12300, 1, 2023/11/25, 15:15:35.951, 13777975062, vstest.console.dll, TestRunRequest.Dispose: Completed.
TpTrace Verbose: 0 : 12300, 13, 2023/11/25, 15:15:35.951, 13777976240, vstest.console.dll, MulticastDelegateUtilities.SafeInvoke: LengthPrefixCommunicationChannel: MessageReceived: Invoking callback 1/1 for Microsoft.VisualStudio.TestPlatform.CommunicationUtilities.TestRequestSender+<>c__DisplayClass31_0.<StartTestRun>b__1, took 167 ms.
TpTrace Information: 0 : 12300, 1, 2023/11/25, 15:15:35.951, 13777976971, vstest.console.dll, TestRequestManager.RunTests: run tests completed.
TpTrace Information: 0 : 12300, 13, 2023/11/25, 15:15:35.951, 13777977421, vstest.console.dll, SocketServer.PrivateStop: Stopping server endPoint: 127.0.0.1:52177 error: 
TpTrace Information: 0 : 12300, 1, 2023/11/25, 15:15:35.951, 13777978209, vstest.console.dll, RunTestsArgumentProcessor:Execute: Test run is completed.
TpTrace Verbose: 0 : 12300, 1, 2023/11/25, 15:15:35.951, 13777980593, vstest.console.dll, Executor.Execute: Exiting with exit code of 1
TpTrace Verbose: 0 : 12300, 13, 2023/11/25, 15:15:35.952, 13777982689, vstest.console.dll, LengthPrefixCommunicationChannel.Dispose: Dispose reader and writer.
TpTrace Information: 0 : 12300, 13, 2023/11/25, 15:15:35.952, 13777984242, vstest.console.dll, SocketServer.Stop: Raise disconnected event endPoint: 127.0.0.1:52177 error: 
TpTrace Verbose: 0 : 12300, 13, 2023/11/25, 15:15:35.952, 13777985044, vstest.console.dll, TestRequestSender: OnTestRunAbort: Operation is already complete. Skip error message.
TpTrace Verbose: 0 : 12300, 13, 2023/11/25, 15:15:35.952, 13777985637, vstest.console.dll, MulticastDelegateUtilities.SafeInvoke: SocketServer: ClientDisconnected: Invoking callback 1/1 for Microsoft.VisualStudio.TestPlatform.CommunicationUtilities.TestRequestSender.<InitializeCommunication>b__24_1, took 0 ms.
TpTrace Verbose: 0 : 12300, 13, 2023/11/25, 15:15:35.952, 13777986023, vstest.console.dll, TcpClientExtensions.MessageLoopAsync: exiting MessageLoopAsync remoteEndPoint: 127.0.0.1:52178 localEndPoint: 127.0.0.1:52177
